#
# A fatal error has been detected by the Java Runtime Environment:
#
#  EXCEPTION_ACCESS_VIOLATION (0xc0000005) at pc=0x0000000062f0be91, pid=521200, tid=0x000000000007fb68
#
# JRE version: Java(TM) SE Runtime Environment (8.0_92-b14) (build 1.8.0_92-b14)
# Java VM: Java HotSpot(TM) 64-Bit Server VM (25.92-b14 mixed mode windows-amd64 compressed oops)
# Problematic frame:
# V  [jvm.dll+0x15be91]
#
# Failed to write core dump. Minidumps are not enabled by default on client versions of Windows
#
# If you would like to submit a bug report, please visit:
#   http://bugreport.java.com/bugreport/crash.jsp
#

---------------  T H R E A D  ---------------

Current thread (0x000000005aa86000):  JavaThread "AWT-EventQueue-0" [_thread_in_vm, id=523112, stack(0x000000005b7f0000,0x000000005b8f0000)]

siginfo: ExceptionCode=0xc0000005, reading address 0x0000000000000000

Registers:
RAX=0x0000000000000000, RBX=0x000000005aa86000, RCX=0x000000005aa86000, RDX=0x0000000081c22be0
RSP=0x000000005b8edc20, RBP=0x0000000000000000, RSI=0x0000000000000000, RDI=0x0000000028f5c290
R8 =0x0000000000000000, R9 =0x0000000028f5c290, R10=0x0000000000000000, R11=0x0000000000000200
R12=0x0000000000000000, R13=0x00000000572e0c38, R14=0x000000005b8ee030, R15=0x000000005aa86000
RIP=0x0000000062f0be91, EFLAGS=0x0000000000010246

Top of Stack: (sp=0x000000005b8edc20)
0x000000005b8edc20:   cccccccc00000b4b 0000000000000001
0x000000005b8edc30:   000000005aa861f8 0000000062ef0b4c
0x000000005b8edc40:   000000005aa86000 000000005aa86000
0x000000005b8edc50:   000000005aa86000 000000005899f2d8
0x000000005b8edc60:   000000000000009f 00000000633adb20
0x000000005b8edc70:   000000005b8edd78 000007fee63cc261
0x000000005b8edc80:   00000000572e0c38 000000005b8edcb0
0x000000005b8edc90:   0000000020200021 cccccccccccccccc
0x000000005b8edca0:   000000005b8f0080 cccccccccccccccc
0x000000005b8edcb0:   cccccccccccccccc cccccccccccccccc
0x000000005b8edcc0:   cccccccccccccccc cccccccccccccccc
0x000000005b8edcd0:   cccccccccccccccc cccccccccccccccc
0x000000005b8edce0:   cccccccccccccccc cccccccccccccccc
0x000000005b8edcf0:   cccccccccccccccc cccccccccccccccc
0x000000005b8edd00:   cccccccccccccccc cccccccccccccccc
0x000000005b8edd10:   cccccccccccccccc cccccccccccccccc 

Instructions: (pc=0x0000000062f0be91)
0x0000000062f0be71:   00 48 83 7b 08 00 48 89 5c 24 30 48 c7 44 24 38
0x0000000062f0be81:   00 00 00 00 74 0a 48 8d 4c 24 30 e8 8f e7 11 00
0x0000000062f0be91:   4c 8b 4d 00 85 f6 0f 88 1d 01 00 00 85 ff 0f 88
0x0000000062f0bea1:   15 01 00 00 0f b6 15 05 b3 6a 00 41 b8 10 00 00 


Register to memory mapping:

RAX=0x0000000000000000 is an unknown value
RBX=0x000000005aa86000 is a thread
RCX=0x000000005aa86000 is a thread
RDX=0x0000000081c22be0 is an oop
java.lang.OutOfMemoryError 
 - klass: 'java/lang/OutOfMemoryError'
RSP=0x000000005b8edc20 is pointing into the stack for thread: 0x000000005aa86000
RBP=0x0000000000000000 is an unknown value
RSI=0x0000000000000000 is an unknown value
RDI=0x0000000028f5c290 is an unknown value
R8 =0x0000000000000000 is an unknown value
R9 =0x0000000028f5c290 is an unknown value
R10=0x0000000000000000 is an unknown value
R11=0x0000000000000200 is an unknown value
R12=0x0000000000000000 is an unknown value
R13={method} {0x00000000572e0c40} 'genTestHdrFrame' '(Lcore/FloatArrayRef;Lcore/IntRef;Lcore/IntRef;)V' in 'core/Ph'
R14=0x000000005b8ee030 is pointing into the stack for thread: 0x000000005aa86000
R15=0x000000005aa86000 is a thread


Stack: [0x000000005b7f0000,0x000000005b8f0000],  sp=0x000000005b8edc20,  free space=1015k
Native frames: (J=compiled Java code, j=interpreted, Vv=VM code, C=native code)

Java frames: (J=compiled Java code, j=interpreted, Vv=VM code)
j  core.Ph.genTestHdrFrame(Lcore/FloatArrayRef;Lcore/IntRef;Lcore/IntRef;)V+0
j  ui.Window.<init>(II)V+125
j  core.Main$1.run()V+9
j  java.awt.event.InvocationEvent.dispatch()V+47
j  java.awt.EventQueue.dispatchEventImpl(Ljava/awt/AWTEvent;Ljava/lang/Object;)V+21
j  java.awt.EventQueue.access$500(Ljava/awt/EventQueue;Ljava/awt/AWTEvent;Ljava/lang/Object;)V+3
j  java.awt.EventQueue$3.run()Ljava/lang/Void;+32
j  java.awt.EventQueue$3.run()Ljava/lang/Object;+1
v  ~StubRoutines::call_stub
j  java.security.AccessController.doPrivileged(Ljava/security/PrivilegedAction;Ljava/security/AccessControlContext;)Ljava/lang/Object;+0
j  java.security.ProtectionDomain$JavaSecurityAccessImpl.doIntersectionPrivilege(Ljava/security/PrivilegedAction;Ljava/security/AccessControlContext;Ljava/security/AccessControlContext;)Ljava/lang/Object;+18
j  java.awt.EventQueue.dispatchEvent(Ljava/awt/AWTEvent;)V+46
j  java.awt.EventDispatchThread.pumpOneEventForFilters(I)V+245
j  java.awt.EventDispatchThread.pumpEventsForFilter(ILjava/awt/Conditional;Ljava/awt/EventFilter;)V+35
j  java.awt.EventDispatchThread.pumpEventsForHierarchy(ILjava/awt/Conditional;Ljava/awt/Component;)V+11
j  java.awt.EventDispatchThread.pumpEvents(ILjava/awt/Conditional;)V+4
j  java.awt.EventDispatchThread.pumpEvents(Ljava/awt/Conditional;)V+3
j  java.awt.EventDispatchThread.run()V+9
v  ~StubRoutines::call_stub

---------------  P R O C E S S  ---------------

Java Threads: ( => current thread )
  0x0000000002088000 JavaThread "DestroyJavaVM" [_thread_blocked, id=522924, stack(0x0000000002460000,0x0000000002560000)]
=>0x000000005aa86000 JavaThread "AWT-EventQueue-0" [_thread_in_vm, id=523112, stack(0x000000005b7f0000,0x000000005b8f0000)]
  0x000000005aa81800 JavaThread "AWT-Windows" daemon [_thread_in_native, id=523016, stack(0x000000005a5d0000,0x000000005a6d0000)]
  0x000000005aa80800 JavaThread "AWT-Shutdown" [_thread_blocked, id=523012, stack(0x000000005b260000,0x000000005b360000)]
  0x000000005aa80000 JavaThread "Java2D Disposer" daemon [_thread_blocked, id=523008, stack(0x0000000059b30000,0x0000000059c30000)]
  0x0000000058a3f800 JavaThread "Service Thread" daemon [_thread_blocked, id=523044, stack(0x000000005a710000,0x000000005a810000)]
  0x00000000589b4800 JavaThread "C1 CompilerThread3" daemon [_thread_blocked, id=523036, stack(0x0000000059ef0000,0x0000000059ff0000)]
  0x00000000589b3800 JavaThread "C2 CompilerThread2" daemon [_thread_blocked, id=523032, stack(0x000000005a4c0000,0x000000005a5c0000)]
  0x00000000589aa000 JavaThread "C2 CompilerThread1" daemon [_thread_blocked, id=522956, stack(0x000000005a3b0000,0x000000005a4b0000)]
  0x00000000589a2800 JavaThread "C2 CompilerThread0" daemon [_thread_blocked, id=522952, stack(0x000000005a1c0000,0x000000005a2c0000)]
  0x00000000589a0000 JavaThread "Attach Listener" daemon [_thread_blocked, id=522948, stack(0x0000000059ff0000,0x000000005a0f0000)]
  0x000000005897e800 JavaThread "Signal Dispatcher" daemon [_thread_blocked, id=522944, stack(0x0000000059da0000,0x0000000059ea0000)]
  0x00000000578cf800 JavaThread "Finalizer" daemon [_thread_blocked, id=523024, stack(0x0000000059c30000,0x0000000059d30000)]
  0x00000000578c8800 JavaThread "Reference Handler" daemon [_thread_blocked, id=520572, stack(0x00000000598b0000,0x00000000599b0000)]

Other Threads:
  0x0000000058932800 VMThread [stack: 0x00000000599f0000,0x0000000059af0000] [id=522992]
  0x0000000058a83000 WatcherThread [stack: 0x000000005a900000,0x000000005aa00000] [id=523052]

VM state:not at safepoint (normal execution)

VM Mutex/Monitor currently owned by a thread: None

Heap:
 PSYoungGen      total 38400K, used 1996K [0x00000000d5d80000, 0x00000000da880000, 0x0000000100000000)
  eden space 33280K, 6% used [0x00000000d5d80000,0x00000000d5f733d8,0x00000000d7e00000)
  from space 5120K, 0% used [0x00000000d7e00000,0x00000000d7e00000,0x00000000d8300000)
  to   space 5120K, 0% used [0x00000000da380000,0x00000000da380000,0x00000000da880000)
 ParOldGen       total 1381888K, used 4952K [0x0000000081800000, 0x00000000d5d80000, 0x00000000d5d80000)
  object space 1381888K, 0% used [0x0000000081800000,0x0000000081cd6088,0x00000000d5d80000)
 Metaspace       used 7796K, capacity 7932K, committed 8064K, reserved 1056768K
  class space    used 938K, capacity 1025K, committed 1152K, reserved 1048576K

Card table byte_map: [0x0000000011920000,0x0000000011d20000] byte_map_base: 0x0000000011514000

Marking Bits: (ParMarkBitMap*) 0x00000000635c64f0
 Begin Bits: [0x0000000012ba0000, 0x0000000014b40000)
 End Bits:   [0x0000000014b40000, 0x0000000016ae0000)

Polling page: 0x0000000000340000

CodeCache: size=245760Kb used=1752Kb max_used=1752Kb free=244007Kb
 bounds [0x0000000002560000, 0x00000000027d0000, 0x0000000011560000]
 total_blobs=746 nmethods=331 adapters=328
 compilation: enabled

Compilation events (10 events):
Event: 1.706 Thread 0x00000000589b4800 nmethod 327 0x0000000002714150 code [0x00000000027142a0, 0x00000000027143b0]
Event: 1.706 Thread 0x00000000589b4800  326       1       java.lang.Boolean::booleanValue (5 bytes)
Event: 1.706 Thread 0x00000000589b4800 nmethod 326 0x0000000002714410 code [0x0000000002714560, 0x0000000002714670]
Event: 1.778 Thread 0x00000000589b4800  328       3       sun.awt.AWTAutoShutdown::getInstance (4 bytes)
Event: 1.778 Thread 0x00000000589b4800 nmethod 328 0x00000000027146d0 code [0x0000000002714820, 0x0000000002714950]
Event: 4.452 Thread 0x00000000589b4800  329       3       java.util.EventObject::<init> (24 bytes)
Event: 4.452 Thread 0x00000000589b4800 nmethod 329 0x00000000027149d0 code [0x0000000002714b40, 0x0000000002714e08]
Event: 4.452 Thread 0x00000000589b4800  330       3       java.util.Vector::elementData (7 bytes)
Event: 4.453 Thread 0x00000000589b4800 nmethod 330 0x0000000002714f10 code [0x0000000002715060, 0x00000000027151d0]
Event: 4.453 Thread 0x00000000589b4800  331  s    3       java.util.Vector::elementAt (48 bytes)

GC Heap History (10 events):
Event: 4.394 GC heap before
{Heap before GC invocations=1 (full 0):
 PSYoungGen      total 38400K, used 9596K [0x00000000d5d80000, 0x00000000d8800000, 0x0000000100000000)
  eden space 33280K, 28% used [0x00000000d5d80000,0x00000000d66df278,0x00000000d7e00000)
  from space 5120K, 0% used [0x00000000d8300000,0x00000000d8300000,0x00000000d8800000)
  to   space 5120K, 0% used [0x00000000d7e00000,0x00000000d7e00000,0x00000000d8300000)
 ParOldGen       total 1381888K, used 0K [0x0000000081800000, 0x00000000d5d80000, 0x00000000d5d80000)
  object space 1381888K, 0% used [0x0000000081800000,0x0000000081800000,0x00000000d5d80000)
 Metaspace       used 7802K, capacity 7942K, committed 8064K, reserved 1056768K
  class space    used 941K, capacity 1030K, committed 1152K, reserved 1048576K
Event: 4.402 GC heap after
Heap after GC invocations=1 (full 0):
 PSYoungGen      total 38400K, used 5117K [0x00000000d5d80000, 0x00000000d8800000, 0x0000000100000000)
  eden space 33280K, 0% used [0x00000000d5d80000,0x00000000d5d80000,0x00000000d7e00000)
  from space 5120K, 99% used [0x00000000d7e00000,0x00000000d82ff630,0x00000000d8300000)
  to   space 5120K, 0% used [0x00000000d8300000,0x00000000d8300000,0x00000000d8800000)
 ParOldGen       total 1381888K, used 7256K [0x0000000081800000, 0x00000000d5d80000, 0x00000000d5d80000)
  object space 1381888K, 0% used [0x0000000081800000,0x0000000081f16020,0x00000000d5d80000)
 Metaspace       used 7802K, capacity 7942K, committed 8064K, reserved 1056768K
  class space    used 941K, capacity 1030K, committed 1152K, reserved 1048576K
}
Event: 4.402 GC heap before
{Heap before GC invocations=2 (full 0):
 PSYoungGen      total 38400K, used 5117K [0x00000000d5d80000, 0x00000000d8800000, 0x0000000100000000)
  eden space 33280K, 0% used [0x00000000d5d80000,0x00000000d5d80000,0x00000000d7e00000)
  from space 5120K, 99% used [0x00000000d7e00000,0x00000000d82ff630,0x00000000d8300000)
  to   space 5120K, 0% used [0x00000000d8300000,0x00000000d8300000,0x00000000d8800000)
 ParOldGen       total 1381888K, used 7256K [0x0000000081800000, 0x00000000d5d80000, 0x00000000d5d80000)
  object space 1381888K, 0% used [0x0000000081800000,0x0000000081f16020,0x00000000d5d80000)
 Metaspace       used 7802K, capacity 7942K, committed 8064K, reserved 1056768K
  class space    used 941K, capacity 1030K, committed 1152K, reserved 1048576K
Event: 4.411 GC heap after
Heap after GC invocations=2 (full 0):
 PSYoungGen      total 38400K, used 5101K [0x00000000d5d80000, 0x00000000da880000, 0x0000000100000000)
  eden space 33280K, 0% used [0x00000000d5d80000,0x00000000d5d80000,0x00000000d7e00000)
  from space 5120K, 99% used [0x00000000d8300000,0x00000000d87fb620,0x00000000d8800000)
  to   space 5120K, 0% used [0x00000000d7e00000,0x00000000d7e00000,0x00000000d8300000)
 ParOldGen       total 1381888K, used 14488K [0x0000000081800000, 0x00000000d5d80000, 0x00000000d5d80000)
  object space 1381888K, 1% used [0x0000000081800000,0x0000000082626040,0x00000000d5d80000)
 Metaspace       used 7802K, capacity 7942K, committed 8064K, reserved 1056768K
  class space    used 941K, capacity 1030K, committed 1152K, reserved 1048576K
}
Event: 4.411 GC heap before
{Heap before GC invocations=3 (full 1):
 PSYoungGen      total 38400K, used 5101K [0x00000000d5d80000, 0x00000000da880000, 0x0000000100000000)
  eden space 33280K, 0% used [0x00000000d5d80000,0x00000000d5d80000,0x00000000d7e00000)
  from space 5120K, 99% used [0x00000000d8300000,0x00000000d87fb620,0x00000000d8800000)
  to   space 5120K, 0% used [0x00000000d7e00000,0x00000000d7e00000,0x00000000d8300000)
 ParOldGen       total 1381888K, used 14488K [0x0000000081800000, 0x00000000d5d80000, 0x00000000d5d80000)
  object space 1381888K, 1% used [0x0000000081800000,0x0000000082626040,0x00000000d5d80000)
 Metaspace       used 7802K, capacity 7942K, committed 8064K, reserved 1056768K
  class space    used 941K, capacity 1030K, committed 1152K, reserved 1048576K
Event: 4.425 GC heap after
Heap after GC invocations=3 (full 1):
 PSYoungGen      total 38400K, used 0K [0x00000000d5d80000, 0x00000000da880000, 0x0000000100000000)
  eden space 33280K, 0% used [0x00000000d5d80000,0x00000000d5d80000,0x00000000d7e00000)
  from space 5120K, 0% used [0x00000000d8300000,0x00000000d8300000,0x00000000d8800000)
  to   space 5120K, 0% used [0x00000000d7e00000,0x00000000d7e00000,0x00000000d8300000)
 ParOldGen       total 46592K, used 5071K [0x0000000081800000, 0x0000000084580000, 0x00000000d5d80000)
  object space 46592K, 10% used [0x0000000081800000,0x0000000081cf3f18,0x0000000084580000)
 Metaspace       used 7802K, capacity 7942K, committed 8064K, reserved 1056768K
  class space    used 941K, capacity 1030K, committed 1152K, reserved 1048576K
}
Event: 4.427 GC heap before
{Heap before GC invocations=4 (full 1):
 PSYoungGen      total 38400K, used 0K [0x00000000d5d80000, 0x00000000da880000, 0x0000000100000000)
  eden space 33280K, 0% used [0x00000000d5d80000,0x00000000d5d80000,0x00000000d7e00000)
  from space 5120K, 0% used [0x00000000d8300000,0x00000000d8300000,0x00000000d8800000)
  to   space 5120K, 0% used [0x00000000d7e00000,0x00000000d7e00000,0x00000000d8300000)
 ParOldGen       total 1381888K, used 5071K [0x0000000081800000, 0x00000000d5d80000, 0x00000000d5d80000)
  object space 1381888K, 0% used [0x0000000081800000,0x0000000081cf3f18,0x00000000d5d80000)
 Metaspace       used 7802K, capacity 7942K, committed 8064K, reserved 1056768K
  class space    used 941K, capacity 1030K, committed 1152K, reserved 1048576K
Event: 4.427 GC heap after
Heap after GC invocations=4 (full 1):
 PSYoungGen      total 38400K, used 0K [0x00000000d5d80000, 0x00000000da880000, 0x0000000100000000)
  eden space 33280K, 0% used [0x00000000d5d80000,0x00000000d5d80000,0x00000000d7e00000)
  from space 5120K, 0% used [0x00000000d7e00000,0x00000000d7e00000,0x00000000d8300000)
  to   space 5120K, 0% used [0x00000000da380000,0x00000000da380000,0x00000000da880000)
 ParOldGen       total 1381888K, used 5071K [0x0000000081800000, 0x00000000d5d80000, 0x00000000d5d80000)
  object space 1381888K, 0% used [0x0000000081800000,0x0000000081cf3f18,0x00000000d5d80000)
 Metaspace       used 7802K, capacity 7942K, committed 8064K, reserved 1056768K
  class space    used 941K, capacity 1030K, committed 1152K, reserved 1048576K
}
Event: 4.427 GC heap before
{Heap before GC invocations=5 (full 2):
 PSYoungGen      total 38400K, used 0K [0x00000000d5d80000, 0x00000000da880000, 0x0000000100000000)
  eden space 33280K, 0% used [0x00000000d5d80000,0x00000000d5d80000,0x00000000d7e00000)
  from space 5120K, 0% used [0x00000000d7e00000,0x00000000d7e00000,0x00000000d8300000)
  to   space 5120K, 0% used [0x00000000da380000,0x00000000da380000,0x00000000da880000)
 ParOldGen       total 1381888K, used 5071K [0x0000000081800000, 0x00000000d5d80000, 0x00000000d5d80000)
  object space 1381888K, 0% used [0x0000000081800000,0x0000000081cf3f18,0x00000000d5d80000)
 Metaspace       used 7802K, capacity 7942K, committed 8064K, reserved 1056768K
  class space    used 941K, capacity 1030K, committed 1152K, reserved 1048576K
Event: 4.450 GC heap after
Heap after GC invocations=5 (full 2):
 PSYoungGen      total 38400K, used 0K [0x00000000d5d80000, 0x00000000da880000, 0x0000000100000000)
  eden space 33280K, 0% used [0x00000000d5d80000,0x00000000d5d80000,0x00000000d7e00000)
  from space 5120K, 0% used [0x00000000d7e00000,0x00000000d7e00000,0x00000000d8300000)
  to   space 5120K, 0% used [0x00000000da380000,0x00000000da380000,0x00000000da880000)
 ParOldGen       total 62976K, used 4952K [0x0000000081800000, 0x0000000085580000, 0x00000000d5d80000)
  object space 62976K, 7% used [0x0000000081800000,0x0000000081cd6088,0x0000000085580000)
 Metaspace       used 7795K, capacity 7932K, committed 8064K, reserved 1056768K
  class space    used 938K, capacity 1025K, committed 1152K, reserved 1048576K
}

Deoptimization events (0 events):
No events

Internal exceptions (10 events):
Event: 0.141 Thread 0x0000000002088000 Exception <a 'java/security/PrivilegedActionException'> (0x00000000d5e50e18) thrown at [D:\re\workspace\8-2-build-windows-amd64-cygwin\jdk8u92\6642\hotspot\src\share\vm\prims\jvm.cpp, line 1386]
Event: 0.142 Thread 0x0000000002088000 Exception <a 'java/security/PrivilegedActionException'> (0x00000000d5e549c0) thrown at [D:\re\workspace\8-2-build-windows-amd64-cygwin\jdk8u92\6642\hotspot\src\share\vm\prims\jvm.cpp, line 1386]
Event: 0.142 Thread 0x0000000002088000 Exception <a 'java/security/PrivilegedActionException'> (0x00000000d5e54bd0) thrown at [D:\re\workspace\8-2-build-windows-amd64-cygwin\jdk8u92\6642\hotspot\src\share\vm\prims\jvm.cpp, line 1386]
Event: 0.151 Thread 0x0000000002088000 Exception <a 'java/io/FileNotFoundException'> (0x00000000d5e5ec78) thrown at [D:\re\workspace\8-2-build-windows-amd64-cygwin\jdk8u92\6642\hotspot\src\share\vm\prims\jni.cpp, line 709]
Event: 0.199 Thread 0x0000000002088000 Exception <a 'java/lang/NoSuchFieldError': method resolution failed> (0x00000000d5fd25b8) thrown at [D:\re\workspace\8-2-build-windows-amd64-cygwin\jdk8u92\6642\hotspot\src\share\vm\prims\methodHandles.cpp, line 1146]
Event: 0.201 Thread 0x0000000002088000 Exception <a 'java/lang/NoSuchFieldError': method resolution failed> (0x00000000d5fdf988) thrown at [D:\re\workspace\8-2-build-windows-amd64-cygwin\jdk8u92\6642\hotspot\src\share\vm\prims\methodHandles.cpp, line 1146]
Event: 0.510 Thread 0x000000005aa86000 Exception <a 'java/io/FileNotFoundException'> (0x00000000d617a970) thrown at [D:\re\workspace\8-2-build-windows-amd64-cygwin\jdk8u92\6642\hotspot\src\share\vm\prims\jni.cpp, line 709]
Event: 0.588 Thread 0x000000005aa86000 Exception <a 'java/io/FileNotFoundException'> (0x00000000d62d95a8) thrown at [D:\re\workspace\8-2-build-windows-amd64-cygwin\jdk8u92\6642\hotspot\src\share\vm\prims\jni.cpp, line 709]
Event: 0.589 Thread 0x000000005aa86000 Exception <a 'java/lang/NullPointerException'> (0x00000000d62d9be0) thrown at [D:\re\workspace\8-2-build-windows-amd64-cygwin\jdk8u92\6642\hotspot\src\share\vm\interpreter\linkResolver.cpp, line 1178]
Event: 4.452 Thread 0x000000005aa86000 Exception <a 'java/lang/OutOfMemoryError'> (0x0000000081c22be0) thrown at [D:\re\workspace\8-2-build-windows-amd64-cygwin\jdk8u92\6642\hotspot\src\share\vm\gc_interface/collectedHeap.inline.hpp, line 159]

Events (10 events):
Event: 0.628 loading class java/applet/Applet
Event: 0.628 loading class java/awt/Panel
Event: 0.628 loading class java/awt/Panel done
Event: 0.628 loading class java/applet/Applet done
Event: 0.629 loading class core/FloatArrayRef
Event: 0.629 loading class core/FloatArrayRef done
Event: 4.330 Executing VM operation: EnableBiasedLocking
Event: 4.330 Executing VM operation: EnableBiasedLocking done
Event: 4.394 Executing VM operation: ParallelGCFailedAllocation
Event: 4.452 Executing VM operation: ParallelGCFailedAllocation done


Dynamic libraries:
0x000000013f450000 - 0x000000013f487000 	C:\Program Files\Java\jre1.8.0_92\bin\javaw.exe
0x0000000077a30000 - 0x0000000077bda000 	C:\Windows\SYSTEM32\ntdll.dll
0x0000000077810000 - 0x000000007792f000 	C:\Windows\system32\kernel32.dll
0x000007fefda70000 - 0x000007fefdada000 	C:\Windows\system32\KERNELBASE.dll
0x000007fefebc0000 - 0x000007fefec9b000 	C:\Windows\system32\ADVAPI32.dll
0x000007feff7e0000 - 0x000007feff87f000 	C:\Windows\system32\msvcrt.dll
0x000007fefe8b0000 - 0x000007fefe8cf000 	C:\Windows\SYSTEM32\sechost.dll
0x000007feffbc0000 - 0x000007feffced000 	C:\Windows\system32\RPCRT4.dll
0x0000000077930000 - 0x0000000077a2a000 	C:\Windows\system32\USER32.dll
0x000007fefed20000 - 0x000007fefed87000 	C:\Windows\system32\GDI32.dll
0x000007feff990000 - 0x000007feff99e000 	C:\Windows\system32\LPK.dll
0x000007feffae0000 - 0x000007feffbaa000 	C:\Windows\system32\USP10.dll
0x000007fefc160000 - 0x000007fefc354000 	C:\Windows\WinSxS\amd64_microsoft.windows.common-controls_6595b64144ccf1df_6.0.7601.18837_none_fa3b1e3d17594757\COMCTL32.dll
0x000007fefeb40000 - 0x000007fefebb1000 	C:\Windows\system32\SHLWAPI.dll
0x000007feffcf0000 - 0x000007feffd1e000 	C:\Windows\system32\IMM32.DLL
0x000007feff880000 - 0x000007feff989000 	C:\Windows\system32\MSCTF.dll
0x000007fefd690000 - 0x000007fefd6c2000 	C:\Windows\system32\nvinitx.dll
0x000007fefd680000 - 0x000007fefd68c000 	C:\Windows\system32\VERSION.dll
0x00000000702a0000 - 0x00000000702a6000 	C:\Program Files\NVIDIA Corporation\CoProcManager\detoured.dll
0x000007fef4cb0000 - 0x000007fef4ce8000 	C:\Program Files\NVIDIA Corporation\CoProcManager\nvd3d9wrapx.dll
0x000007feff5a0000 - 0x000007feff777000 	C:\Windows\system32\SETUPAPI.dll
0x000007fefd940000 - 0x000007fefd976000 	C:\Windows\system32\CFGMGR32.dll
0x000007fefea60000 - 0x000007fefeb3a000 	C:\Windows\system32\OLEAUT32.dll
0x000007fefede0000 - 0x000007fefefe3000 	C:\Windows\system32\ole32.dll
0x000007fefd980000 - 0x000007fefd99a000 	C:\Windows\system32\DEVOBJ.dll
0x000007fef4c80000 - 0x000007fef4ca4000 	C:\Program Files\NVIDIA Corporation\CoProcManager\nvdxgiwrapx.dll
0x00000000791d0000 - 0x00000000792a2000 	C:\Program Files\Java\jre1.8.0_92\bin\msvcr100.dll
0x0000000062db0000 - 0x0000000063646000 	C:\Program Files\Java\jre1.8.0_92\bin\server\jvm.dll
0x000007fef85f0000 - 0x000007fef85f9000 	C:\Windows\system32\WSOCK32.dll
0x000007fefed90000 - 0x000007fefeddd000 	C:\Windows\system32\WS2_32.dll
0x000007feffbb0000 - 0x000007feffbb8000 	C:\Windows\system32\NSI.dll
0x000007fef9240000 - 0x000007fef927b000 	C:\Windows\system32\WINMM.dll
0x0000000077c00000 - 0x0000000077c07000 	C:\Windows\system32\PSAPI.DLL
0x00000000727a0000 - 0x00000000727af000 	C:\Program Files\Java\jre1.8.0_92\bin\verify.dll
0x0000000072460000 - 0x0000000072489000 	C:\Program Files\Java\jre1.8.0_92\bin\java.dll
0x00000000724f0000 - 0x0000000072506000 	C:\Program Files\Java\jre1.8.0_92\bin\zip.dll
0x000007fefdb20000 - 0x000007fefe8aa000 	C:\Windows\system32\SHELL32.dll
0x000007fefd760000 - 0x000007fefd76f000 	C:\Windows\system32\profapi.dll
0x000000006c400000 - 0x000000006c598000 	C:\Program Files\Java\jre1.8.0_92\bin\awt.dll
0x000007fefbcc0000 - 0x000007fefbd16000 	C:\Windows\system32\uxtheme.dll
0x0000000180000000 - 0x0000000180054000 	C:\Program Files (x86)\Lenovo\Onekey Theater\ActiveDetect64.dll
0x00000000003e0000 - 0x000000000040b000 	C:\Program Files (x86)\Lenovo\Onekey Theater\WindowsApiHookDll64.dll
0x000007fefb8e0000 - 0x000007fefb8f8000 	C:\Windows\system32\dwmapi.dll
0x000007fefd5b0000 - 0x000007fefd5bf000 	C:\Windows\system32\CRYPTBASE.dll
0x000007fee6580000 - 0x000007fee6806000 	C:\Users\FatCat\Desktop\Photon-v2\Photon-v2_library\Engine\Lib\Engine.dll
0x000007fef67a0000 - 0x000007fef67a3000 	C:\Windows\system32\api-ms-win-core-synch-l1-2-0.DLL
0x000007fee6320000 - 0x000007fee6578000 	C:\Users\FatCat\Desktop\Photon-v2\Photon-v2_library\JNI\JNI.dll
0x0000000069280000 - 0x00000000692c7000 	C:\Program Files\Java\jre1.8.0_92\bin\fontmanager.dll
0x000007feff9a0000 - 0x000007feffa39000 	C:\Windows\system32\CLBCatQ.DLL
0x000007fefaaf0000 - 0x000007fefac15000 	C:\Windows\system32\dbghelp.dll

VM Arguments:
jvm_args: -Djava.library.path=C:\Users\FatCat\Desktop\Photon-v2\Photon-v2_library -Dfile.encoding=MS950 
java_command: core.Main
java_class_path (initial): C:\Users\FatCat\Desktop\Photon-v2\EditorApplication\bin
Launcher Type: SUN_STANDARD

Environment Variables:
PATH=C:/Program Files/Java/jre1.8.0_92/bin/server;C:/Program Files/Java/jre1.8.0_92/bin;C:/Program Files/Java/jre1.8.0_92/lib/amd64;C:\ProgramData\Oracle\Java\javapath;D:\Program Files\Tecplot\Tecplot 360 EX 2014 R1\bin;C:\Program Files\Microsoft HPC Pack 2008 R2\Bin\;C:\Program Files (x86)\VNI\imsl\fnl600\Intel64\lib;C:\Program files\MPICH2\bin;C:\Program Files (x86)\VNI\imsl\fnl600\IA64\lib;C:\Program Files (x86)\VNI\imsl\fnl600\IA32\lib;C:\Program files\MPICH2\bin;C:\Program Files (x86)\Intel\Compiler\11.1\048\lib\Intel64;C:\Program Files (x86)\Intel\Compiler\11.1\048\lib\ia32;C:\Program Files (x86)\Intel\Compiler\11.1\048\mkl\em64t\bin;C:\cygwin64\bin;C:\cygwin64\usr\bin;C:\cygwin64\usr\local\bin;C:\cygwin64\lib;C:\cygwin64\usr\lib;C:\Program Files (x86)\Microsoft SQL Server\90\Tools\binn\;C:\Windows\System32;C:\Program Files\Common Files\Autodesk Shared\;C:\Program Files\Java\jdk1.8.0_40\bin;C:\Program Files\Git\cmd;C:\Program Files (x86)\Skype\Phone\;C:\Program Files (x86)\GtkSharp\2.12\bin;C:\Program Files\Microsoft SQL Server\110\Tools\Binn\;C:\Program Files (x86)\NVIDIA Corporation\PhysX\Common;C:\Program Files\Microsoft SQL Server\120\Tools\Binn\;C:\Program Files (x86)\Windows Kits\8.1\Windows Performance Toolkit\;C:\Program Files\Intel\WiFi\bin\;C:\Program Files\Common Files\Intel\WirelessCommon\;C:\Program Files (x86)\HDRSee;C:\Program Files\eclipse mars;
USERNAME=FatCat
OS=Windows_NT
PROCESSOR_IDENTIFIER=Intel64 Family 6 Model 58 Stepping 9, GenuineIntel



---------------  S Y S T E M  ---------------

OS: Windows 7 , 64 bit Build 7601 (6.1.7601.23543)

CPU:total 8 (4 cores per cpu, 2 threads per core) family 6 model 58 stepping 9, cmov, cx8, fxsr, mmx, sse, sse2, sse3, ssse3, sse4.1, sse4.2, popcnt, avx, aes, clmul, erms, ht, tsc, tscinvbit, tscinv

Memory: 4k page, physical 8288620k(1629456k free), swap 16575380k(6036912k free)

vm_info: Java HotSpot(TM) 64-Bit Server VM (25.92-b14) for windows-amd64 JRE (1.8.0_92-b14), built on Mar 31 2016 21:03:04 by "java_re" with MS VC++ 10.0 (VS2010)

time: Thu Oct 20 23:40:19 2016
elapsed time: 4 seconds (0d 0h 0m 4s)

