#
# A fatal error has been detected by the Java Runtime Environment:
#
#  EXCEPTION_ACCESS_VIOLATION (0xc0000005) at pc=0x000007fedf7602b4, pid=32188, tid=0x00000000000073c8
#
# JRE version: Java(TM) SE Runtime Environment (8.0_92-b14) (build 1.8.0_92-b14)
# Java VM: Java HotSpot(TM) 64-Bit Server VM (25.92-b14 mixed mode windows-amd64 compressed oops)
# Problematic frame:
# C  [Engine.dll+0x102b4]  ph::MtImportanceRenderer::render+0x1f4
#
# Failed to write core dump. Minidumps are not enabled by default on client versions of Windows
#
# If you would like to submit a bug report, please visit:
#   http://bugreport.java.com/bugreport/crash.jsp
# The crash happened outside the Java Virtual Machine in native code.
# See problematic frame for where to report the bug.
#

---------------  T H R E A D  ---------------

Current thread (0x00000000023b8000):  JavaThread "main" [_thread_in_native, id=29640, stack(0x0000000002610000,0x0000000002710000)]

siginfo: ExceptionCode=0xc0000005, reading address 0x0000000000000000

Registers:
RAX=0x0000000000000000, RBX=0x000000001a6e3ec0, RCX=0xbb52d42f682d0000, RDX=0x000007fedfaf9920
RSP=0x000000000270ef80, RBP=0x000000000270f080, RSI=0x0000000000000000, RDI=0x000000001a6ac468
R8 =0x000007fedfbfce70, R9 =0x000007fedf750000, R10=0x0000000000000000, R11=0x000000000270eda0
R12=0x000000001a6e4990, R13=0x000000001a6e3ec0, R14=0x000000001a6ac450, R15=0x0000000000000000
RIP=0x000007fedf7602b4, EFLAGS=0x0000000000010206

Top of Stack: (sp=0x000000000270ef80)
0x000000000270ef80:   000000000270efa0 0000000000000000
0x000000000270ef90:   0000000000000000 0000000000000000
0x000000000270efa0:   00000000270ba710 00000000270ba7d0
0x000000000270efb0:   00000000270ba7d0 0000000000000000
0x000000000270efc0:   00000000004c0480 0000000000000000
0x000000000270efd0:   000002d000000500 0000000000000000
0x000000000270efe0:   0000000000000000 0000000000000000
0x000000000270eff0:   0000000000000000 000000000270f1e0
0x000000000270f000:   0000000000000000 0000000000000000
0x000000000270f010:   000000000270f000 0000000000000000
0x000000000270f020:   0000000000000000 000007feee8850e0
0x000000000270f030:   00000000023b8000 00000000023b8000
0x000000000270f040:   fffffffffffffffe 0000000000000000
0x000000000270f050:   0000000000000000 0000000000000000
0x000000000270f060:   0000000000000000 000000001a6e3ec0
0x000000000270f070:   000000001a6e3f20 000000001a6e3f20 

Instructions: (pc=0x000007fedf7602b4)
0x000007fedf760294:   ff 50 20 49 8b f7 4c 8b 6d e8 41 83 7e 10 00 0f
0x000007fedf7602a4:   86 d4 00 00 00 49 8b dd 0f 1f 40 00 48 8b 45 d0
0x000007fedf7602b4:   4c 8b 0c f0 4c 8b 07 4d 03 c7 49 8b 86 80 00 00
0x000007fedf7602c4:   00 48 8b 14 f0 49 8b 86 98 00 00 00 48 8b 0c f0 


Register to memory mapping:

RAX=0x0000000000000000 is an unknown value
RBX=0x000000001a6e3ec0 is an unknown value
RCX=0xbb52d42f682d0000 is an unknown value
RDX=0x000007fedfaf9920 is an unknown value
RSP=0x000000000270ef80 is pointing into the stack for thread: 0x00000000023b8000
RBP=0x000000000270f080 is pointing into the stack for thread: 0x00000000023b8000
RSI=0x0000000000000000 is an unknown value
RDI=0x000000001a6ac468 is an unknown value
R8 =0x000007fedfbfce70 is an unknown value
R9 =0x000007fedf750000 is an unknown value
R10=0x0000000000000000 is an unknown value
R11=0x000000000270eda0 is pointing into the stack for thread: 0x00000000023b8000
R12=0x000000001a6e4990 is an unknown value
R13=0x000000001a6e3ec0 is an unknown value
R14=0x000000001a6ac450 is an unknown value
R15=0x0000000000000000 is an unknown value


Stack: [0x0000000002610000,0x0000000002710000],  sp=0x000000000270ef80,  free space=1019k
Native frames: (J=compiled Java code, j=interpreted, Vv=VM code, C=native code)
C  [Engine.dll+0x102b4]  ph::MtImportanceRenderer::render+0x1f4
C  [Engine.dll+0x8f97]  phRender+0xd7
C  0x0000000002727f54

Java frames: (J=compiled Java code, j=interpreted, Vv=VM code)
j  photonApi.Ph.phRender(JJJ)V+0
j  photonCore.PhRenderer.render(LphotonCore/PhWorld;LphotonCore/PhCamera;)V+12
j  core.Main.main([Ljava/lang/String;)V+225
v  ~StubRoutines::call_stub

---------------  P R O C E S S  ---------------

Java Threads: ( => current thread )
  0x0000000018efa800 JavaThread "Thread-2" [_thread_blocked, id=59572, stack(0x0000000020e50000,0x0000000020f50000)]
  0x000000001b54a000 JavaThread "AWT-EventQueue-0" [_thread_blocked, id=51892, stack(0x000000001c670000,0x000000001c770000)]
  0x000000001b536000 JavaThread "AWT-Windows" daemon [_thread_in_native, id=41500, stack(0x000000001c0a0000,0x000000001c1a0000)]
  0x000000001b535800 JavaThread "AWT-Shutdown" [_thread_blocked, id=22128, stack(0x000000001bf10000,0x000000001c010000)]
  0x000000001b534800 JavaThread "Java2D Disposer" daemon [_thread_blocked, id=53564, stack(0x000000001be10000,0x000000001bf10000)]
  0x0000000018cc7000 JavaThread "Service Thread" daemon [_thread_blocked, id=16884, stack(0x000000001a470000,0x000000001a570000)]
  0x0000000018c54000 JavaThread "C1 CompilerThread3" daemon [_thread_blocked, id=57080, stack(0x000000001a7e0000,0x000000001a8e0000)]
  0x0000000018c33800 JavaThread "C2 CompilerThread2" daemon [_thread_blocked, id=60624, stack(0x000000001a5a0000,0x000000001a6a0000)]
  0x0000000018c2a000 JavaThread "C2 CompilerThread1" daemon [_thread_blocked, id=44888, stack(0x000000001a320000,0x000000001a420000)]
  0x0000000018c22800 JavaThread "C2 CompilerThread0" daemon [_thread_blocked, id=26560, stack(0x000000001a200000,0x000000001a300000)]
  0x0000000018c20000 JavaThread "Attach Listener" daemon [_thread_blocked, id=49628, stack(0x0000000019dd0000,0x0000000019ed0000)]
  0x0000000018bfe800 JavaThread "Signal Dispatcher" daemon [_thread_blocked, id=34152, stack(0x000000001a060000,0x000000001a160000)]
  0x0000000017b4f800 JavaThread "Finalizer" daemon [_thread_blocked, id=69980, stack(0x0000000019f40000,0x000000001a040000)]
  0x0000000017b48000 JavaThread "Reference Handler" daemon [_thread_blocked, id=5716, stack(0x0000000019bc0000,0x0000000019cc0000)]
=>0x00000000023b8000 JavaThread "main" [_thread_in_native, id=29640, stack(0x0000000002610000,0x0000000002710000)]

Other Threads:
  0x0000000018bb2800 VMThread [stack: 0x0000000019cd0000,0x0000000019dd0000] [id=8108]
  0x0000000018d27800 WatcherThread [stack: 0x000000001aa50000,0x000000001ab50000] [id=41256]

VM state:not at safepoint (normal execution)

VM Mutex/Monitor currently owned by a thread: None

Heap:
 PSYoungGen      total 38400K, used 12163K [0x00000000d5d80000, 0x00000000d8800000, 0x0000000100000000)
  eden space 33280K, 36% used [0x00000000d5d80000,0x00000000d6960c60,0x00000000d7e00000)
  from space 5120K, 0% used [0x00000000d8300000,0x00000000d8300000,0x00000000d8800000)
  to   space 5120K, 0% used [0x00000000d7e00000,0x00000000d7e00000,0x00000000d8300000)
 ParOldGen       total 87552K, used 0K [0x0000000081800000, 0x0000000086d80000, 0x00000000d5d80000)
  object space 87552K, 0% used [0x0000000081800000,0x0000000081800000,0x0000000086d80000)
 Metaspace       used 10685K, capacity 10918K, committed 11008K, reserved 1058816K
  class space    used 1395K, capacity 1484K, committed 1536K, reserved 1048576K

Card table byte_map: [0x0000000011ad0000,0x0000000011ed0000] byte_map_base: 0x00000000116c4000

Marking Bits: (ParMarkBitMap*) 0x0000000070b764f0
 Begin Bits: [0x0000000012e20000, 0x0000000014dc0000)
 End Bits:   [0x0000000014dc0000, 0x0000000016d60000)

Polling page: 0x0000000000150000

CodeCache: size=245760Kb used=2309Kb max_used=2309Kb free=243450Kb
 bounds [0x0000000002710000, 0x0000000002980000, 0x0000000011710000]
 total_blobs=1106 nmethods=626 adapters=393
 compilation: enabled

Compilation events (10 events):
Event: 10.572 Thread 0x0000000018c54000  622       3       java.awt.Component::isShowing (38 bytes)
Event: 10.572 Thread 0x0000000018c54000 nmethod 622 0x0000000002950110 code [0x0000000002950280, 0x00000000029505c8]
Event: 10.572 Thread 0x0000000018c54000  623       1       sun.java2d.SurfaceData::isValid (5 bytes)
Event: 10.572 Thread 0x0000000018c54000 nmethod 623 0x0000000002950690 code [0x00000000029507e0, 0x00000000029508f0]
Event: 10.986 Thread 0x0000000018c54000  624       3       java.awt.AWTEvent::<init> (81 bytes)
Event: 10.986 Thread 0x0000000018c54000 nmethod 624 0x0000000002950950 code [0x0000000002950b00, 0x0000000002951148]
Event: 10.986 Thread 0x0000000018c54000  625       3       java.awt.EventQueue::getNextEventPrivate (76 bytes)
Event: 10.987 Thread 0x0000000018c54000 nmethod 625 0x0000000002951450 code [0x00000000029515e0, 0x0000000002951928]
Event: 11.066 Thread 0x0000000018c54000  626       3       java.util.concurrent.locks.AbstractQueuedSynchronizer::compareAndSetWaitStatus (13 bytes)
Event: 11.067 Thread 0x0000000018c54000 nmethod 626 0x0000000002951ad0 code [0x0000000002951c20, 0x0000000002951d70]

GC Heap History (0 events):
No events

Deoptimization events (5 events):
Event: 0.537 Thread 0x000000001b54a000 Uncommon trap: reason=class_check action=maybe_recompile pc=0x000000000288ac28 method=java.lang.String.equals(Ljava/lang/Object;)Z @ 8
Event: 0.537 Thread 0x000000001b54a000 Uncommon trap: reason=class_check action=maybe_recompile pc=0x000000000288ac28 method=java.lang.String.equals(Ljava/lang/Object;)Z @ 8
Event: 0.537 Thread 0x000000001b54a000 Uncommon trap: reason=class_check action=maybe_recompile pc=0x000000000288ac28 method=java.lang.String.equals(Ljava/lang/Object;)Z @ 8
Event: 0.537 Thread 0x000000001b54a000 Uncommon trap: reason=class_check action=maybe_recompile pc=0x000000000288ac28 method=java.lang.String.equals(Ljava/lang/Object;)Z @ 8
Event: 0.706 Thread 0x000000001b54a000 Uncommon trap: reason=unstable_if action=reinterpret pc=0x00000000028f7b00 method=java.lang.CharacterData.of(I)Ljava/lang/CharacterData; @ 4

Internal exceptions (10 events):
Event: 0.207 Thread 0x00000000023b8000 Exception <a 'java/security/PrivilegedActionException'> (0x00000000d5e5c860) thrown at [D:\re\workspace\8-2-build-windows-amd64-cygwin\jdk8u92\6642\hotspot\src\share\vm\prims\jvm.cpp, line 1386]
Event: 0.207 Thread 0x00000000023b8000 Exception <a 'java/security/PrivilegedActionException'> (0x00000000d5e5ca70) thrown at [D:\re\workspace\8-2-build-windows-amd64-cygwin\jdk8u92\6642\hotspot\src\share\vm\prims\jvm.cpp, line 1386]
Event: 0.207 Thread 0x00000000023b8000 Exception <a 'java/security/PrivilegedActionException'> (0x00000000d5e60618) thrown at [D:\re\workspace\8-2-build-windows-amd64-cygwin\jdk8u92\6642\hotspot\src\share\vm\prims\jvm.cpp, line 1386]
Event: 0.207 Thread 0x00000000023b8000 Exception <a 'java/security/PrivilegedActionException'> (0x00000000d5e60828) thrown at [D:\re\workspace\8-2-build-windows-amd64-cygwin\jdk8u92\6642\hotspot\src\share\vm\prims\jvm.cpp, line 1386]
Event: 0.226 Thread 0x00000000023b8000 Exception <a 'java/io/FileNotFoundException'> (0x00000000d5e6a428) thrown at [D:\re\workspace\8-2-build-windows-amd64-cygwin\jdk8u92\6642\hotspot\src\share\vm\prims\jni.cpp, line 709]
Event: 0.267 Thread 0x00000000023b8000 Exception <a 'java/lang/NoSuchFieldError': method resolution failed> (0x00000000d5fddfb8) thrown at [D:\re\workspace\8-2-build-windows-amd64-cygwin\jdk8u92\6642\hotspot\src\share\vm\prims\methodHandles.cpp, line 1146]
Event: 0.269 Thread 0x00000000023b8000 Exception <a 'java/lang/NoSuchFieldError': method resolution failed> (0x00000000d5feb388) thrown at [D:\re\workspace\8-2-build-windows-amd64-cygwin\jdk8u92\6642\hotspot\src\share\vm\prims\methodHandles.cpp, line 1146]
Event: 0.355 Thread 0x000000001b54a000 Exception <a 'java/io/FileNotFoundException'> (0x00000000d617efb8) thrown at [D:\re\workspace\8-2-build-windows-amd64-cygwin\jdk8u92\6642\hotspot\src\share\vm\prims\jni.cpp, line 709]
Event: 0.453 Thread 0x000000001b54a000 Exception <a 'java/io/FileNotFoundException'> (0x00000000d6237980) thrown at [D:\re\workspace\8-2-build-windows-amd64-cygwin\jdk8u92\6642\hotspot\src\share\vm\prims\jni.cpp, line 709]
Event: 0.453 Thread 0x000000001b54a000 Exception <a 'java/lang/NullPointerException'> (0x00000000d6237fb8) thrown at [D:\re\workspace\8-2-build-windows-amd64-cygwin\jdk8u92\6642\hotspot\src\share\vm\interpreter\linkResolver.cpp, line 1178]

Events (10 events):
Event: 0.901 loading class java/util/concurrent/locks/LockSupport done
Event: 3.531 loading class java/awt/LightweightDispatcher$2
Event: 3.531 loading class java/awt/LightweightDispatcher$2 done
Event: 4.294 Executing VM operation: EnableBiasedLocking
Event: 4.294 Executing VM operation: EnableBiasedLocking done
Event: 17.955 loading class core/Main$2
Event: 17.955 loading class core/Main$2 done
Event: 17.956 Thread 0x0000000018efa800 Thread added: 0x0000000018efa800
Event: 17.956 loading class photonApi/FloatRef
Event: 17.956 loading class photonApi/FloatRef done


Dynamic libraries:
0x000000013fd80000 - 0x000000013fdb7000 	C:\Program Files\Java\jre1.8.0_92\bin\javaw.exe
0x0000000077940000 - 0x0000000077aea000 	C:\Windows\SYSTEM32\ntdll.dll
0x0000000077720000 - 0x000000007783f000 	C:\Windows\system32\kernel32.dll
0x000007fefd870000 - 0x000007fefd8da000 	C:\Windows\system32\KERNELBASE.dll
0x000007fefec20000 - 0x000007fefecfb000 	C:\Windows\system32\ADVAPI32.dll
0x000007fefe9f0000 - 0x000007fefea8f000 	C:\Windows\system32\msvcrt.dll
0x000007fefe8c0000 - 0x000007fefe8df000 	C:\Windows\SYSTEM32\sechost.dll
0x000007fefe220000 - 0x000007fefe34d000 	C:\Windows\system32\RPCRT4.dll
0x0000000077840000 - 0x000000007793a000 	C:\Windows\system32\USER32.dll
0x000007fefe850000 - 0x000007fefe8b7000 	C:\Windows\system32\GDI32.dll
0x000007feffc40000 - 0x000007feffc4e000 	C:\Windows\system32\LPK.dll
0x000007fefed00000 - 0x000007fefedca000 	C:\Windows\system32\USP10.dll
0x000007fefc070000 - 0x000007fefc264000 	C:\Windows\WinSxS\amd64_microsoft.windows.common-controls_6595b64144ccf1df_6.0.7601.18837_none_fa3b1e3d17594757\COMCTL32.dll
0x000007fefdd10000 - 0x000007fefdd81000 	C:\Windows\system32\SHLWAPI.dll
0x000007fefdfc0000 - 0x000007fefdfee000 	C:\Windows\system32\IMM32.DLL
0x000007fefe8e0000 - 0x000007fefe9e9000 	C:\Windows\system32\MSCTF.dll
0x000007fefd5a0000 - 0x000007fefd5d2000 	C:\Windows\system32\nvinitx.dll
0x000007fefd590000 - 0x000007fefd59c000 	C:\Windows\system32\VERSION.dll
0x0000000073500000 - 0x0000000073506000 	C:\Program Files\NVIDIA Corporation\CoProcManager\detoured.dll
0x000007fef5c40000 - 0x000007fef5c78000 	C:\Program Files\NVIDIA Corporation\CoProcManager\nvd3d9wrapx.dll
0x000007fefe040000 - 0x000007fefe217000 	C:\Windows\system32\SETUPAPI.dll
0x000007fefd9f0000 - 0x000007fefda26000 	C:\Windows\system32\CFGMGR32.dll
0x000007feffb60000 - 0x000007feffc3a000 	C:\Windows\system32\OLEAUT32.dll
0x000007fefddb0000 - 0x000007fefdfb3000 	C:\Windows\system32\ole32.dll
0x000007fefd8e0000 - 0x000007fefd8fa000 	C:\Windows\system32\DEVOBJ.dll
0x000007fef5c00000 - 0x000007fef5c24000 	C:\Program Files\NVIDIA Corporation\CoProcManager\nvdxgiwrapx.dll
0x0000000055530000 - 0x0000000055602000 	C:\Program Files\Java\jre1.8.0_92\bin\msvcr100.dll
0x0000000070360000 - 0x0000000070bf6000 	C:\Program Files\Java\jre1.8.0_92\bin\server\jvm.dll
0x000007fef82b0000 - 0x000007fef82b9000 	C:\Windows\system32\WSOCK32.dll
0x000007fefdff0000 - 0x000007fefe03d000 	C:\Windows\system32\WS2_32.dll
0x000007fefea90000 - 0x000007fefea98000 	C:\Windows\system32\NSI.dll
0x000007fef9180000 - 0x000007fef91bb000 	C:\Windows\system32\WINMM.dll
0x0000000077b00000 - 0x0000000077b07000 	C:\Windows\system32\PSAPI.DLL
0x0000000000140000 - 0x000000000014f000 	C:\Program Files\Java\jre1.8.0_92\bin\verify.dll
0x000000006d460000 - 0x000000006d489000 	C:\Program Files\Java\jre1.8.0_92\bin\java.dll
0x0000000070db0000 - 0x0000000070dc6000 	C:\Program Files\Java\jre1.8.0_92\bin\zip.dll
0x000007fefedd0000 - 0x000007feffb5a000 	C:\Windows\system32\SHELL32.dll
0x000007fefd670000 - 0x000007fefd67f000 	C:\Windows\system32\profapi.dll
0x000007fedf750000 - 0x000007fedfc31000 	C:\Users\FatCat\Desktop\Photon-v2\Photon-v2_library\Engine\Lib\Engine.dll
0x000007fefb310000 - 0x000007fefb313000 	C:\Windows\system32\api-ms-win-core-synch-l1-2-0.DLL
0x000007feee880000 - 0x000007feee8be000 	C:\Users\FatCat\Desktop\Photon-v2\Photon-v2_library\JNI\JNI.dll
0x0000000051210000 - 0x00000000513a8000 	C:\Program Files\Java\jre1.8.0_92\bin\awt.dll
0x000007fefbaf0000 - 0x000007fefbb46000 	C:\Windows\system32\uxtheme.dll
0x0000000180000000 - 0x0000000180054000 	C:\Program Files (x86)\Lenovo\Onekey Theater\ActiveDetect64.dll
0x0000000002460000 - 0x000000000248b000 	C:\Program Files (x86)\Lenovo\Onekey Theater\WindowsApiHookDll64.dll
0x000007fefbb70000 - 0x000007fefbb88000 	C:\Windows\system32\dwmapi.dll
0x000007fefd460000 - 0x000007fefd46f000 	C:\Windows\system32\CRYPTBASE.dll
0x000000006ce10000 - 0x000000006ce57000 	C:\Program Files\Java\jre1.8.0_92\bin\fontmanager.dll
0x000007fefeb80000 - 0x000007fefec19000 	C:\Windows\system32\CLBCatQ.DLL
0x000007fefb620000 - 0x000007fefb781000 	C:\Windows\system32\WindowsCodecs.dll
0x000007fefd510000 - 0x000007fefd567000 	C:\Windows\system32\apphelp.dll
0x000007fef4220000 - 0x000007fef4255000 	C:\Windows\system32\EhStorShell.dll
0x000007fefbde0000 - 0x000007fefbf0c000 	C:\Windows\system32\PROPSYS.dll
0x000007fef3bb0000 - 0x000007fef421f000 	C:\PROGRA~1\MICROS~1\Office14\GROOVEEX.DLL
0x00000000740a0000 - 0x0000000074143000 	C:\Windows\WinSxS\amd64_microsoft.vc90.crt_1fc8b3b9a1e18e3b_9.0.30729.6161_none_08e61857a83bc251\MSVCR90.dll
0x0000000073fc0000 - 0x0000000074093000 	C:\Windows\WinSxS\amd64_microsoft.vc90.crt_1fc8b3b9a1e18e3b_9.0.30729.6161_none_08e61857a83bc251\MSVCP90.dll
0x000000006fd50000 - 0x000000006fd7f000 	C:\Windows\WinSxS\amd64_microsoft.vc90.atl_1fc8b3b9a1e18e3b_9.0.30729.6161_none_0a1fd3a3a768b895\ATL90.DLL
0x000007fef3790000 - 0x000007fef3baa000 	C:\PROGRA~1\COMMON~1\MICROS~1\OFFICE14\Cultures\office.odf
0x000007fef2f70000 - 0x000007fef3782000 	C:\PROGRA~1\MICROS~1\Office14\1028\GrooveIntlResource.dll
0x000007fef2ef0000 - 0x000007fef2f6e000 	C:\Windows\System32\cscui.dll
0x000007fef2ee0000 - 0x000007fef2eec000 	C:\Windows\System32\CSCDLL.dll
0x000007fef7770000 - 0x000007fef777f000 	C:\Windows\system32\CSCAPI.dll
0x000007fef2e60000 - 0x000007fef2ee0000 	C:\Windows\system32\ntshrui.dll
0x000007fefd0e0000 - 0x000007fefd103000 	C:\Windows\system32\srvcli.dll
0x000007fefaa60000 - 0x000007fefaa6b000 	C:\Windows\system32\slc.dll
0x000000006f600000 - 0x000000006f61a000 	C:\Program Files\Java\jre1.8.0_92\bin\net.dll
0x000007fefcdc0000 - 0x000007fefce15000 	C:\Windows\system32\mswsock.dll
0x000007fefd020000 - 0x000007fefd027000 	C:\Windows\System32\wship6.dll
0x0000000070000000 - 0x0000000070011000 	C:\Program Files\Java\jre1.8.0_92\bin\nio.dll
0x0000000061970000 - 0x00000000619b2000 	C:\Program Files\Java\jre1.8.0_92\bin\t2k.dll
0x000007fefa930000 - 0x000007fefaa55000 	C:\Windows\system32\dbghelp.dll

VM Arguments:
jvm_args: -Djava.library.path=C:\Users\FatCat\Desktop\Photon-v2\Photon-v2_library -Dfile.encoding=MS950 
java_command: core.Main
java_class_path (initial): C:\Users\FatCat\Desktop\Photon-v2\EditorApplication\bin
Launcher Type: SUN_STANDARD

Environment Variables:
PATH=C:/Program Files/Java/jre1.8.0_92/bin/server;C:/Program Files/Java/jre1.8.0_92/bin;C:/Program Files/Java/jre1.8.0_92/lib/amd64;C:\ProgramData\Oracle\Java\javapath;D:\Program Files\Tecplot\Tecplot 360 EX 2014 R1\bin;C:\Program Files\Microsoft HPC Pack 2008 R2\Bin\;C:\Program Files (x86)\VNI\imsl\fnl600\Intel64\lib;C:\Program files\MPICH2\bin;C:\Program Files (x86)\VNI\imsl\fnl600\IA64\lib;C:\Program Files (x86)\VNI\imsl\fnl600\IA32\lib;C:\Program files\MPICH2\bin;C:\Program Files (x86)\Intel\Compiler\11.1\048\lib\Intel64;C:\Program Files (x86)\Intel\Compiler\11.1\048\lib\ia32;C:\Program Files (x86)\Intel\Compiler\11.1\048\mkl\em64t\bin;C:\cygwin64\bin;C:\cygwin64\usr\bin;C:\cygwin64\usr\local\bin;C:\cygwin64\lib;C:\cygwin64\usr\lib;C:\Program Files (x86)\Microsoft SQL Server\90\Tools\binn\;C:\Windows\System32;C:\Program Files\Common Files\Autodesk Shared\;C:\Program Files\Java\jdk1.8.0_40\bin;C:\Program Files\Git\cmd;C:\Program Files (x86)\Skype\Phone\;C:\Program Files (x86)\GtkSharp\2.12\bin;C:\Program Files\Microsoft SQL Server\110\Tools\Binn\;C:\Program Files (x86)\NVIDIA Corporation\PhysX\Common;C:\Program Files\Microsoft SQL Server\120\Tools\Binn\;C:\Program Files (x86)\Windows Kits\8.1\Windows Performance Toolkit\;C:\Program Files\Intel\WiFi\bin\;C:\Program Files\Common Files\Intel\WirelessCommon\;C:\Program Files (x86)\HDRSee;C:\Program Files\eclipse mars;
USERNAME=FatCat
OS=Windows_NT
PROCESSOR_IDENTIFIER=Intel64 Family 6 Model 58 Stepping 9, GenuineIntel



---------------  S Y S T E M  ---------------

OS: Windows 7 , 64 bit Build 7601 (6.1.7601.23572)

CPU:total 8 (4 cores per cpu, 2 threads per core) family 6 model 58 stepping 9, cmov, cx8, fxsr, mmx, sse, sse2, sse3, ssse3, sse4.1, sse4.2, popcnt, avx, aes, clmul, erms, ht, tsc, tscinvbit, tscinv

Memory: 4k page, physical 8288620k(3705184k free), swap 16575380k(6306756k free)

vm_info: Java HotSpot(TM) 64-Bit Server VM (25.92-b14) for windows-amd64 JRE (1.8.0_92-b14), built on Mar 31 2016 21:03:04 by "java_re" with MS VC++ 10.0 (VS2010)

time: Tue Jan 17 14:30:45 2017
elapsed time: 18 seconds (0d 0h 0m 18s)

