#
# A fatal error has been detected by the Java Runtime Environment:
#
#  EXCEPTION_ACCESS_VIOLATION (0xc0000005) at pc=0x000007fee2516030, pid=8152, tid=0x0000000000001bbc
#
# JRE version: Java(TM) SE Runtime Environment (8.0_92-b14) (build 1.8.0_92-b14)
# Java VM: Java HotSpot(TM) 64-Bit Server VM (25.92-b14 mixed mode windows-amd64 compressed oops)
# Problematic frame:
# C  [Engine.dll+0x26030]  ph::Renderer::render+0x1e0
#
# Failed to write core dump. Minidumps are not enabled by default on client versions of Windows
#
# If you would like to submit a bug report, please visit:
#   http://bugreport.java.com/bugreport/crash.jsp
# The crash happened outside the Java Virtual Machine in native code.
# See problematic frame for where to report the bug.
#

---------------  T H R E A D  ---------------

Current thread (0x000000005aaaa000):  JavaThread "JavaFX Application Thread" [_thread_in_native, id=7100, stack(0x000000005b790000,0x000000005b890000)]

siginfo: ExceptionCode=0xc0000005, reading address 0x000000000000000c

Registers:
RAX=0x000000005b88bfa8, RBX=0x0000000000000000, RCX=0x000000005dd87750, RDX=0x0000000000000000
RSP=0x000000005b88be30, RBP=0x000000005b88bf30, RSI=0x000000005da5c440, RDI=0x0000000000000000
R8 =0x000000005dd87700, R9 =0x000000005dd87710, R10=0x0000000000000000, R11=0x000000005b88bfe0
R12=0x0000000000000000, R13=0x0000000000000000, R14=0x000000005da5c438, R15=0x0000000000000000
RIP=0x000007fee2516030, EFLAGS=0x0000000000010202

Top of Stack: (sp=0x000000005b88be30)
0x000000005b88be30:   0000000000000000 000000005da5c440
0x000000005b88be40:   00000000ffffffff 000000005da5c440
0x000000005b88be50:   0000000000000000 000000000000000f
0x000000005b88be60:   0000000000000000 0000000000000000
0x000000005b88be70:   000000005da5c378 000000000000000f
0x000000005b88be80:   000000005b88bd00 0000000000000000
0x000000005b88be90:   0000000000000000 000000000000000f
0x000000005b88bea0:   fffffffffffffffe 0000000000000000
0x000000005b88beb0:   0000000000000000 0000000000000000
0x000000005b88bec0:   0000000000000000 0000000000000000
0x000000005b88bed0:   0000000000000000 0000000000000000
0x000000005b88bee0:   0000000000000000 0000000000000001
0x000000005b88bef0:   0000000000000400 000000005b88bf08
0x000000005b88bf00:   0000000000000000 fffffffffffffffe
0x000000005b88bf10:   0000000000000000 0000000000000000
0x000000005b88bf20:   0000000000000000 0000000000000000 

Instructions: (pc=0x000007fee2516030)
0x000007fee2516010:   48 89 85 88 00 00 00 41 8b 16 48 8d 4d 78 e8 3d
0x000007fee2516020:   0a 00 00 90 0f 57 c0 f3 0f 7f 45 58 48 89 5d 68
0x000007fee2516030:   41 8b 45 0c 41 8b 4d 08 48 8d 3d d9 16 3b 00 48
0x000007fee2516040:   89 7c 24 60 89 4c 24 68 89 44 24 6c 0f 11 45 30 


Register to memory mapping:

RAX=0x000000005b88bfa8 is pointing into the stack for thread: 0x000000005aaaa000
RBX=0x0000000000000000 is an unknown value
RCX=0x000000005dd87750 is an unknown value
RDX=0x0000000000000000 is an unknown value
RSP=0x000000005b88be30 is pointing into the stack for thread: 0x000000005aaaa000
RBP=0x000000005b88bf30 is pointing into the stack for thread: 0x000000005aaaa000
RSI=0x000000005da5c440 is an unknown value
RDI=0x0000000000000000 is an unknown value
R8 =0x000000005dd87700 is an unknown value
R9 =0x000000005dd87710 is an unknown value
R10=0x0000000000000000 is an unknown value
R11=0x000000005b88bfe0 is pointing into the stack for thread: 0x000000005aaaa000
R12=0x0000000000000000 is an unknown value
R13=0x0000000000000000 is an unknown value
R14=0x000000005da5c438 is an unknown value
R15=0x0000000000000000 is an unknown value


Stack: [0x000000005b790000,0x000000005b890000],  sp=0x000000005b88be30,  free space=1007k
Native frames: (J=compiled Java code, j=interpreted, Vv=VM code, C=native code)
C  [Engine.dll+0x26030]  ph::Renderer::render+0x1e0
C  [Engine.dll+0x1bee7]  phRender+0x37
C  0x00000000025b7f34

Java frames: (J=compiled Java code, j=interpreted, Vv=VM code)
j  photonApi.Ph.phRender(J)V+0
j  photonCore.PhEngine.render()V+4
j  app.EngineTaskController.renderScene()V+13
j  app.EngineTaskController.startRenderingBtnClicked(Ljavafx/scene/input/MouseEvent;)V+5
v  ~StubRoutines::call_stub
j  sun.reflect.NativeMethodAccessorImpl.invoke0(Ljava/lang/reflect/Method;Ljava/lang/Object;[Ljava/lang/Object;)Ljava/lang/Object;+0
j  sun.reflect.NativeMethodAccessorImpl.invoke(Ljava/lang/Object;[Ljava/lang/Object;)Ljava/lang/Object;+100
J 1031 C1 sun.reflect.DelegatingMethodAccessorImpl.invoke(Ljava/lang/Object;[Ljava/lang/Object;)Ljava/lang/Object; (10 bytes) @ 0x0000000002935e04 [0x0000000002935d00+0x104]
J 1030 C1 java.lang.reflect.Method.invoke(Ljava/lang/Object;[Ljava/lang/Object;)Ljava/lang/Object; (62 bytes) @ 0x0000000002939ba4 [0x00000000029397c0+0x3e4]
j  sun.reflect.misc.Trampoline.invoke(Ljava/lang/reflect/Method;Ljava/lang/Object;[Ljava/lang/Object;)Ljava/lang/Object;+7
j  sun.reflect.GeneratedMethodAccessor1.invoke(Ljava/lang/Object;[Ljava/lang/Object;)Ljava/lang/Object;+40
J 1031 C1 sun.reflect.DelegatingMethodAccessorImpl.invoke(Ljava/lang/Object;[Ljava/lang/Object;)Ljava/lang/Object; (10 bytes) @ 0x0000000002935e04 [0x0000000002935d00+0x104]
J 1030 C1 java.lang.reflect.Method.invoke(Ljava/lang/Object;[Ljava/lang/Object;)Ljava/lang/Object; (62 bytes) @ 0x0000000002939ba4 [0x00000000029397c0+0x3e4]
j  sun.reflect.misc.MethodUtil.invoke(Ljava/lang/reflect/Method;Ljava/lang/Object;[Ljava/lang/Object;)Ljava/lang/Object;+20
j  javafx.fxml.FXMLLoader$MethodHandler.invoke([Ljava/lang/Object;)V+19
j  javafx.fxml.FXMLLoader$ControllerMethodEventHandler.handle(Ljavafx/event/Event;)V+12
J 1623 C1 com.sun.javafx.event.CompositeEventHandler.dispatchBubblingEvent(Ljavafx/event/Event;)V (57 bytes) @ 0x0000000002aaa704 [0x0000000002aaa340+0x3c4]
J 1581 C1 com.sun.javafx.event.EventHandlerManager.dispatchBubblingEvent(Ljavafx/event/Event;)Ljavafx/event/Event; (23 bytes) @ 0x0000000002a99634 [0x0000000002a98fe0+0x654]
J 1560 C1 com.sun.javafx.event.CompositeEventDispatcher.dispatchBubblingEvent(Ljavafx/event/Event;)Ljavafx/event/Event; (35 bytes) @ 0x0000000002a8e51c [0x0000000002a8e360+0x1bc]
J 1521 C1 com.sun.javafx.event.BasicEventDispatcher.dispatchEvent(Ljavafx/event/Event;Ljavafx/event/EventDispatchChain;)Ljavafx/event/Event; (44 bytes) @ 0x0000000002a83264 [0x0000000002a82f40+0x324]
J 1461 C1 com.sun.javafx.event.EventDispatchChainImpl.dispatchEvent(Ljavafx/event/Event;)Ljavafx/event/Event; (101 bytes) @ 0x0000000002a6232c [0x0000000002a62180+0x1ac]
J 1521 C1 com.sun.javafx.event.BasicEventDispatcher.dispatchEvent(Ljavafx/event/Event;Ljavafx/event/EventDispatchChain;)Ljavafx/event/Event; (44 bytes) @ 0x0000000002a83184 [0x0000000002a82f40+0x244]
J 1461 C1 com.sun.javafx.event.EventDispatchChainImpl.dispatchEvent(Ljavafx/event/Event;)Ljavafx/event/Event; (101 bytes) @ 0x0000000002a6232c [0x0000000002a62180+0x1ac]
J 1521 C1 com.sun.javafx.event.BasicEventDispatcher.dispatchEvent(Ljavafx/event/Event;Ljavafx/event/EventDispatchChain;)Ljavafx/event/Event; (44 bytes) @ 0x0000000002a83184 [0x0000000002a82f40+0x244]
J 1461 C1 com.sun.javafx.event.EventDispatchChainImpl.dispatchEvent(Ljavafx/event/Event;)Ljavafx/event/Event; (101 bytes) @ 0x0000000002a6232c [0x0000000002a62180+0x1ac]
J 1521 C1 com.sun.javafx.event.BasicEventDispatcher.dispatchEvent(Ljavafx/event/Event;Ljavafx/event/EventDispatchChain;)Ljavafx/event/Event; (44 bytes) @ 0x0000000002a83184 [0x0000000002a82f40+0x244]
J 1461 C1 com.sun.javafx.event.EventDispatchChainImpl.dispatchEvent(Ljavafx/event/Event;)Ljavafx/event/Event; (101 bytes) @ 0x0000000002a6232c [0x0000000002a62180+0x1ac]
J 1521 C1 com.sun.javafx.event.BasicEventDispatcher.dispatchEvent(Ljavafx/event/Event;Ljavafx/event/EventDispatchChain;)Ljavafx/event/Event; (44 bytes) @ 0x0000000002a83184 [0x0000000002a82f40+0x244]
J 1461 C1 com.sun.javafx.event.EventDispatchChainImpl.dispatchEvent(Ljavafx/event/Event;)Ljavafx/event/Event; (101 bytes) @ 0x0000000002a6232c [0x0000000002a62180+0x1ac]
J 1521 C1 com.sun.javafx.event.BasicEventDispatcher.dispatchEvent(Ljavafx/event/Event;Ljavafx/event/EventDispatchChain;)Ljavafx/event/Event; (44 bytes) @ 0x0000000002a83184 [0x0000000002a82f40+0x244]
J 1461 C1 com.sun.javafx.event.EventDispatchChainImpl.dispatchEvent(Ljavafx/event/Event;)Ljavafx/event/Event; (101 bytes) @ 0x0000000002a6232c [0x0000000002a62180+0x1ac]
J 1521 C1 com.sun.javafx.event.BasicEventDispatcher.dispatchEvent(Ljavafx/event/Event;Ljavafx/event/EventDispatchChain;)Ljavafx/event/Event; (44 bytes) @ 0x0000000002a83184 [0x0000000002a82f40+0x244]
J 1461 C1 com.sun.javafx.event.EventDispatchChainImpl.dispatchEvent(Ljavafx/event/Event;)Ljavafx/event/Event; (101 bytes) @ 0x0000000002a6232c [0x0000000002a62180+0x1ac]
J 1640 C1 com.sun.javafx.event.EventUtil.fireEvent(Ljavafx/event/EventTarget;Ljavafx/event/Event;)Ljavafx/event/Event; (81 bytes) @ 0x0000000002abd6bc [0x0000000002abcfa0+0x71c]
J 1821 C1 javafx.scene.Scene$ClickGenerator.postProcess(Ljavafx/scene/input/MouseEvent;Ljavafx/scene/Scene$TargetWrapper;Ljavafx/scene/Scene$TargetWrapper;)V (258 bytes) @ 0x0000000002b478dc [0x0000000002b460c0+0x181c]
J 1671 C1 javafx.scene.Scene$MouseHandler.process(Ljavafx/scene/input/MouseEvent;Z)V (735 bytes) @ 0x0000000002ada954 [0x0000000002ad7d40+0x2c14]
J 1670 C1 javafx.scene.Scene$MouseHandler.access$1500(Ljavafx/scene/Scene$MouseHandler;Ljavafx/scene/input/MouseEvent;Z)V (7 bytes) @ 0x0000000002ad759c [0x0000000002ad7540+0x5c]
j  javafx.scene.Scene.impl_processMouseEvent(Ljavafx/scene/input/MouseEvent;)V+6
j  javafx.scene.Scene$ScenePeerListener.mouseEvent(Ljavafx/event/EventType;DDDDLjavafx/scene/input/MouseButton;ZZZZZZZZZ)V+46
J 1850 C1 com.sun.javafx.tk.quantum.GlassViewEventHandler$MouseEventNotification.run()Ljava/lang/Void; (567 bytes) @ 0x0000000002b5fbfc [0x0000000002b5eea0+0xd5c]
J 1849 C1 com.sun.javafx.tk.quantum.GlassViewEventHandler$MouseEventNotification.run()Ljava/lang/Object; (5 bytes) @ 0x0000000002b5ea7c [0x0000000002b5ea00+0x7c]
v  ~StubRoutines::call_stub
J 1587  java.security.AccessController.doPrivileged(Ljava/security/PrivilegedAction;Ljava/security/AccessControlContext;)Ljava/lang/Object; (0 bytes) @ 0x0000000002a9b666 [0x0000000002a9b600+0x66]
J 1847 C1 com.sun.javafx.tk.quantum.GlassViewEventHandler$$Lambda$183.get()Ljava/lang/Object; (8 bytes) @ 0x0000000002b5dbf4 [0x0000000002b5da20+0x1d4]
J 1655 C1 com.sun.javafx.tk.quantum.QuantumToolkit.runWithoutRenderLock(Ljava/util/function/Supplier;)Ljava/lang/Object; (49 bytes) @ 0x0000000002acd14c [0x0000000002accc20+0x52c]
J 1844 C1 com.sun.javafx.tk.quantum.GlassViewEventHandler.handleMouseEvent(Lcom/sun/glass/ui/View;JIIIIIIIZZ)V (108 bytes) @ 0x0000000002b5ca94 [0x0000000002b5c680+0x414]
J 1823 C1 com.sun.glass.ui.View.notifyMouse(IIIIIIIZZ)V (221 bytes) @ 0x0000000002b4a6bc [0x0000000002b49620+0x109c]
v  ~StubRoutines::call_stub
j  com.sun.glass.ui.win.WinApplication._runLoop(Ljava/lang/Runnable;)V+0
j  com.sun.glass.ui.win.WinApplication.lambda$null$148(ILjava/lang/Runnable;)V+8
j  com.sun.glass.ui.win.WinApplication$$Lambda$38.run()V+12
j  java.lang.Thread.run()V+11
v  ~StubRoutines::call_stub

---------------  P R O C E S S  ---------------

Java Threads: ( => current thread )
  0x000000005adc2000 JavaThread "Prism Font Disposer" daemon [_thread_blocked, id=7392, stack(0x00000000601b0000,0x00000000602b0000)]
  0x000000005aae5800 JavaThread "Thread-3" daemon [_thread_in_native, id=9632, stack(0x000000005d740000,0x000000005d840000)]
  0x000000005aafa000 JavaThread "JavaFX-Launcher" [_thread_blocked, id=4184, stack(0x000000005dfd0000,0x000000005e0d0000)]
=>0x000000005aaaa000 JavaThread "JavaFX Application Thread" [_thread_in_native, id=7100, stack(0x000000005b790000,0x000000005b890000)]
  0x000000005aaa8800 JavaThread "Thread-1" daemon [_thread_blocked, id=6344, stack(0x000000005b530000,0x000000005b630000)]
  0x000000005aa6b000 JavaThread "QuantumRenderer-0" daemon [_thread_blocked, id=9208, stack(0x000000005a6f0000,0x000000005a7f0000)]
  0x0000000058b28800 JavaThread "Service Thread" daemon [_thread_blocked, id=9920, stack(0x000000005a5f0000,0x000000005a6f0000)]
  0x0000000058a94000 JavaThread "C1 CompilerThread3" daemon [_thread_blocked, id=8260, stack(0x000000005a200000,0x000000005a300000)]
  0x0000000058a8f000 JavaThread "C2 CompilerThread2" daemon [_thread_blocked, id=4868, stack(0x000000005a3c0000,0x000000005a4c0000)]
  0x0000000058a8e000 JavaThread "C2 CompilerThread1" daemon [_thread_blocked, id=4252, stack(0x0000000059f50000,0x000000005a050000)]
  0x0000000058a7b800 JavaThread "C2 CompilerThread0" daemon [_thread_blocked, id=5088, stack(0x0000000059960000,0x0000000059a60000)]
  0x0000000058a85800 JavaThread "Attach Listener" daemon [_thread_blocked, id=5224, stack(0x000000005a100000,0x000000005a200000)]
  0x0000000058a65800 JavaThread "Signal Dispatcher" daemon [_thread_blocked, id=2792, stack(0x0000000059d20000,0x0000000059e20000)]
  0x0000000057ac6800 JavaThread "Finalizer" daemon [_thread_blocked, id=6100, stack(0x0000000059e50000,0x0000000059f50000)]
  0x0000000057abe800 JavaThread "Reference Handler" daemon [_thread_blocked, id=8324, stack(0x0000000059c00000,0x0000000059d00000)]
  0x000000000231f800 JavaThread "main" [_thread_blocked, id=7620, stack(0x00000000024a0000,0x00000000025a0000)]

Other Threads:
  0x0000000058a12800 VMThread [stack: 0x0000000059a80000,0x0000000059b80000] [id=8420]
  0x0000000058b6b800 WatcherThread [stack: 0x000000005a890000,0x000000005a990000] [id=9224]

VM state:not at safepoint (normal execution)

VM Mutex/Monitor currently owned by a thread: None

Heap:
 PSYoungGen      total 38400K, used 14188K [0x00000000d5d80000, 0x00000000d8800000, 0x0000000100000000)
  eden space 33280K, 27% used [0x00000000d5d80000,0x00000000d6663250,0x00000000d7e00000)
  from space 5120K, 99% used [0x00000000d7e00000,0x00000000d82f80e0,0x00000000d8300000)
  to   space 5120K, 0% used [0x00000000d8300000,0x00000000d8300000,0x00000000d8800000)
 ParOldGen       total 87552K, used 264K [0x0000000081800000, 0x0000000086d80000, 0x00000000d5d80000)
  object space 87552K, 0% used [0x0000000081800000,0x0000000081842010,0x0000000086d80000)
 Metaspace       used 17378K, capacity 18162K, committed 18432K, reserved 1064960K
  class space    used 2528K, capacity 2701K, committed 2816K, reserved 1048576K

Card table byte_map: [0x0000000011960000,0x0000000011d60000] byte_map_base: 0x0000000011554000

Marking Bits: (ParMarkBitMap*) 0x000000006a5a64f0
 Begin Bits: [0x0000000012d90000, 0x0000000014d30000)
 End Bits:   [0x0000000014d30000, 0x0000000016cd0000)

Polling page: 0x0000000002320000

CodeCache: size=245760Kb used=6010Kb max_used=6030Kb free=239749Kb
 bounds [0x00000000025a0000, 0x0000000002b90000, 0x00000000115a0000]
 total_blobs=2550 nmethods=1895 adapters=567
 compilation: enabled

Compilation events (10 events):
Event: 5.771 Thread 0x0000000058a94000 nmethod 1890 0x0000000002b78190 code [0x0000000002b782e0, 0x0000000002b783f0]
Event: 5.786 Thread 0x0000000058a94000 1891       3       java.util.WeakHashMap::isEmpty (13 bytes)
Event: 5.786 Thread 0x0000000058a94000 nmethod 1891 0x0000000002b78450 code [0x0000000002b785c0, 0x0000000002b788e8]
Event: 5.786 Thread 0x0000000058a94000 1892       3       java.util.WeakHashMap$HashIterator::<init> (41 bytes)
Event: 5.787 Thread 0x0000000058a94000 nmethod 1892 0x0000000002b78990 code [0x0000000002b78b20, 0x0000000002b79008]
Event: 5.845 Thread 0x0000000058a7b800 1893       4       com.sun.javafx.event.EventHandlerManager::dispatchCapturingEvent (23 bytes)
Event: 5.845 Thread 0x0000000058a94000 1894       1       com.sun.javafx.event.CompositeEventHandler$NormalEventHandlerRecord::handleCapturingEvent (1 bytes)
Event: 5.846 Thread 0x0000000058a94000 nmethod 1894 0x0000000002b79190 code [0x0000000002b792e0, 0x0000000002b793f0]
Event: 5.846 Thread 0x0000000058a94000 1895       3       javafx.beans.property.BooleanPropertyBase::fireValueChangedEvent (8 bytes)
Event: 5.846 Thread 0x0000000058a94000 nmethod 1895 0x0000000002b79450 code [0x0000000002b795c0, 0x0000000002b79868]

GC Heap History (2 events):
Event: 0.903 GC heap before
{Heap before GC invocations=1 (full 0):
 PSYoungGen      total 38400K, used 33280K [0x00000000d5d80000, 0x00000000d8800000, 0x0000000100000000)
  eden space 33280K, 100% used [0x00000000d5d80000,0x00000000d7e00000,0x00000000d7e00000)
  from space 5120K, 0% used [0x00000000d8300000,0x00000000d8300000,0x00000000d8800000)
  to   space 5120K, 0% used [0x00000000d7e00000,0x00000000d7e00000,0x00000000d8300000)
 ParOldGen       total 87552K, used 0K [0x0000000081800000, 0x0000000086d80000, 0x00000000d5d80000)
  object space 87552K, 0% used [0x0000000081800000,0x0000000081800000,0x0000000086d80000)
 Metaspace       used 15513K, capacity 16176K, committed 16256K, reserved 1062912K
  class space    used 2236K, capacity 2360K, committed 2432K, reserved 1048576K
Event: 0.909 GC heap after
Heap after GC invocations=1 (full 0):
 PSYoungGen      total 38400K, used 5088K [0x00000000d5d80000, 0x00000000d8800000, 0x0000000100000000)
  eden space 33280K, 0% used [0x00000000d5d80000,0x00000000d5d80000,0x00000000d7e00000)
  from space 5120K, 99% used [0x00000000d7e00000,0x00000000d82f80e0,0x00000000d8300000)
  to   space 5120K, 0% used [0x00000000d8300000,0x00000000d8300000,0x00000000d8800000)
 ParOldGen       total 87552K, used 264K [0x0000000081800000, 0x0000000086d80000, 0x00000000d5d80000)
  object space 87552K, 0% used [0x0000000081800000,0x0000000081842010,0x0000000086d80000)
 Metaspace       used 15513K, capacity 16176K, committed 16256K, reserved 1062912K
  class space    used 2236K, capacity 2360K, committed 2432K, reserved 1048576K
}

Deoptimization events (10 events):
Event: 0.724 Thread 0x000000005aaaa000 Uncommon trap: reason=class_check action=maybe_recompile pc=0x00000000028c9bfc method=java.util.HashMap.putVal(ILjava/lang/Object;Ljava/lang/Object;ZZ)Ljava/lang/Object; @ 203
Event: 0.724 Thread 0x000000005aaaa000 Uncommon trap: reason=class_check action=maybe_recompile pc=0x00000000028c9bfc method=java.util.HashMap.putVal(ILjava/lang/Object;Ljava/lang/Object;ZZ)Ljava/lang/Object; @ 203
Event: 0.724 Thread 0x000000005aaaa000 Uncommon trap: reason=class_check action=maybe_recompile pc=0x00000000028c7204 method=java.util.HashMap.putVal(ILjava/lang/Object;Ljava/lang/Object;ZZ)Ljava/lang/Object; @ 203
Event: 0.777 Thread 0x000000005aaaa000 Uncommon trap: reason=class_check action=maybe_recompile pc=0x00000000028f7df0 method=java.util.HashMap.putVal(ILjava/lang/Object;Ljava/lang/Object;ZZ)Ljava/lang/Object; @ 253
Event: 0.792 Thread 0x000000005aaaa000 Uncommon trap: reason=unstable_if action=reinterpret pc=0x00000000028b0750 method=java.lang.String.regionMatches(ZILjava/lang/String;II)Z @ 123
Event: 2.781 Thread 0x000000005aaaa000 Uncommon trap: reason=unstable_if action=reinterpret pc=0x00000000028aee68 method=jdk.internal.org.objectweb.asm.Type.getArgumentsAndReturnSizes(Ljava/lang/String;)I @ 47
Event: 2.794 Thread 0x000000005aaaa000 Uncommon trap: reason=class_check action=maybe_recompile pc=0x0000000002ae06b4 method=javafx.scene.Node.getGeomBounds(Lcom/sun/javafx/geom/BaseBounds;Lcom/sun/javafx/geom/transform/BaseTransform;)Lcom/sun/javafx/geom/BaseBounds; @ 1
Event: 2.794 Thread 0x000000005aaaa000 Uncommon trap: reason=class_check action=maybe_recompile pc=0x0000000002ae06b4 method=javafx.scene.Node.getGeomBounds(Lcom/sun/javafx/geom/BaseBounds;Lcom/sun/javafx/geom/transform/BaseTransform;)Lcom/sun/javafx/geom/BaseBounds; @ 1
Event: 2.795 Thread 0x000000005aaaa000 Uncommon trap: reason=unstable_if action=reinterpret pc=0x0000000002ae06e8 method=javafx.scene.Node.updateGeomBounds()V @ 4
Event: 4.708 Thread 0x000000005aaaa000 Uncommon trap: reason=unstable_if action=reinterpret pc=0x0000000002af16d8 method=javafx.scene.Node.impl_intersectsBounds(Lcom/sun/javafx/geom/PickRay;)D @ 902

Internal exceptions (10 events):
Event: 0.384 Thread 0x000000005aaaa000 Exception <a 'java/lang/NullPointerException'> (0x00000000d6aae170) thrown at [D:\re\workspace\8-2-build-windows-amd64-cygwin\jdk8u92\6642\hotspot\src\share\vm\interpreter\linkResolver.cpp, line 1178]
Event: 0.384 Thread 0x000000005aaaa000 Exception <a 'java/lang/NullPointerException'> (0x00000000d6aae170) thrown at [D:\re\workspace\8-2-build-windows-amd64-cygwin\jdk8u92\6642\hotspot\src\share\vm\prims\jvm.cpp, line 1390]
Event: 0.487 Thread 0x000000005aaaa000 Exception <a 'java/lang/ArrayIndexOutOfBoundsException'> (0x00000000d6efde18) thrown at [D:\re\workspace\8-2-build-windows-amd64-cygwin\jdk8u92\6642\hotspot\src\share\vm\runtime\sharedRuntime.cpp, line 605]
Event: 0.488 Thread 0x000000005aaaa000 Exception <a 'java/lang/ArrayIndexOutOfBoundsException'> (0x00000000d6efe930) thrown at [D:\re\workspace\8-2-build-windows-amd64-cygwin\jdk8u92\6642\hotspot\src\share\vm\runtime\sharedRuntime.cpp, line 605]
Event: 0.488 Thread 0x000000005aaaa000 Exception <a 'java/lang/ArrayIndexOutOfBoundsException'> (0x00000000d6effcd8) thrown at [D:\re\workspace\8-2-build-windows-amd64-cygwin\jdk8u92\6642\hotspot\src\share\vm\runtime\sharedRuntime.cpp, line 605]
Event: 0.506 Thread 0x000000005aaaa000 Exception <a 'java/lang/ArrayIndexOutOfBoundsException'> (0x00000000d6fab468) thrown at [D:\re\workspace\8-2-build-windows-amd64-cygwin\jdk8u92\6642\hotspot\src\share\vm\runtime\sharedRuntime.cpp, line 605]
Event: 0.506 Thread 0x000000005aaaa000 Exception <a 'java/lang/ArrayIndexOutOfBoundsException'> (0x00000000d6fad5a8) thrown at [D:\re\workspace\8-2-build-windows-amd64-cygwin\jdk8u92\6642\hotspot\src\share\vm\runtime\sharedRuntime.cpp, line 605]
Event: 0.542 Thread 0x000000005aaaa000 Implicit null exception at 0x0000000002835565 to 0x0000000002835775
Event: 0.787 Thread 0x000000005aaaa000 Exception <a 'java/lang/ArrayIndexOutOfBoundsException'> (0x00000000d792c8a8) thrown at [D:\re\workspace\8-2-build-windows-amd64-cygwin\jdk8u92\6642\hotspot\src\share\vm\runtime\sharedRuntime.cpp, line 605]
Event: 0.789 Thread 0x000000005aaaa000 Exception <a 'java/lang/ArrayIndexOutOfBoundsException'> (0x00000000d793d648) thrown at [D:\re\workspace\8-2-build-windows-amd64-cygwin\jdk8u92\6642\hotspot\src\share\vm\runtime\sharedRuntime.cpp, line 605]

Events (10 events):
Event: 2.869 loading class com/sun/glass/ui/CommonDialogs done
Event: 2.870 loading class com/sun/glass/ui/win/WinCommonDialogs
Event: 2.870 loading class com/sun/glass/ui/win/WinCommonDialogs done
Event: 4.197 Executing VM operation: EnableBiasedLocking
Event: 4.198 Executing VM operation: EnableBiasedLocking done
Event: 4.540 loading class com/sun/glass/ui/CommonDialogs$FileChooserResult
Event: 4.540 loading class com/sun/glass/ui/CommonDialogs$FileChooserResult done
Event: 4.708 Thread 0x000000005aaaa000 Uncommon trap: trap_request=0xffffff65 fr.pc=0x0000000002af16d8
Event: 4.708 Thread 0x000000005aaaa000 DEOPT PACKING pc=0x0000000002af16d8 sp=0x000000005b88ccc0
Event: 4.708 Thread 0x000000005aaaa000 DEOPT UNPACKING pc=0x00000000025e582a sp=0x000000005b88cb80 mode 2


Dynamic libraries:
0x000000013fe70000 - 0x000000013fea7000 	C:\Program Files\Java\jdk1.8.0_92\bin\javaw.exe
0x0000000077be0000 - 0x0000000077d8a000 	C:\Windows\SYSTEM32\ntdll.dll
0x0000000077ac0000 - 0x0000000077bdf000 	C:\Windows\system32\kernel32.dll
0x000007fefda20000 - 0x000007fefda8a000 	C:\Windows\system32\KERNELBASE.dll
0x000007feff9f0000 - 0x000007feffacb000 	C:\Windows\system32\ADVAPI32.dll
0x000007fefebc0000 - 0x000007fefec5f000 	C:\Windows\system32\msvcrt.dll
0x000007feffed0000 - 0x000007feffeef000 	C:\Windows\SYSTEM32\sechost.dll
0x000007fefea90000 - 0x000007fefebbd000 	C:\Windows\system32\RPCRT4.dll
0x00000000779c0000 - 0x0000000077aba000 	C:\Windows\system32\USER32.dll
0x000007fefdc90000 - 0x000007fefdcf7000 	C:\Windows\system32\GDI32.dll
0x000007feff780000 - 0x000007feff78e000 	C:\Windows\system32\LPK.dll
0x000007fefef60000 - 0x000007feff02a000 	C:\Windows\system32\USP10.dll
0x000007fefc2c0000 - 0x000007fefc4b4000 	C:\Windows\WinSxS\amd64_microsoft.windows.common-controls_6595b64144ccf1df_6.0.7601.18837_none_fa3b1e3d17594757\COMCTL32.dll
0x000007feffdb0000 - 0x000007feffe21000 	C:\Windows\system32\SHLWAPI.dll
0x000007fefec60000 - 0x000007fefec8e000 	C:\Windows\system32\IMM32.DLL
0x000007feff670000 - 0x000007feff779000 	C:\Windows\system32\MSCTF.dll
0x000007fefd800000 - 0x000007fefd832000 	C:\Windows\system32\nvinitx.dll
0x000007fefd7f0000 - 0x000007fefd7fc000 	C:\Windows\system32\VERSION.dll
0x0000000075410000 - 0x0000000075416000 	C:\Program Files\NVIDIA Corporation\CoProcManager\detoured.dll
0x000007fefada0000 - 0x000007fefadd8000 	C:\Program Files\NVIDIA Corporation\CoProcManager\nvd3d9wrapx.dll
0x000007feff790000 - 0x000007feff967000 	C:\Windows\system32\SETUPAPI.dll
0x000007fefd900000 - 0x000007fefd936000 	C:\Windows\system32\CFGMGR32.dll
0x000007feffc80000 - 0x000007feffd5a000 	C:\Windows\system32\OLEAUT32.dll
0x000007feff030000 - 0x000007feff22c000 	C:\Windows\system32\ole32.dll
0x000007fefd950000 - 0x000007fefd96a000 	C:\Windows\system32\DEVOBJ.dll
0x000007fefad70000 - 0x000007fefad94000 	C:\Program Files\NVIDIA Corporation\CoProcManager\nvdxgiwrapx.dll
0x000000006c0c0000 - 0x000000006c192000 	C:\Program Files\Java\jdk1.8.0_92\jre\bin\msvcr100.dll
0x0000000069d90000 - 0x000000006a626000 	C:\Program Files\Java\jdk1.8.0_92\jre\bin\server\jvm.dll
0x000007fef46a0000 - 0x000007fef46a9000 	C:\Windows\system32\WSOCK32.dll
0x000007feffd60000 - 0x000007feffdad000 	C:\Windows\system32\WS2_32.dll
0x000007feff5c0000 - 0x000007feff5c8000 	C:\Windows\system32\NSI.dll
0x000007fefa540000 - 0x000007fefa57b000 	C:\Windows\system32\WINMM.dll
0x0000000077db0000 - 0x0000000077db7000 	C:\Windows\system32\PSAPI.DLL
0x0000000074310000 - 0x000000007431f000 	C:\Program Files\Java\jdk1.8.0_92\jre\bin\verify.dll
0x000000006c310000 - 0x000000006c339000 	C:\Program Files\Java\jdk1.8.0_92\jre\bin\java.dll
0x000000006c0a0000 - 0x000000006c0b6000 	C:\Program Files\Java\jdk1.8.0_92\jre\bin\zip.dll
0x000007fefdd00000 - 0x000007fefea8a000 	C:\Windows\system32\SHELL32.dll
0x000007fefd8d0000 - 0x000007fefd8df000 	C:\Windows\system32\profapi.dll
0x000007fee2a00000 - 0x000007fee2aef000 	C:\Program Files\Java\jdk1.8.0_92\jre\bin\msvcr120.dll
0x000007fee4460000 - 0x000007fee4506000 	C:\Program Files\Java\jdk1.8.0_92\jre\bin\msvcp120.dll
0x000000006c070000 - 0x000000006c092000 	C:\Program Files\Java\jdk1.8.0_92\jre\bin\prism_d3d.dll
0x000007feefd80000 - 0x000007feeff7f000 	C:\Windows\system32\d3d9.dll
0x000007fefae60000 - 0x000007fefae67000 	C:\Windows\system32\d3d8thk.dll
0x000007fefbd60000 - 0x000007fefbd78000 	C:\Windows\system32\dwmapi.dll
0x000007fefda90000 - 0x000007fefdacb000 	C:\Windows\system32\WINTRUST.dll
0x000007fefdb20000 - 0x000007fefdc8d000 	C:\Windows\system32\CRYPT32.dll
0x000007fefd8e0000 - 0x000007fefd8ef000 	C:\Windows\system32\MSASN1.dll
0x000007fefbe20000 - 0x000007fefbe76000 	C:\Windows\system32\uxtheme.dll
0x000007fefa3a0000 - 0x000007fefa41f000 	C:\Windows\system32\nvumdshimx.dll
0x0000000180000000 - 0x00000001807ca000 	C:\Windows\system32\igdumd64.dll
0x000007feea0a0000 - 0x000007feeb109000 	C:\Windows\system32\nvd3dumx.dll
0x000000006c020000 - 0x000000006c063000 	C:\Program Files\Java\jdk1.8.0_92\jre\bin\glass.dll
0x000007feff5d0000 - 0x000007feff667000 	C:\Windows\system32\COMDLG32.dll
0x0000000012690000 - 0x00000000126e4000 	C:\Program Files (x86)\Lenovo\Onekey Theater\ActiveDetect64.dll
0x0000000012010000 - 0x000000001203b000 	C:\Program Files (x86)\Lenovo\Onekey Theater\WindowsApiHookDll64.dll
0x000007fefd720000 - 0x000007fefd72f000 	C:\Windows\system32\CRYPTBASE.dll
0x000007fefc1e0000 - 0x000007fefc20c000 	C:\Windows\system32\powrprof.dll
0x000007fee9610000 - 0x000007fee97c7000 	C:\Windows\system32\nvspcap64.dll
0x000007fef55e0000 - 0x000007fef5651000 	C:\Windows\system32\WINHTTP.dll
0x000007fef5570000 - 0x000007fef55d5000 	C:\Windows\system32\webio.dll
0x000007fefa580000 - 0x000007fefa950000 	C:\Windows\system32\nvapi64.dll
0x000007fefd690000 - 0x000007fefd6b5000 	C:\Windows\system32\SspiCli.dll
0x000007fee24f0000 - 0x000007fee29f6000 	C:\Users\FatCat\Desktop\Photon-v2\Photon-v2_library\Engine\Lib\Engine.dll
0x000007feec380000 - 0x000007feec383000 	C:\Windows\system32\api-ms-win-core-synch-l1-2-0.DLL
0x000007fee6a30000 - 0x000007fee6a6e000 	C:\Users\FatCat\Desktop\Photon-v2\Photon-v2_library\JNI\JNI.dll
0x000000006c000000 - 0x000000006c014000 	C:\Program Files\Java\jdk1.8.0_92\jre\bin\javafx_font.dll
0x000007fee5930000 - 0x000007fee5ac7000 	C:\Windows\system32\dwrite.dll
0x000007feffe30000 - 0x000007feffec9000 	C:\Windows\system32\CLBCatQ.DLL
0x000007fefb7a0000 - 0x000007fefb901000 	C:\Windows\system32\WindowsCodecs.dll
0x000007fefd6c0000 - 0x000007fefd717000 	C:\Windows\system32\apphelp.dll
0x000007fef9000000 - 0x000007fef9035000 	C:\Windows\system32\EhStorShell.dll
0x000007fefc030000 - 0x000007fefc15c000 	C:\Windows\system32\PROPSYS.dll
0x000007fef8990000 - 0x000007fef8fff000 	C:\PROGRA~1\MICROS~1\Office14\GROOVEEX.DLL
0x0000000073230000 - 0x00000000732d3000 	C:\Windows\WinSxS\amd64_microsoft.vc90.crt_1fc8b3b9a1e18e3b_9.0.30729.6161_none_08e61857a83bc251\MSVCR90.dll
0x0000000073150000 - 0x0000000073223000 	C:\Windows\WinSxS\amd64_microsoft.vc90.crt_1fc8b3b9a1e18e3b_9.0.30729.6161_none_08e61857a83bc251\MSVCP90.dll
0x00000000730d0000 - 0x00000000730ff000 	C:\Windows\WinSxS\amd64_microsoft.vc90.atl_1fc8b3b9a1e18e3b_9.0.30729.6161_none_0a1fd3a3a768b895\ATL90.DLL
0x000007fef8570000 - 0x000007fef898a000 	C:\PROGRA~1\COMMON~1\MICROS~1\OFFICE14\Cultures\office.odf
0x000007fef7d50000 - 0x000007fef8562000 	C:\PROGRA~1\MICROS~1\Office14\1028\GrooveIntlResource.dll
0x000007fef7cd0000 - 0x000007fef7d4e000 	C:\Windows\System32\cscui.dll
0x000007fef7cc0000 - 0x000007fef7ccc000 	C:\Windows\System32\CSCDLL.dll
0x000007fef7cb0000 - 0x000007fef7cbf000 	C:\Windows\system32\CSCAPI.dll
0x000007fef7c30000 - 0x000007fef7cb0000 	C:\Windows\system32\ntshrui.dll
0x000007fefd2c0000 - 0x000007fefd2e3000 	C:\Windows\system32\srvcli.dll
0x000007fefb400000 - 0x000007fefb40b000 	C:\Windows\system32\slc.dll
0x000007fefb250000 - 0x000007fefb27d000 	C:\Program Files\Common Files\Microsoft Shared\Ink\rtscom.dll
0x000000006bfe0000 - 0x000000006bff1000 	C:\Program Files\Java\jdk1.8.0_92\jre\bin\prism_common.dll
0x000007fefc1b0000 - 0x000007fefc1dd000 	C:\Windows\system32\ntmarta.dll
0x000007feff230000 - 0x000007feff282000 	C:\Windows\system32\WLDAP32.dll
0x000007fef63d0000 - 0x000007fef644f000 	C:\Program Files\Common Files\microsoft shared\ink\tiptsf.dll
0x000007fef9b00000 - 0x000007fef9cca000 	C:\Windows\system32\explorerframe.dll
0x000007fefbdd0000 - 0x000007fefbe13000 	C:\Windows\system32\DUser.dll
0x000007fefba30000 - 0x000007fefbb22000 	C:\Windows\system32\DUI70.dll
0x000007fef6450000 - 0x000007fef6492000 	C:\Windows\system32\msls31.dll
0x000007fefb9f0000 - 0x000007fefba25000 	C:\Windows\system32\xmllite.dll
0x000007fefd090000 - 0x000007fefd0a8000 	C:\Windows\system32\CRYPTSP.dll
0x000007fefcd80000 - 0x000007fefcdc7000 	C:\Windows\system32\rsaenh.dll
0x000007fefd7d0000 - 0x000007fefd7e4000 	C:\Windows\system32\RpcRtRemote.dll
0x000007fef0a40000 - 0x000007fef0abb000 	C:\Windows\System32\StructuredQuery.dll
0x000007fefd3d0000 - 0x000007fefd3db000 	C:\Windows\System32\Secur32.dll
0x000007fef6710000 - 0x000007fef67fe000 	C:\Windows\system32\actxprxy.dll
0x000007fef0e30000 - 0x000007fef0eea000 	C:\Program Files\Internet Explorer\ieproxy.dll
0x000007fefd970000 - 0x000007fefd974000 	C:\Windows\system32\api-ms-win-downlevel-shlwapi-l1-1-0.dll
0x000007fef0e20000 - 0x000007fef0e24000 	C:\Windows\system32\api-ms-win-downlevel-shlwapi-l2-1-0.dll
0x000007fefdad0000 - 0x000007fefdad5000 	C:\Windows\system32\api-ms-win-downlevel-advapi32-l1-1-0.dll
0x000007fefa1b0000 - 0x000007fefa1c8000 	C:\Windows\system32\MPR.dll
0x000007feeb310000 - 0x000007feeb31a000 	C:\Windows\System32\drprov.dll
0x000007fefcc20000 - 0x000007fefcc5d000 	C:\Windows\System32\WINSTA.dll
0x000007fee8ca0000 - 0x000007fee8cc2000 	C:\Windows\System32\ntlanman.dll
0x000007fee8900000 - 0x000007fee891e000 	C:\Windows\System32\davclnt.dll
0x000007fee89d0000 - 0x000007fee89da000 	C:\Windows\System32\DAVHLPR.dll
0x000007fefb4f0000 - 0x000007fefb505000 	C:\Windows\system32\wkscli.dll
0x000007fefb640000 - 0x000007fefb64c000 	C:\Windows\system32\netutils.dll
0x000007fefc010000 - 0x000007fefc02f000 	C:\Windows\system32\thumbcache.dll
0x000007fef5040000 - 0x000007fef50fd000 	C:\Windows\system32\PortableDeviceApi.dll
0x000007fef66d0000 - 0x000007fef6704000 	C:\Windows\system32\SHDOCVW.dll
0x000007fef2a60000 - 0x000007fef38f4000 	C:\Windows\system32\ieframe.DLL
0x000007fefd8f0000 - 0x000007fefd8f4000 	C:\Windows\system32\api-ms-win-downlevel-user32-l1-1-0.dll
0x000007fef2a50000 - 0x000007fef2a54000 	C:\Windows\system32\api-ms-win-downlevel-shell32-l1-1-0.dll
0x000007fefdae0000 - 0x000007fefdae4000 	C:\Windows\system32\api-ms-win-downlevel-version-l1-1-0.dll
0x000007fefdb10000 - 0x000007fefdb13000 	C:\Windows\system32\api-ms-win-downlevel-normaliz-l1-1-0.dll
0x0000000077da0000 - 0x0000000077da3000 	C:\Windows\system32\normaliz.DLL
0x000007fefec90000 - 0x000007fefef5a000 	C:\Windows\system32\iertutil.dll
0x000007feeffb0000 - 0x000007feeffd7000 	C:\Windows\system32\EhStorAPI.dll
0x000007fee8400000 - 0x000007fee84d7000 	C:\Windows\system32\SearchFolder.dll
0x000007fef6110000 - 0x000007fef62ac000 	C:\Windows\system32\NetworkExplorer.dll
0x000007fef6dd0000 - 0x000007fef6ddc000 	C:\Windows\system32\LINKINFO.dll
0x000007fef4ef0000 - 0x000007fef5015000 	C:\Windows\system32\dbghelp.dll

VM Arguments:
jvm_args: -Djava.library.path=C:\Users\FatCat\Desktop\Photon-v2\Photon-v2_library -Dfile.encoding=MS950 
java_command: app.AppMain
java_class_path (initial): C:\Users\FatCat\Desktop\Photon-v2\EditorApplication\bin
Launcher Type: SUN_STANDARD

Environment Variables:
PATH=C:/Program Files/Java/jre1.8.0_92/bin/server;C:/Program Files/Java/jre1.8.0_92/bin;C:/Program Files/Java/jre1.8.0_92/lib/amd64;C:\ProgramData\Oracle\Java\javapath;D:\Program Files\Tecplot\Tecplot 360 EX 2014 R1\bin;C:\Program Files\Microsoft HPC Pack 2008 R2\Bin\;C:\Program Files (x86)\VNI\imsl\fnl600\Intel64\lib;C:\Program files\MPICH2\bin;C:\Program Files (x86)\VNI\imsl\fnl600\IA64\lib;C:\Program Files (x86)\VNI\imsl\fnl600\IA32\lib;C:\Program files\MPICH2\bin;C:\Program Files (x86)\Intel\Compiler\11.1\048\lib\Intel64;C:\Program Files (x86)\Intel\Compiler\11.1\048\lib\ia32;C:\Program Files (x86)\Intel\Compiler\11.1\048\mkl\em64t\bin;C:\cygwin64\bin;C:\cygwin64\usr\bin;C:\cygwin64\usr\local\bin;C:\cygwin64\lib;C:\cygwin64\usr\lib;C:\Program Files (x86)\Microsoft SQL Server\90\Tools\binn\;C:\Windows\System32;C:\Program Files\Common Files\Autodesk Shared\;C:\Program Files\Java\jdk1.8.0_40\bin;C:\Program Files\Git\cmd;C:\Program Files (x86)\Skype\Phone\;C:\Program Files (x86)\GtkSharp\2.12\bin;C:\Program Files\Microsoft SQL Server\110\Tools\Binn\;C:\Program Files (x86)\NVIDIA Corporation\PhysX\Common;C:\Program Files\Microsoft SQL Server\120\Tools\Binn\;C:\Program Files (x86)\Windows Kits\8.1\Windows Performance Toolkit\;C:\Program Files\Intel\WiFi\bin\;C:\Program Files\Common Files\Intel\WirelessCommon\;C:\Program Files (x86)\HDRSee;C:\Modeltech_pe_edu_10.4a\win32pe_edu;C:\Program Files\eclipse mars;
USERNAME=FatCat
OS=Windows_NT
PROCESSOR_IDENTIFIER=Intel64 Family 6 Model 58 Stepping 9, GenuineIntel



---------------  S Y S T E M  ---------------

OS: Windows 7 , 64 bit Build 7601 (6.1.7601.23714)

CPU:total 8 (4 cores per cpu, 2 threads per core) family 6 model 58 stepping 9, cmov, cx8, fxsr, mmx, sse, sse2, sse3, ssse3, sse4.1, sse4.2, popcnt, avx, aes, clmul, erms, ht, tsc, tscinvbit, tscinv

Memory: 4k page, physical 8288620k(2025416k free), swap 16575380k(9071144k free)

vm_info: Java HotSpot(TM) 64-Bit Server VM (25.92-b14) for windows-amd64 JRE (1.8.0_92-b14), built on Mar 31 2016 21:03:04 by "java_re" with MS VC++ 10.0 (VS2010)

time: Sun May 14 01:36:27 2017
elapsed time: 5 seconds (0d 0h 0m 5s)

