#
# A fatal error has been detected by the Java Runtime Environment:
#
#  EXCEPTION_ACCESS_VIOLATION (0xc0000005) at pc=0x00007ffdc243af90, pid=688, tid=0x00000000000012a0
#
# JRE version: Java(TM) SE Runtime Environment (8.0_161-b12) (build 1.8.0_161-b12)
# Java VM: Java HotSpot(TM) 64-Bit Server VM (25.161-b12 mixed mode windows-amd64 compressed oops)
# Problematic frame:
# C  [Engine.dll+0x3af90]  phGetFilmDimension+0x50
#
# Failed to write core dump. Minidumps are not enabled by default on client versions of Windows
#
# If you would like to submit a bug report, please visit:
#   http://bugreport.java.com/bugreport/crash.jsp
# The crash happened outside the Java Virtual Machine in native code.
# See problematic frame for where to report the bug.
#

---------------  T H R E A D  ---------------

Current thread (0x0000000026c3a800):  JavaThread "Thread-5" [_thread_in_native, id=4768, stack(0x000000002e9f0000,0x000000002eaf0000)]

siginfo: ExceptionCode=0xc0000005, reading address 0x0000000000000018

Registers:
RAX=0x0000000000000000, RBX=0x0000000000000000, RCX=0x00007ffdc292f850, RDX=0x0000000000000000
RSP=0x000000002eaef150, RBP=0x000000002eaef298, RSI=0x0000000020200021, RDI=0x0000000026c3a9f8
R8 =0x000000002eaef1c4, R9 =0x000000002eaef2c0, R10=0x0000000005198c3b, R11=0x000000007426bcb0
R12=0x0000000000000000, R13=0x000000001e55c378, R14=0x000000002eaef1c4, R15=0x000000002eaef1c0
RIP=0x00007ffdc243af90, EFLAGS=0x0000000000010246

Top of Stack: (sp=0x000000002eaef150)
0x000000002eaef150:   00007ffdc292f840 000000002eaef2c0
0x000000002eaef160:   0000000020200021 0000000021a95070
0x000000002eaef170:   fffffffffffffffe 000000002eaef2d0
0x000000002eaef180:   0000000026c3a800 000000002eaef2d0
0x000000002eaef190:   0000000026c3a9f8 00007ffde7f955a5
0x000000002eaef1a0:   000000002eaef2c0 000000002eaef298
0x000000002eaef1b0:   0000000020200021 0000000026c3a800
0x000000002eaef1c0:   000000001e55c378 0000000026c3a800
0x000000002eaef1d0:   000000000518835d 0000000005198ad7
0x000000002eaef1e0:   0000000026c3a800 0000000026c3a800
0x000000002eaef1f0:   000000001e55c378 0000f5d744dc26a2
0x000000002eaef200:   000000000518835d 0000000005198c67
0x000000002eaef210:   0000000020200021 000000001e55c378
0x000000002eaef220:   000000000518835d 00000000051989ab
0x000000002eaef230:   000000002eaef2b8 000000001e55c378
0x000000002eaef240:   0000000020200021 0000000026c3a800 

Instructions: (pc=0x00007ffdc243af90)
0x00007ffdc243af70:   74 5c 48 8b 98 08 02 00 00 48 85 db 74 0b f0 ff
0x00007ffdc243af80:   43 08 48 8b 98 08 02 00 00 48 8b 80 00 02 00 00
0x00007ffdc243af90:   48 8b 70 18 48 8b 68 20 48 85 db 74 2b 83 cf ff
0x00007ffdc243afa0:   8b c7 f0 0f c1 43 08 83 f8 01 75 1c 48 8b 03 48 


Register to memory mapping:

RAX=0x0000000000000000 is an unknown value
RBX=0x0000000000000000 is an unknown value
RCX=0x00007ffdc292f850 is an unknown value
RDX=0x0000000000000000 is an unknown value
RSP=0x000000002eaef150 is pointing into the stack for thread: 0x0000000026c3a800
RBP=0x000000002eaef298 is pointing into the stack for thread: 0x0000000026c3a800
RSI=0x0000000020200021 is an unknown value
RDI=0x0000000026c3a9f8 is an unknown value
R8 =0x000000002eaef1c4 is pointing into the stack for thread: 0x0000000026c3a800
R9 =0x000000002eaef2c0 is pointing into the stack for thread: 0x0000000026c3a800
R10=0x0000000005198c3b is at code_begin+891 in an Interpreter codelet
method entry point (kind = native)  [0x00000000051988c0, 0x0000000005199280]  2496 bytes
R11=0x000000007426bcb0 is an unknown value
R12=0x0000000000000000 is an unknown value
R13={method} {0x000000001e55c380} 'phGetFilmDimension' '(JLphotonApi/IntRef;LphotonApi/IntRef;)V' in 'photonApi/Ph'
R14=0x000000002eaef1c4 is pointing into the stack for thread: 0x0000000026c3a800
R15=0x000000002eaef1c0 is pointing into the stack for thread: 0x0000000026c3a800


Stack: [0x000000002e9f0000,0x000000002eaf0000],  sp=0x000000002eaef150,  free space=1020k
Native frames: (J=compiled Java code, j=interpreted, Vv=VM code, C=native code)
C  [Engine.dll+0x3af90]  phGetFilmDimension+0x50
C  [JNI.dll+0x55a5]  Java_photonApi_Ph_phGetFilmDimension+0x35
C  0x0000000005198c67

Java frames: (J=compiled Java code, j=interpreted, Vv=VM code)
j  photonApi.Ph.phGetFilmDimension(JLphotonApi/IntRef;LphotonApi/IntRef;)V+0
j  photonApi.PhEngine.getFilmInfo()LphotonApi/FilmInfo;+22
j  appModel.project.Project.opLoadSceneFile(Ljava/lang/String;)V+63
j  appModel.project.ProjectProxy$2.call()Ljava/lang/String;+11
j  appModel.project.ProjectProxy$2.call()Ljava/lang/Object;+1
j  javafx.concurrent.Task$TaskCallable.call()Ljava/lang/Object;+26
j  java.util.concurrent.FutureTask.run()V+42
j  java.lang.Thread.run()V+11
v  ~StubRoutines::call_stub

---------------  P R O C E S S  ---------------

Java Threads: ( => current thread )
=>0x0000000026c3a800 JavaThread "Thread-5" [_thread_in_native, id=4768, stack(0x000000002e9f0000,0x000000002eaf0000)]
  0x0000000021d02800 JavaThread "Thread-4" [_thread_blocked, id=4224, stack(0x000000002e8f0000,0x000000002e9f0000)]
  0x0000000021ab6000 JavaThread "Prism Font Disposer" daemon [_thread_blocked, id=20908, stack(0x0000000028200000,0x0000000028300000)]
  0x00000000218af800 JavaThread "Thread-3" daemon [_thread_in_native, id=16000, stack(0x0000000024530000,0x0000000024630000)]
  0x000000002189a000 JavaThread "JavaFX-Launcher" [_thread_blocked, id=24236, stack(0x0000000024730000,0x0000000024830000)]
  0x0000000021810000 JavaThread "JavaFX Application Thread" [_thread_in_native, id=1212, stack(0x0000000022460000,0x0000000022560000)]
  0x0000000021800800 JavaThread "Thread-1" daemon [_thread_blocked, id=11164, stack(0x0000000022360000,0x0000000022460000)]
  0x00000000217c0000 JavaThread "QuantumRenderer-0" daemon [_thread_in_native, id=7752, stack(0x0000000022100000,0x0000000022200000)]
  0x0000000020948800 JavaThread "Service Thread" daemon [_thread_blocked, id=14708, stack(0x0000000021570000,0x0000000021670000)]
  0x00000000208b5000 JavaThread "C1 CompilerThread3" daemon [_thread_blocked, id=19396, stack(0x0000000021470000,0x0000000021570000)]
  0x00000000208af000 JavaThread "C2 CompilerThread2" daemon [_thread_blocked, id=11040, stack(0x0000000021370000,0x0000000021470000)]
  0x00000000208ae000 JavaThread "C2 CompilerThread1" daemon [_thread_blocked, id=14228, stack(0x0000000021270000,0x0000000021370000)]
  0x00000000208ab000 JavaThread "C2 CompilerThread0" daemon [_thread_blocked, id=11372, stack(0x0000000021170000,0x0000000021270000)]
  0x00000000208a7800 JavaThread "Attach Listener" daemon [_thread_blocked, id=23868, stack(0x0000000021070000,0x0000000021170000)]
  0x000000001e9be800 JavaThread "Signal Dispatcher" daemon [_thread_blocked, id=19864, stack(0x0000000020f70000,0x0000000021070000)]
  0x000000000517e000 JavaThread "Finalizer" daemon [_thread_blocked, id=10476, stack(0x0000000020c80000,0x0000000020d80000)]
  0x0000000005177000 JavaThread "Reference Handler" daemon [_thread_blocked, id=24688, stack(0x0000000020780000,0x0000000020880000)]
  0x000000000364d800 JavaThread "main" [_thread_blocked, id=22412, stack(0x0000000004eb0000,0x0000000004fb0000)]

Other Threads:
  0x000000001e9a9800 VMThread [stack: 0x0000000020680000,0x0000000020780000] [id=13380]
  0x0000000020952000 WatcherThread [stack: 0x0000000021670000,0x0000000021770000] [id=10824]

VM state:not at safepoint (normal execution)

VM Mutex/Monitor currently owned by a thread: None

Heap:
 PSYoungGen      total 75264K, used 61606K [0x000000076c580000, 0x0000000771980000, 0x00000007c0000000)
  eden space 64512K, 95% used [0x000000076c580000,0x00000007701a9a88,0x0000000770480000)
  from space 10752K, 0% used [0x0000000770f00000,0x0000000770f00000,0x0000000771980000)
  to   space 10752K, 0% used [0x0000000770480000,0x0000000770480000,0x0000000770f00000)
 ParOldGen       total 172032K, used 0K [0x00000006c5000000, 0x00000006cf800000, 0x000000076c580000)
  object space 172032K, 0% used [0x00000006c5000000,0x00000006c5000000,0x00000006cf800000)
 Metaspace       used 18672K, capacity 19890K, committed 20096K, reserved 1067008K
  class space    used 2832K, capacity 3076K, committed 3200K, reserved 1048576K

Card table byte_map: [0x0000000014540000,0x0000000014d20000] byte_map_base: 0x0000000010f18000

Marking Bits: (ParMarkBitMap*) 0x000000007485f860
 Begin Bits: [0x0000000015a60000, 0x0000000019920000)
 End Bits:   [0x0000000019920000, 0x000000001d7e0000)

Polling page: 0x0000000003130000

CodeCache: size=245760Kb used=7832Kb max_used=7844Kb free=237927Kb
 bounds [0x0000000005180000, 0x0000000005930000, 0x0000000014180000]
 total_blobs=3137 nmethods=2468 adapters=581
 compilation: enabled

Compilation events (10 events):
Event: 6.001 Thread 0x00000000208b5000 2368       1       com.sun.scenario.effect.ImageData::getUntransformedImage (5 bytes)
Event: 6.001 Thread 0x00000000208b5000 nmethod 2368 0x00000000058d7d10 code [0x00000000058d7e60, 0x00000000058d7f70]
Event: 6.002 Thread 0x00000000208b5000 2372       3       javafx.scene.Node::getAutomaticOrientation (5 bytes)
Event: 6.002 Thread 0x00000000208b5000 nmethod 2372 0x00000000058d7fd0 code [0x00000000058d8120, 0x00000000058d8250]
Event: 6.002 Thread 0x00000000208b5000 2371       3       javafx.scene.Node::hasMirroring (40 bytes)
Event: 6.003 Thread 0x00000000208ae000 2375       4       javafx.scene.Node::getClip (21 bytes)
Event: 6.003 Thread 0x00000000208b5000 nmethod 2371 0x00000000058d82d0 code [0x00000000058d8480, 0x00000000058d8bc8]
Event: 6.003 Thread 0x00000000208b5000 2374       1       com.sun.javafx.geom.transform.Translate2D::getMxt (5 bytes)
Event: 6.003 Thread 0x00000000208b5000 nmethod 2374 0x00000000058d8e10 code [0x00000000058d8f60, 0x00000000058d9070]
Event: 6.003 Thread 0x00000000208b5000 2373       3       javafx.scene.Parent::getChildTransformedBounds (19 bytes)

GC Heap History (0 events):
No events

Deoptimization events (10 events):
Event: 1.864 Thread 0x0000000021810000 Uncommon trap: reason=bimorphic action=maybe_recompile pc=0x00000000057378a4 method=javafx.scene.Node.impl_geomChanged()V @ 33
Event: 1.864 Thread 0x0000000021810000 Uncommon trap: reason=class_check action=maybe_recompile pc=0x0000000005739204 method=javafx.scene.Node.transformedBoundsChanged()V @ 28
Event: 5.977 Thread 0x0000000021810000 Uncommon trap: reason=class_check action=maybe_recompile pc=0x000000000581e7dc method=javafx.scene.Node$MiscProperties.getClip()Ljavafx/scene/Node; @ 20
Event: 5.977 Thread 0x0000000021810000 Uncommon trap: reason=class_check action=maybe_recompile pc=0x000000000581e7dc method=javafx.scene.Node$MiscProperties.getClip()Ljavafx/scene/Node; @ 20
Event: 5.977 Thread 0x0000000021810000 Uncommon trap: reason=class_check action=maybe_recompile pc=0x000000000581e7dc method=javafx.scene.Node$MiscProperties.getClip()Ljavafx/scene/Node; @ 20
Event: 5.977 Thread 0x0000000021810000 Uncommon trap: reason=class_check action=maybe_recompile pc=0x000000000581e7dc method=javafx.scene.Node$MiscProperties.getClip()Ljavafx/scene/Node; @ 20
Event: 5.980 Thread 0x0000000021810000 Uncommon trap: reason=class_check action=maybe_recompile pc=0x00000000057e3454 method=javafx.scene.Node.updateLocalToParentTransform()V @ 11
Event: 5.985 Thread 0x0000000021810000 Uncommon trap: reason=class_check action=maybe_recompile pc=0x00000000057e3454 method=javafx.scene.Node.updateLocalToParentTransform()V @ 11
Event: 5.985 Thread 0x0000000021810000 Uncommon trap: reason=class_check action=maybe_recompile pc=0x00000000057e3454 method=javafx.scene.Node.updateLocalToParentTransform()V @ 11
Event: 5.985 Thread 0x0000000021810000 Uncommon trap: reason=unstable_if action=reinterpret pc=0x00000000057e3504 method=javafx.scene.Node.updateLocalToParentTransform()V @ 125

Classes redefined (0 events):
No events

Internal exceptions (10 events):
Event: 0.439 Thread 0x0000000021810000 Exception <a 'java/lang/ArrayIndexOutOfBoundsException': 86> (0x000000076d969950) thrown at [C:\re\workspace\8-2-build-windows-amd64-cygwin\jdk8u161\10277\hotspot\src\share\vm\interpreter\interpreterRuntime.cpp, line 366]
Event: 0.440 Thread 0x0000000021810000 Exception <a 'java/lang/ArrayIndexOutOfBoundsException'> (0x000000076d96bc60) thrown at [C:\re\workspace\8-2-build-windows-amd64-cygwin\jdk8u161\10277\hotspot\src\share\vm\runtime\sharedRuntime.cpp, line 605]
Event: 0.451 Thread 0x0000000021810000 Exception <a 'java/lang/ArrayIndexOutOfBoundsException'> (0x000000076d9aa6b0) thrown at [C:\re\workspace\8-2-build-windows-amd64-cygwin\jdk8u161\10277\hotspot\src\share\vm\runtime\sharedRuntime.cpp, line 605]
Event: 0.457 Thread 0x0000000021810000 Exception <a 'java/lang/ArrayIndexOutOfBoundsException'> (0x000000076d9e0f00) thrown at [C:\re\workspace\8-2-build-windows-amd64-cygwin\jdk8u161\10277\hotspot\src\share\vm\runtime\sharedRuntime.cpp, line 605]
Event: 0.553 Thread 0x0000000021810000 Exception <a 'java/lang/ArrayIndexOutOfBoundsException'> (0x000000076de2cf58) thrown at [C:\re\workspace\8-2-build-windows-amd64-cygwin\jdk8u161\10277\hotspot\src\share\vm\runtime\sharedRuntime.cpp, line 605]
Event: 0.559 Thread 0x0000000021810000 Exception <a 'java/lang/ArrayIndexOutOfBoundsException'> (0x000000076de66c98) thrown at [C:\re\workspace\8-2-build-windows-amd64-cygwin\jdk8u161\10277\hotspot\src\share\vm\runtime\sharedRuntime.cpp, line 605]
Event: 0.561 Thread 0x0000000021810000 Exception <a 'java/lang/ArrayIndexOutOfBoundsException'> (0x000000076de77cf0) thrown at [C:\re\workspace\8-2-build-windows-amd64-cygwin\jdk8u161\10277\hotspot\src\share\vm\runtime\sharedRuntime.cpp, line 605]
Event: 0.693 Thread 0x0000000021810000 Implicit null exception at 0x000000000544b8f5 to 0x000000000544bb21
Event: 0.694 Thread 0x0000000021810000 Implicit null exception at 0x00000000054d3758 to 0x00000000054d37e6
Event: 1.004 Thread 0x0000000021810000 Implicit null exception at 0x000000000567d9b1 to 0x000000000567df31

Events (10 events):
Event: 5.980 loading class com/sun/scenario/effect/impl/prism/ps/PPSTwoSamplerPeer done
Event: 5.985 Thread 0x0000000021810000 Uncommon trap: trap_request=0xffffffde fr.pc=0x00000000057e3454
Event: 5.985 Thread 0x0000000021810000 DEOPT PACKING pc=0x00000000057e3454 sp=0x000000002255d160
Event: 5.985 Thread 0x0000000021810000 DEOPT UNPACKING pc=0x00000000051c583b sp=0x000000002255d0d8 mode 2
Event: 5.985 Thread 0x0000000021810000 Uncommon trap: trap_request=0xffffffde fr.pc=0x00000000057e3454
Event: 5.985 Thread 0x0000000021810000 DEOPT PACKING pc=0x00000000057e3454 sp=0x000000002255d160
Event: 5.985 Thread 0x0000000021810000 DEOPT UNPACKING pc=0x00000000051c583b sp=0x000000002255d0d8 mode 2
Event: 5.985 Thread 0x0000000021810000 Uncommon trap: trap_request=0xffffff65 fr.pc=0x00000000057e3504
Event: 5.985 Thread 0x0000000021810000 DEOPT PACKING pc=0x00000000057e3504 sp=0x000000002255d160
Event: 5.985 Thread 0x0000000021810000 DEOPT UNPACKING pc=0x00000000051c583b sp=0x000000002255d0d8 mode 2


Dynamic libraries:
0x00007ff64e9f0000 - 0x00007ff64ea27000 	C:\Program Files\Java\jre1.8.0_161\bin\javaw.exe
0x00007ffdf82c0000 - 0x00007ffdf84a0000 	C:\WINDOWS\SYSTEM32\ntdll.dll
0x00007ffdf5ad0000 - 0x00007ffdf5b7e000 	C:\WINDOWS\System32\KERNEL32.DLL
0x00007ffdf5260000 - 0x00007ffdf54c6000 	C:\WINDOWS\System32\KERNELBASE.dll
0x00007ffdf59c0000 - 0x00007ffdf5a61000 	C:\WINDOWS\System32\ADVAPI32.dll
0x00007ffdf6460000 - 0x00007ffdf64fd000 	C:\WINDOWS\System32\msvcrt.dll
0x00007ffdf6500000 - 0x00007ffdf655b000 	C:\WINDOWS\System32\sechost.dll
0x00007ffdf5790000 - 0x00007ffdf58af000 	C:\WINDOWS\System32\RPCRT4.dll
0x00007ffdf8040000 - 0x00007ffdf81cf000 	C:\WINDOWS\System32\USER32.dll
0x00007ffdf54d0000 - 0x00007ffdf54f0000 	C:\WINDOWS\System32\win32u.dll
0x00007ffdf7c10000 - 0x00007ffdf7c38000 	C:\WINDOWS\System32\GDI32.dll
0x00007ffdf5040000 - 0x00007ffdf51d3000 	C:\WINDOWS\System32\gdi32full.dll
0x00007ffdf55a0000 - 0x00007ffdf563b000 	C:\WINDOWS\System32\msvcp_win.dll
0x00007ffdf5640000 - 0x00007ffdf5736000 	C:\WINDOWS\System32\ucrtbase.dll
0x00007ffdd8d30000 - 0x00007ffdd8f99000 	C:\WINDOWS\WinSxS\amd64_microsoft.windows.common-controls_6595b64144ccf1df_6.0.16299.248_none_15ced204935f55d7\COMCTL32.dll
0x00007ffdf7c40000 - 0x00007ffdf7f48000 	C:\WINDOWS\System32\combase.dll
0x00007ffdf51e0000 - 0x00007ffdf5252000 	C:\WINDOWS\System32\bcryptPrimitives.dll
0x00007ffdf5be0000 - 0x00007ffdf5c0d000 	C:\WINDOWS\System32\IMM32.DLL
0x0000000073d70000 - 0x0000000073e42000 	C:\Program Files\Java\jre1.8.0_161\bin\msvcr100.dll
0x0000000074040000 - 0x00000000748df000 	C:\Program Files\Java\jre1.8.0_161\bin\server\jvm.dll
0x00007ffdf8280000 - 0x00007ffdf8288000 	C:\WINDOWS\System32\PSAPI.DLL
0x00007ffdee350000 - 0x00007ffdee359000 	C:\WINDOWS\SYSTEM32\WSOCK32.dll
0x00007ffde50e0000 - 0x00007ffde5103000 	C:\WINDOWS\SYSTEM32\WINMM.dll
0x00007ffdec580000 - 0x00007ffdec58a000 	C:\WINDOWS\SYSTEM32\VERSION.dll
0x00007ffdf6560000 - 0x00007ffdf65cc000 	C:\WINDOWS\System32\WS2_32.dll
0x00007ffde50b0000 - 0x00007ffde50da000 	C:\WINDOWS\SYSTEM32\winmmbase.dll
0x00007ffdf5740000 - 0x00007ffdf578a000 	C:\WINDOWS\System32\cfgmgr32.dll
0x0000000074030000 - 0x000000007403f000 	C:\Program Files\Java\jre1.8.0_161\bin\verify.dll
0x0000000074000000 - 0x0000000074029000 	C:\Program Files\Java\jre1.8.0_161\bin\java.dll
0x0000000073fe0000 - 0x0000000073ff6000 	C:\Program Files\Java\jre1.8.0_161\bin\zip.dll
0x00007ffdf6680000 - 0x00007ffdf7ab6000 	C:\WINDOWS\System32\SHELL32.dll
0x00007ffdf65d0000 - 0x00007ffdf6676000 	C:\WINDOWS\System32\shcore.dll
0x00007ffdf46c0000 - 0x00007ffdf4e07000 	C:\WINDOWS\System32\windows.storage.dll
0x00007ffdf5a70000 - 0x00007ffdf5ac1000 	C:\WINDOWS\System32\shlwapi.dll
0x00007ffdf46a0000 - 0x00007ffdf46b1000 	C:\WINDOWS\System32\kernel.appcore.dll
0x00007ffdf4630000 - 0x00007ffdf467c000 	C:\WINDOWS\System32\powrprof.dll
0x00007ffdf4610000 - 0x00007ffdf462b000 	C:\WINDOWS\System32\profapi.dll
0x0000000003630000 - 0x0000000003633000 	C:\Program Files\Java\jre1.8.0_161\bin\api-ms-win-core-console-l1-1-0.dll
0x00000000036e0000 - 0x00000000036e3000 	C:\Program Files\Java\jre1.8.0_161\bin\api-ms-win-core-datetime-l1-1-0.dll
0x00000000036f0000 - 0x00000000036f3000 	C:\Program Files\Java\jre1.8.0_161\bin\api-ms-win-core-debug-l1-1-0.dll
0x0000000004fb0000 - 0x0000000004fb3000 	C:\Program Files\Java\jre1.8.0_161\bin\api-ms-win-core-errorhandling-l1-1-0.dll
0x0000000004fc0000 - 0x0000000004fc4000 	C:\Program Files\Java\jre1.8.0_161\bin\api-ms-win-core-file-l1-1-0.dll
0x0000000004fd0000 - 0x0000000004fd3000 	C:\Program Files\Java\jre1.8.0_161\bin\api-ms-win-core-file-l1-2-0.dll
0x0000000004fe0000 - 0x0000000004fe3000 	C:\Program Files\Java\jre1.8.0_161\bin\api-ms-win-core-file-l2-1-0.dll
0x0000000004ff0000 - 0x0000000004ff3000 	C:\Program Files\Java\jre1.8.0_161\bin\api-ms-win-core-handle-l1-1-0.dll
0x0000000005000000 - 0x0000000005003000 	C:\Program Files\Java\jre1.8.0_161\bin\api-ms-win-core-heap-l1-1-0.dll
0x0000000005010000 - 0x0000000005013000 	C:\Program Files\Java\jre1.8.0_161\bin\api-ms-win-core-interlocked-l1-1-0.dll
0x0000000005020000 - 0x0000000005023000 	C:\Program Files\Java\jre1.8.0_161\bin\api-ms-win-core-libraryloader-l1-1-0.dll
0x0000000005030000 - 0x0000000005033000 	C:\Program Files\Java\jre1.8.0_161\bin\api-ms-win-core-localization-l1-2-0.dll
0x0000000005040000 - 0x0000000005043000 	C:\Program Files\Java\jre1.8.0_161\bin\api-ms-win-core-memory-l1-1-0.dll
0x0000000005050000 - 0x0000000005053000 	C:\Program Files\Java\jre1.8.0_161\bin\api-ms-win-core-namedpipe-l1-1-0.dll
0x0000000005060000 - 0x0000000005063000 	C:\Program Files\Java\jre1.8.0_161\bin\api-ms-win-core-processenvironment-l1-1-0.dll
0x0000000021f70000 - 0x0000000021f73000 	C:\Program Files\Java\jre1.8.0_161\bin\api-ms-win-core-processthreads-l1-1-0.dll
0x0000000021f80000 - 0x0000000021f83000 	C:\Program Files\Java\jre1.8.0_161\bin\api-ms-win-core-processthreads-l1-1-1.dll
0x0000000021f90000 - 0x0000000021f93000 	C:\Program Files\Java\jre1.8.0_161\bin\api-ms-win-core-profile-l1-1-0.dll
0x0000000021fa0000 - 0x0000000021fa3000 	C:\Program Files\Java\jre1.8.0_161\bin\api-ms-win-core-rtlsupport-l1-1-0.dll
0x0000000021fb0000 - 0x0000000021fb3000 	C:\Program Files\Java\jre1.8.0_161\bin\api-ms-win-core-string-l1-1-0.dll
0x0000000021fc0000 - 0x0000000021fc3000 	C:\Program Files\Java\jre1.8.0_161\bin\api-ms-win-core-synch-l1-1-0.dll
0x0000000021fd0000 - 0x0000000021fd3000 	C:\Program Files\Java\jre1.8.0_161\bin\api-ms-win-core-synch-l1-2-0.dll
0x0000000021fe0000 - 0x0000000021fe3000 	C:\Program Files\Java\jre1.8.0_161\bin\api-ms-win-core-sysinfo-l1-1-0.dll
0x0000000021ff0000 - 0x0000000021ff3000 	C:\Program Files\Java\jre1.8.0_161\bin\api-ms-win-core-timezone-l1-1-0.dll
0x0000000022000000 - 0x0000000022003000 	C:\Program Files\Java\jre1.8.0_161\bin\api-ms-win-core-util-l1-1-0.dll
0x0000000022010000 - 0x0000000022013000 	C:\Program Files\Java\jre1.8.0_161\bin\api-ms-win-crt-conio-l1-1-0.dll
0x0000000022020000 - 0x0000000022024000 	C:\Program Files\Java\jre1.8.0_161\bin\api-ms-win-crt-convert-l1-1-0.dll
0x0000000022030000 - 0x0000000022033000 	C:\Program Files\Java\jre1.8.0_161\bin\api-ms-win-crt-environment-l1-1-0.dll
0x0000000022040000 - 0x0000000022043000 	C:\Program Files\Java\jre1.8.0_161\bin\api-ms-win-crt-filesystem-l1-1-0.dll
0x0000000022050000 - 0x0000000022053000 	C:\Program Files\Java\jre1.8.0_161\bin\api-ms-win-crt-heap-l1-1-0.dll
0x0000000022060000 - 0x0000000022063000 	C:\Program Files\Java\jre1.8.0_161\bin\api-ms-win-crt-locale-l1-1-0.dll
0x0000000022070000 - 0x0000000022075000 	C:\Program Files\Java\jre1.8.0_161\bin\api-ms-win-crt-math-l1-1-0.dll
0x0000000022080000 - 0x0000000022085000 	C:\Program Files\Java\jre1.8.0_161\bin\api-ms-win-crt-multibyte-l1-1-0.dll
0x0000000022090000 - 0x00000000220a0000 	C:\Program Files\Java\jre1.8.0_161\bin\api-ms-win-crt-private-l1-1-0.dll
0x00000000220a0000 - 0x00000000220a3000 	C:\Program Files\Java\jre1.8.0_161\bin\api-ms-win-crt-process-l1-1-0.dll
0x00000000220b0000 - 0x00000000220b4000 	C:\Program Files\Java\jre1.8.0_161\bin\api-ms-win-crt-runtime-l1-1-0.dll
0x00000000220c0000 - 0x00000000220c4000 	C:\Program Files\Java\jre1.8.0_161\bin\api-ms-win-crt-stdio-l1-1-0.dll
0x00000000220d0000 - 0x00000000220d4000 	C:\Program Files\Java\jre1.8.0_161\bin\api-ms-win-crt-string-l1-1-0.dll
0x00000000220e0000 - 0x00000000220e3000 	C:\Program Files\Java\jre1.8.0_161\bin\api-ms-win-crt-time-l1-1-0.dll
0x00000000220f0000 - 0x00000000220f3000 	C:\Program Files\Java\jre1.8.0_161\bin\api-ms-win-crt-utility-l1-1-0.dll
0x00007ffde6fd0000 - 0x00007ffde70c6000 	C:\Program Files\Java\jre1.8.0_161\bin\ucrtbase.dll
0x00007ffde80f0000 - 0x00007ffde8141000 	C:\Program Files\Java\jre1.8.0_161\bin\concrt140.dll
0x00007ffde80d0000 - 0x00007ffde80e6000 	C:\Program Files\Java\jre1.8.0_161\bin\VCRUNTIME140.dll
0x00007ffde7a50000 - 0x00007ffde7aec000 	C:\Program Files\Java\jre1.8.0_161\bin\MSVCP140.dll
0x0000000073d40000 - 0x0000000073d63000 	C:\Program Files\Java\jre1.8.0_161\bin\prism_d3d.dll
0x00007ffdc9db0000 - 0x00007ffdc9f45000 	C:\WINDOWS\system32\d3d9.dll
0x00007ffdf2f60000 - 0x00007ffdf2f8a000 	C:\WINDOWS\SYSTEM32\dwmapi.dll
0x00007ffdf2d10000 - 0x00007ffdf2da5000 	C:\WINDOWS\system32\uxtheme.dll
0x00007ffdb8560000 - 0x00007ffdb8fce000 	C:\WINDOWS\SYSTEM32\igdumdim64.dll
0x00007ffde22d0000 - 0x00007ffde2734000 	C:\WINDOWS\SYSTEM32\igdusc64.dll
0x0000000073cf0000 - 0x0000000073d39000 	C:\Program Files\Java\jre1.8.0_161\bin\glass.dll
0x00007ffdf58b0000 - 0x00007ffdf59ba000 	C:\WINDOWS\System32\COMDLG32.dll
0x00007ffdf7ac0000 - 0x00007ffdf7c09000 	C:\WINDOWS\System32\ole32.dll
0x00007ffdf7f50000 - 0x00007ffdf8015000 	C:\WINDOWS\System32\OLEAUT32.dll
0x00007ffdf6260000 - 0x00007ffdf63c7000 	C:\WINDOWS\System32\MSCTF.dll
0x00007ffdc2400000 - 0x00007ffdc2962000 	C:\Users\OrangeDog\Desktop\Photon-v2\Photon-v2_library\Engine\Lib\Engine.dll
0x00007ffde7f90000 - 0x00007ffde7fcd000 	C:\Users\OrangeDog\Desktop\Photon-v2\Photon-v2_library\JNI\JNI.dll
0x0000000073cd0000 - 0x0000000073ce4000 	C:\Program Files\Java\jre1.8.0_161\bin\javafx_font.dll
0x00007ffde1df0000 - 0x00007ffde20ff000 	C:\WINDOWS\SYSTEM32\dwrite.dll
0x00007ffdf81d0000 - 0x00007ffdf826e000 	C:\WINDOWS\System32\clbcatq.dll
0x00007ffde3780000 - 0x00007ffde392b000 	C:\WINDOWS\SYSTEM32\WindowsCodecs.dll
0x00007ffde0380000 - 0x00007ffde03cf000 	C:\WINDOWS\system32\dataexchange.dll
0x00007ffdf1810000 - 0x00007ffdf1af2000 	C:\WINDOWS\system32\d3d11.dll
0x00007ffdf25d0000 - 0x00007ffdf2712000 	C:\WINDOWS\system32\dcomp.dll
0x00007ffdf3400000 - 0x00007ffdf34af000 	C:\WINDOWS\system32\dxgi.dll
0x00007ffdf2de0000 - 0x00007ffdf2f5b000 	C:\WINDOWS\system32\twinapi.appcore.dll
0x00007ffdf2f90000 - 0x00007ffdf2fb0000 	C:\WINDOWS\system32\RMCLIENT.dll
0x00007ffdf4170000 - 0x00007ffdf4195000 	C:\WINDOWS\system32\bcrypt.dll
0x00007ffde7f50000 - 0x00007ffde7f84000 	C:\Program Files\Common Files\Microsoft Shared\Ink\rtscom.dll
0x00007ffde49a0000 - 0x00007ffde4a38000 	C:\WINDOWS\System32\TextInputFramework.dll
0x00007ffde73e0000 - 0x00007ffde76ce000 	C:\WINDOWS\System32\CoreUIComponents.dll
0x00007ffdf1b00000 - 0x00007ffdf1bdc000 	C:\WINDOWS\System32\CoreMessaging.dll
0x00007ffdf3750000 - 0x00007ffdf3781000 	C:\WINDOWS\SYSTEM32\ntmarta.dll
0x00007ffdefc90000 - 0x00007ffdefdc6000 	C:\WINDOWS\SYSTEM32\wintypes.dll
0x00007ffdcceb0000 - 0x00007ffdccff3000 	C:\WINDOWS\system32\IME\IMETC\IMTCTIP.DLL
0x00007ffdf1200000 - 0x00007ffdf13b1000 	C:\WINDOWS\SYSTEM32\PROPSYS.dll
0x00007ffdcb460000 - 0x00007ffdcb60e000 	C:\WINDOWS\SYSTEM32\DUI70.dll
0x00007ffdf2c60000 - 0x00007ffdf2ce8000 	C:\WINDOWS\SYSTEM32\apphelp.dll
0x00007ffdccd60000 - 0x00007ffdcceb0000 	C:\Windows\System32\IME\shared\imetip.dll
0x00007ffded070000 - 0x00007ffded0de000 	C:\WINDOWS\SYSTEM32\OLEACC.dll
0x00007ffde6c70000 - 0x00007ffde6cbb000 	C:\WINDOWS\system32\IME\IMETC\IMTCCFG.DLL
0x00007ffdd5c30000 - 0x00007ffdd5d3f000 	C:\WINDOWS\system32\IME\IMETC\IMTCCORE.DLL
0x00007ffdf4e10000 - 0x00007ffdf4fde000 	C:\WINDOWS\System32\CRYPT32.dll
0x00007ffdf4680000 - 0x00007ffdf4692000 	C:\WINDOWS\System32\MSASN1.dll
0x00007ffdf4140000 - 0x00007ffdf4166000 	C:\WINDOWS\SYSTEM32\ncrypt.dll
0x00007ffdf4100000 - 0x00007ffdf4136000 	C:\WINDOWS\SYSTEM32\NTASN1.dll
0x00007ffde5190000 - 0x00007ffde51c9000 	C:\Windows\System32\IME\shared\imecfm.dll
0x00007ffdf2720000 - 0x00007ffdf27dd000 	C:\WINDOWS\SYSTEM32\wer.dll
0x00007ffdcc9a0000 - 0x00007ffdccb66000 	C:\Windows\System32\IME\shared\mscand20.dll
0x00007ffde3440000 - 0x00007ffde3646000 	C:\WINDOWS\SYSTEM32\UIAutomationCore.DLL
0x00007ffdd7b40000 - 0x00007ffdd7b47000 	C:\WINDOWS\SYSTEM32\MSIMG32.dll

VM Arguments:
jvm_args: -Djava.library.path=C:\Users\OrangeDog\Desktop\Photon-v2\Photon-v2_library -Dfile.encoding=Cp1252 
java_command: appGui.AppMain
java_class_path (initial): C:\Users\OrangeDog\Desktop\Photon-v2\EditorApplication\bin
Launcher Type: SUN_STANDARD

Environment Variables:
PATH=C:/Program Files/Java/jre1.8.0_161/bin/server;C:/Program Files/Java/jre1.8.0_161/bin;C:/Program Files/Java/jre1.8.0_161/lib/amd64;C:\ProgramData\Oracle\Java\javapath;C:\WINDOWS\system32;C:\WINDOWS;C:\WINDOWS\System32\Wbem;C:\WINDOWS\System32\WindowsPowerShell\v1.0\;C:\Program Files\OpenVPN\bin;C:\WINDOWS\system32\config\systemprofile\.dnx\bin;C:\Program Files\Microsoft DNX\Dnvm\;C:\Program Files\Microsoft SQL Server\130\Tools\Binn\;C:\Program Files\Git\cmd;C:\Program Files (x86)\GtkSharp\2.12\bin;E:\Program Files (x86)\Paragon Software\ExtFS for Windows\;C:\Users\OrangeDog\AppData\Local\Microsoft\WindowsApps;;F:\Program Files\eclipse oxygen;
USERNAME=OrangeDog
OS=Windows_NT
PROCESSOR_IDENTIFIER=Intel64 Family 6 Model 58 Stepping 9, GenuineIntel



---------------  S Y S T E M  ---------------

OS: Windows 10.0 , 64 bit Build 16299 (10.0.16299.15)

CPU:total 8 (initial active 8) (4 cores per cpu, 2 threads per core) family 6 model 58 stepping 9, cmov, cx8, fxsr, mmx, sse, sse2, sse3, ssse3, sse4.1, sse4.2, popcnt, avx, aes, clmul, erms, ht, tsc, tscinvbit, tscinv

Memory: 4k page, physical 16444760k(8368736k free), swap 18935128k(7342868k free)

vm_info: Java HotSpot(TM) 64-Bit Server VM (25.161-b12) for windows-amd64 JRE (1.8.0_161-b12), built on Dec 19 2017 17:52:25 by "java_re" with MS VC++ 10.0 (VS2010)

time: Mon Mar 19 11:26:17 2018
elapsed time: 6 seconds (0d 0h 0m 6s)

