#
# A fatal error has been detected by the Java Runtime Environment:
#
#  EXCEPTION_ACCESS_VIOLATION (0xc0000005) at pc=0x00000000634e70a7, pid=2696, tid=0x00000000000010dc
#
# JRE version: Java(TM) SE Runtime Environment (8.0_92-b14) (build 1.8.0_92-b14)
# Java VM: Java HotSpot(TM) 64-Bit Server VM (25.92-b14 mixed mode windows-amd64 compressed oops)
# Problematic frame:
# V  [jvm.dll+0x1470a7]
#
# Failed to write core dump. Minidumps are not enabled by default on client versions of Windows
#
# If you would like to submit a bug report, please visit:
#   http://bugreport.java.com/bugreport/crash.jsp
#

---------------  T H R E A D  ---------------

Current thread (0x000000005af1d000):  JavaThread "AWT-EventQueue-0" [_thread_in_vm, id=4316, stack(0x000000005be70000,0x000000005bf70000)]

siginfo: ExceptionCode=0xc0000005, reading address 0x0000000000000000

Registers:
RAX=0x0000000000000000, RBX=0x000000005af1d000, RCX=0x0000000000000d00, RDX=0x0000000000000000
RSP=0x000000005bf6dd60, RBP=0x0000000000000500, RSI=0x0000000000000000, RDI=0x00000000028a80c0
R8 =0x0000000000000032, R9 =0x0000000000000500, R10=0x000007fee871b270, R11=0x0000012500360020
R12=0x0000000000000032, R13=0x00000000576f09f8, R14=0x000000005af1d1f8, R15=0x000000005af1d000
RIP=0x00000000634e70a7, EFLAGS=0x0000000000010202

Top of Stack: (sp=0x000000005bf6dd60)
0x000000005bf6dd60:   0000000000000000 0000000000000000
0x000000005bf6dd70:   bf80000000000000 000000003f9c61ab
0x000000005bf6dd80:   00002c95bbc50f57 000000005bf6ded0
0x000000005bf6dd90:   000000005af1d000 000000005af1d1f8
0x000000005bf6dda0:   0000000000000000 00000000028a80c0
0x000000005bf6ddb0:   0000000020200021 000007fee94b333b
0x000000005bf6ddc0:   00000000576f09f8 0000000000000000
0x000000005bf6ddd0:   000000005bf6ded0 0000000000000000
0x000000005bf6dde0:   00000000028a80c0 00000000028b7dc6
0x000000005bf6ddf0:   000000005aae0060 000000005af1d000
0x000000005bf6de00:   000000005bf6ded0 00000000028a80c0
0x000000005bf6de10:   0000000020200021 00000000028b7f34
0x000000005bf6de20:   0000000000000500 00000000576f09f8
0x000000005bf6de30:   000000005bf6dea0 00000000000002d0
0x000000005bf6de40:   0000000000000000 000000005af1d000
0x000000005bf6de50:   000000005bf6df60 00000000028b7c62 

Instructions: (pc=0x00000000634e70a7)
0x00000000634e7087:   a9 00 00 00 30 74 08 48 8b cb e8 2a 9a 0f 00 c7
0x00000000634e7097:   83 70 02 00 00 06 00 00 00 80 3d 0a 01 6c 00 00
0x00000000634e70a7:   48 8b 16 74 16 44 8b 4a 08 8b 0d ea 36 65 00 49
0x00000000634e70b7:   d3 e1 4c 03 0d d8 36 65 00 eb 04 4c 8b 4a 08 49 


Register to memory mapping:

RAX=0x0000000000000000 is an unknown value
RBX=0x000000005af1d000 is a thread
RCX=0x0000000000000d00 is an unknown value
RDX=0x0000000000000000 is an unknown value
RSP=0x000000005bf6dd60 is pointing into the stack for thread: 0x000000005af1d000
RBP=0x0000000000000500 is an unknown value
RSI=0x0000000000000000 is an unknown value
RDI=0x00000000028a80c0 is at code_begin+1664 in an Interpreter codelet
invoke return entry points  [0x00000000028a7a40, 0x00000000028a8420]  2528 bytes
R8 =0x0000000000000032 is an unknown value
R9 =0x0000000000000500 is an unknown value
R10=0x000007fee871b270 is an unknown value
R11=0x0000012500360020 is an unknown value
R12=0x0000000000000032 is an unknown value
R13={method} {0x00000000576f0a00} 'genTestHdrFrame' '(LphotonApi/FloatArrayRef;LphotonApi/IntRef;LphotonApi/IntRef;)V' in 'photonApi/Ph'
R14=0x000000005af1d1f8 is an unknown value
R15=0x000000005af1d000 is a thread


Stack: [0x000000005be70000,0x000000005bf70000],  sp=0x000000005bf6dd60,  free space=1015k
Native frames: (J=compiled Java code, j=interpreted, Vv=VM code, C=native code)
V  [jvm.dll+0x1470a7]
C  [JNI.dll+0x333b]  Java_photonApi_Ph_genTestHdrFrame+0x4b
C  0x00000000028b7f34

Java frames: (J=compiled Java code, j=interpreted, Vv=VM code)
j  photonApi.Ph.genTestHdrFrame(LphotonApi/FloatArrayRef;LphotonApi/IntRef;LphotonApi/IntRef;)V+0
j  ui.Window.<init>(II)V+125
j  core.Main$1.run()V+9
j  java.awt.event.InvocationEvent.dispatch()V+47
j  java.awt.EventQueue.dispatchEventImpl(Ljava/awt/AWTEvent;Ljava/lang/Object;)V+21
j  java.awt.EventQueue.access$500(Ljava/awt/EventQueue;Ljava/awt/AWTEvent;Ljava/lang/Object;)V+3
j  java.awt.EventQueue$3.run()Ljava/lang/Void;+32
j  java.awt.EventQueue$3.run()Ljava/lang/Object;+1
v  ~StubRoutines::call_stub
j  java.security.AccessController.doPrivileged(Ljava/security/PrivilegedAction;Ljava/security/AccessControlContext;)Ljava/lang/Object;+0
j  java.security.ProtectionDomain$JavaSecurityAccessImpl.doIntersectionPrivilege(Ljava/security/PrivilegedAction;Ljava/security/AccessControlContext;Ljava/security/AccessControlContext;)Ljava/lang/Object;+18
j  java.awt.EventQueue.dispatchEvent(Ljava/awt/AWTEvent;)V+46
j  java.awt.EventDispatchThread.pumpOneEventForFilters(I)V+245
j  java.awt.EventDispatchThread.pumpEventsForFilter(ILjava/awt/Conditional;Ljava/awt/EventFilter;)V+35
j  java.awt.EventDispatchThread.pumpEventsForHierarchy(ILjava/awt/Conditional;Ljava/awt/Component;)V+11
j  java.awt.EventDispatchThread.pumpEvents(ILjava/awt/Conditional;)V+4
j  java.awt.EventDispatchThread.pumpEvents(Ljava/awt/Conditional;)V+3
j  java.awt.EventDispatchThread.run()V+9
v  ~StubRoutines::call_stub

---------------  P R O C E S S  ---------------

Java Threads: ( => current thread )
  0x0000000002508000 JavaThread "DestroyJavaVM" [_thread_blocked, id=5252, stack(0x00000000027a0000,0x00000000028a0000)]
=>0x000000005af1d000 JavaThread "AWT-EventQueue-0" [_thread_in_vm, id=4316, stack(0x000000005be70000,0x000000005bf70000)]
  0x000000005af19000 JavaThread "AWT-Windows" daemon [_thread_in_native, id=13552, stack(0x000000005baf0000,0x000000005bbf0000)]
  0x000000005af11800 JavaThread "AWT-Shutdown" [_thread_blocked, id=10944, stack(0x000000005b930000,0x000000005ba30000)]
  0x000000005af11000 JavaThread "Java2D Disposer" daemon [_thread_blocked, id=11812, stack(0x000000005b700000,0x000000005b800000)]
  0x0000000058c39000 JavaThread "Service Thread" daemon [_thread_blocked, id=13660, stack(0x000000005a820000,0x000000005a920000)]
  0x0000000058bac800 JavaThread "C1 CompilerThread3" daemon [_thread_blocked, id=10460, stack(0x0000000059eb0000,0x0000000059fb0000)]
  0x0000000058ba3800 JavaThread "C2 CompilerThread2" daemon [_thread_blocked, id=13784, stack(0x000000005a610000,0x000000005a710000)]
  0x0000000058b9e800 JavaThread "C2 CompilerThread1" daemon [_thread_blocked, id=8512, stack(0x000000005a500000,0x000000005a600000)]
  0x0000000058b97800 JavaThread "C2 CompilerThread0" daemon [_thread_blocked, id=4624, stack(0x000000005a3b0000,0x000000005a4b0000)]
  0x0000000058b94800 JavaThread "Attach Listener" daemon [_thread_blocked, id=12264, stack(0x000000005a1c0000,0x000000005a2c0000)]
  0x0000000058b74000 JavaThread "Signal Dispatcher" daemon [_thread_blocked, id=10124, stack(0x000000005a070000,0x000000005a170000)]
  0x0000000057ce2800 JavaThread "Finalizer" daemon [_thread_blocked, id=15584, stack(0x0000000059c50000,0x0000000059d50000)]
  0x0000000057cdb800 JavaThread "Reference Handler" daemon [_thread_blocked, id=14436, stack(0x0000000059d90000,0x0000000059e90000)]

Other Threads:
  0x0000000058b22800 VMThread [stack: 0x0000000059b00000,0x0000000059c00000] [id=15052]
  0x0000000058c90800 WatcherThread [stack: 0x000000005a9e0000,0x000000005aae0000] [id=16700]

VM state:not at safepoint (normal execution)

VM Mutex/Monitor currently owned by a thread: None

Heap:
 PSYoungGen      total 38400K, used 9593K [0x00000000d5d80000, 0x00000000d8800000, 0x0000000100000000)
  eden space 33280K, 28% used [0x00000000d5d80000,0x00000000d66de678,0x00000000d7e00000)
  from space 5120K, 0% used [0x00000000d8300000,0x00000000d8300000,0x00000000d8800000)
  to   space 5120K, 0% used [0x00000000d7e00000,0x00000000d7e00000,0x00000000d8300000)
 ParOldGen       total 87552K, used 0K [0x0000000081800000, 0x0000000086d80000, 0x00000000d5d80000)
  object space 87552K, 0% used [0x0000000081800000,0x0000000081800000,0x0000000086d80000)
 Metaspace       used 7802K, capacity 8006K, committed 8320K, reserved 1056768K
  class space    used 941K, capacity 1030K, committed 1152K, reserved 1048576K

Card table byte_map: [0x0000000011c60000,0x0000000012060000] byte_map_base: 0x0000000011854000

Marking Bits: (ParMarkBitMap*) 0x0000000063bb64f0
 Begin Bits: [0x0000000012fb0000, 0x0000000014f50000)
 End Bits:   [0x0000000014f50000, 0x0000000016ef0000)

Polling page: 0x0000000000130000

CodeCache: size=245760Kb used=1737Kb max_used=1737Kb free=244023Kb
 bounds [0x00000000028a0000, 0x0000000002b10000, 0x00000000118a0000]
 total_blobs=738 nmethods=323 adapters=328
 compilation: enabled

Compilation events (10 events):
Event: 0.876 Thread 0x0000000058bac800  319       3       java.util.Vector::elementData (7 bytes)
Event: 0.876 Thread 0x0000000058bac800 nmethod 319 0x0000000002a51a50 code [0x0000000002a51ba0, 0x0000000002a51d10]
Event: 1.244 Thread 0x0000000058bac800  320       1       java.util.EventObject::getSource (5 bytes)
Event: 1.244 Thread 0x0000000058bac800 nmethod 320 0x0000000002a51e10 code [0x0000000002a51f60, 0x0000000002a52070]
Event: 1.292 Thread 0x0000000058bac800  322       1       java.util.concurrent.locks.AbstractOwnableSynchronizer::getExclusiveOwnerThread (5 bytes)
Event: 1.292 Thread 0x0000000058bac800 nmethod 322 0x0000000002a520d0 code [0x0000000002a52220, 0x0000000002a52330]
Event: 1.292 Thread 0x0000000058bac800  321       1       java.lang.Boolean::booleanValue (5 bytes)
Event: 1.292 Thread 0x0000000058bac800 nmethod 321 0x0000000002a52390 code [0x0000000002a524e0, 0x0000000002a525f0]
Event: 1.324 Thread 0x0000000058bac800  323       3       sun.awt.AWTAutoShutdown::getInstance (4 bytes)
Event: 1.324 Thread 0x0000000058bac800 nmethod 323 0x0000000002a52650 code [0x0000000002a527a0, 0x0000000002a528d0]

GC Heap History (0 events):
No events

Deoptimization events (0 events):
No events

Internal exceptions (10 events):
Event: 0.101 Thread 0x0000000002508000 Exception <a 'java/security/PrivilegedActionException'> (0x00000000d5e55a58) thrown at [D:\re\workspace\8-2-build-windows-amd64-cygwin\jdk8u92\6642\hotspot\src\share\vm\prims\jvm.cpp, line 1386]
Event: 0.101 Thread 0x0000000002508000 Exception <a 'java/security/PrivilegedActionException'> (0x00000000d5e55c68) thrown at [D:\re\workspace\8-2-build-windows-amd64-cygwin\jdk8u92\6642\hotspot\src\share\vm\prims\jvm.cpp, line 1386]
Event: 0.101 Thread 0x0000000002508000 Exception <a 'java/security/PrivilegedActionException'> (0x00000000d5e59810) thrown at [D:\re\workspace\8-2-build-windows-amd64-cygwin\jdk8u92\6642\hotspot\src\share\vm\prims\jvm.cpp, line 1386]
Event: 0.101 Thread 0x0000000002508000 Exception <a 'java/security/PrivilegedActionException'> (0x00000000d5e59a20) thrown at [D:\re\workspace\8-2-build-windows-amd64-cygwin\jdk8u92\6642\hotspot\src\share\vm\prims\jvm.cpp, line 1386]
Event: 0.107 Thread 0x0000000002508000 Exception <a 'java/io/FileNotFoundException'> (0x00000000d5e63838) thrown at [D:\re\workspace\8-2-build-windows-amd64-cygwin\jdk8u92\6642\hotspot\src\share\vm\prims\jni.cpp, line 709]
Event: 0.137 Thread 0x0000000002508000 Exception <a 'java/lang/NoSuchFieldError': method resolution failed> (0x00000000d5fd7188) thrown at [D:\re\workspace\8-2-build-windows-amd64-cygwin\jdk8u92\6642\hotspot\src\share\vm\prims\methodHandles.cpp, line 1146]
Event: 0.139 Thread 0x0000000002508000 Exception <a 'java/lang/NoSuchFieldError': method resolution failed> (0x00000000d5fe4558) thrown at [D:\re\workspace\8-2-build-windows-amd64-cygwin\jdk8u92\6642\hotspot\src\share\vm\prims\methodHandles.cpp, line 1146]
Event: 0.187 Thread 0x000000005af1d000 Exception <a 'java/io/FileNotFoundException'> (0x00000000d6179c98) thrown at [D:\re\workspace\8-2-build-windows-amd64-cygwin\jdk8u92\6642\hotspot\src\share\vm\prims\jni.cpp, line 709]
Event: 0.239 Thread 0x000000005af1d000 Exception <a 'java/io/FileNotFoundException'> (0x00000000d62d9298) thrown at [D:\re\workspace\8-2-build-windows-amd64-cygwin\jdk8u92\6642\hotspot\src\share\vm\prims\jni.cpp, line 709]
Event: 0.239 Thread 0x000000005af1d000 Exception <a 'java/lang/NullPointerException'> (0x00000000d62d98d0) thrown at [D:\re\workspace\8-2-build-windows-amd64-cygwin\jdk8u92\6642\hotspot\src\share\vm\interpreter\linkResolver.cpp, line 1178]

Events (10 events):
Event: 0.266 loading class sun/awt/image/NativeLibLoader$1
Event: 0.266 loading class sun/awt/image/NativeLibLoader$1 done
Event: 0.269 loading class java/applet/Applet
Event: 0.269 loading class java/awt/Panel
Event: 0.270 loading class java/awt/Panel done
Event: 0.270 loading class java/applet/Applet done
Event: 0.270 loading class photonApi/FloatArrayRef
Event: 0.270 loading class photonApi/FloatArrayRef done
Event: 4.191 Executing VM operation: EnableBiasedLocking
Event: 4.191 Executing VM operation: EnableBiasedLocking done


Dynamic libraries:
0x000000013f7e0000 - 0x000000013f817000 	C:\Program Files\Java\jre1.8.0_92\bin\javaw.exe
0x0000000076e60000 - 0x000000007700a000 	C:\Windows\SYSTEM32\ntdll.dll
0x0000000076c40000 - 0x0000000076d5f000 	C:\Windows\system32\kernel32.dll
0x000007fefcd70000 - 0x000007fefcdda000 	C:\Windows\system32\KERNELBASE.dll
0x000007fefed40000 - 0x000007fefee1b000 	C:\Windows\system32\ADVAPI32.dll
0x000007fefe710000 - 0x000007fefe7af000 	C:\Windows\system32\msvcrt.dll
0x000007fefe5c0000 - 0x000007fefe5df000 	C:\Windows\SYSTEM32\sechost.dll
0x000007fefe5e0000 - 0x000007fefe70d000 	C:\Windows\system32\RPCRT4.dll
0x0000000076d60000 - 0x0000000076e5a000 	C:\Windows\system32\USER32.dll
0x000007fefe550000 - 0x000007fefe5b7000 	C:\Windows\system32\GDI32.dll
0x000007feff160000 - 0x000007feff16e000 	C:\Windows\system32\LPK.dll
0x000007fefea60000 - 0x000007fefeb2a000 	C:\Windows\system32\USP10.dll
0x000007fefb530000 - 0x000007fefb724000 	C:\Windows\WinSxS\amd64_microsoft.windows.common-controls_6595b64144ccf1df_6.0.7601.18837_none_fa3b1e3d17594757\COMCTL32.dll
0x000007fefeb30000 - 0x000007fefeba1000 	C:\Windows\system32\SHLWAPI.dll
0x000007fefd1d0000 - 0x000007fefd1fe000 	C:\Windows\system32\IMM32.DLL
0x000007fefe8d0000 - 0x000007fefe9d9000 	C:\Windows\system32\MSCTF.dll
0x000007fefcac0000 - 0x000007fefcaf2000 	C:\Windows\system32\nvinitx.dll
0x000007fefcab0000 - 0x000007fefcabc000 	C:\Windows\system32\VERSION.dll
0x00000000747b0000 - 0x00000000747b6000 	C:\Program Files\NVIDIA Corporation\CoProcManager\detoured.dll
0x000007fefa030000 - 0x000007fefa068000 	C:\Program Files\NVIDIA Corporation\CoProcManager\nvd3d9wrapx.dll
0x000007fefcf50000 - 0x000007fefd127000 	C:\Windows\system32\SETUPAPI.dll
0x000007fefcbb0000 - 0x000007fefcbe6000 	C:\Windows\system32\CFGMGR32.dll
0x000007fefe260000 - 0x000007fefe33a000 	C:\Windows\system32\OLEAUT32.dll
0x000007fefe340000 - 0x000007fefe543000 	C:\Windows\system32\ole32.dll
0x000007fefcc40000 - 0x000007fefcc5a000 	C:\Windows\system32\DEVOBJ.dll
0x000007fef9ff0000 - 0x000007fefa014000 	C:\Program Files\NVIDIA Corporation\CoProcManager\nvdxgiwrapx.dll
0x000000006c540000 - 0x000000006c612000 	C:\Program Files\Java\jre1.8.0_92\bin\msvcr100.dll
0x00000000633a0000 - 0x0000000063c36000 	C:\Program Files\Java\jre1.8.0_92\bin\server\jvm.dll
0x000007fef21d0000 - 0x000007fef21d9000 	C:\Windows\system32\WSOCK32.dll
0x000007fefea00000 - 0x000007fefea4d000 	C:\Windows\system32\WS2_32.dll
0x000007fefea50000 - 0x000007fefea58000 	C:\Windows\system32\NSI.dll
0x000007fef98e0000 - 0x000007fef991b000 	C:\Windows\system32\WINMM.dll
0x0000000077020000 - 0x0000000077027000 	C:\Windows\system32\PSAPI.DLL
0x0000000064e20000 - 0x0000000064e2f000 	C:\Program Files\Java\jre1.8.0_92\bin\verify.dll
0x0000000064ae0000 - 0x0000000064b09000 	C:\Program Files\Java\jre1.8.0_92\bin\java.dll
0x0000000064ac0000 - 0x0000000064ad6000 	C:\Program Files\Java\jre1.8.0_92\bin\zip.dll
0x000007fefd4d0000 - 0x000007fefe25a000 	C:\Windows\system32\SHELL32.dll
0x000007fefcb90000 - 0x000007fefcb9f000 	C:\Windows\system32\profapi.dll
0x000007fee86e0000 - 0x000007fee872c000 	C:\Users\FatCat\Desktop\Photon-v2\Photon-v2_library\Engine\Lib\Engine.dll
0x000007fefa0d0000 - 0x000007fefa0d3000 	C:\Windows\system32\api-ms-win-core-synch-l1-2-0.DLL
0x000007fee94b0000 - 0x000007fee94eb000 	C:\Users\FatCat\Desktop\Photon-v2\Photon-v2_library\JNI\JNI.dll
0x000000006add0000 - 0x000000006af68000 	C:\Program Files\Java\jre1.8.0_92\bin\awt.dll
0x000007fefb0e0000 - 0x000007fefb136000 	C:\Windows\system32\uxtheme.dll
0x0000000180000000 - 0x0000000180054000 	C:\Program Files (x86)\Lenovo\Onekey Theater\ActiveDetect64.dll
0x0000000002240000 - 0x000000000226b000 	C:\Program Files (x86)\Lenovo\Onekey Theater\WindowsApiHookDll64.dll
0x000007fefad10000 - 0x000007fefad28000 	C:\Windows\system32\dwmapi.dll
0x000007fefc980000 - 0x000007fefc98f000 	C:\Windows\system32\CRYPTBASE.dll
0x000000006c690000 - 0x000000006c6d7000 	C:\Program Files\Java\jre1.8.0_92\bin\fontmanager.dll
0x000007fefe7b0000 - 0x000007fefe849000 	C:\Windows\system32\CLBCatQ.DLL
0x000007fef44b0000 - 0x000007fef45d5000 	C:\Windows\system32\dbghelp.dll

VM Arguments:
jvm_args: -Djava.library.path=C:\Users\FatCat\Desktop\Photon-v2\Photon-v2_library -Dfile.encoding=MS950 
java_command: core.Main
java_class_path (initial): C:\Users\FatCat\Desktop\Photon-v2\EditorApplication\bin
Launcher Type: SUN_STANDARD

Environment Variables:
PATH=C:/Program Files/Java/jre1.8.0_92/bin/server;C:/Program Files/Java/jre1.8.0_92/bin;C:/Program Files/Java/jre1.8.0_92/lib/amd64;C:\ProgramData\Oracle\Java\javapath;D:\Program Files\Tecplot\Tecplot 360 EX 2014 R1\bin;C:\Program Files\Microsoft HPC Pack 2008 R2\Bin\;C:\Program Files (x86)\VNI\imsl\fnl600\Intel64\lib;C:\Program files\MPICH2\bin;C:\Program Files (x86)\VNI\imsl\fnl600\IA64\lib;C:\Program Files (x86)\VNI\imsl\fnl600\IA32\lib;C:\Program files\MPICH2\bin;C:\Program Files (x86)\Intel\Compiler\11.1\048\lib\Intel64;C:\Program Files (x86)\Intel\Compiler\11.1\048\lib\ia32;C:\Program Files (x86)\Intel\Compiler\11.1\048\mkl\em64t\bin;C:\cygwin64\bin;C:\cygwin64\usr\bin;C:\cygwin64\usr\local\bin;C:\cygwin64\lib;C:\cygwin64\usr\lib;C:\Program Files (x86)\Microsoft SQL Server\90\Tools\binn\;C:\Windows\System32;C:\Program Files\Common Files\Autodesk Shared\;C:\Program Files\Java\jdk1.8.0_40\bin;C:\Program Files\Git\cmd;C:\Program Files (x86)\Skype\Phone\;C:\Program Files (x86)\GtkSharp\2.12\bin;C:\Program Files\Microsoft SQL Server\110\Tools\Binn\;C:\Program Files (x86)\NVIDIA Corporation\PhysX\Common;C:\Program Files\Microsoft SQL Server\120\Tools\Binn\;C:\Program Files (x86)\Windows Kits\8.1\Windows Performance Toolkit\;C:\Program Files\Intel\WiFi\bin\;C:\Program Files\Common Files\Intel\WirelessCommon\;C:\Program Files (x86)\HDRSee;C:\Program Files\eclipse mars;
USERNAME=FatCat
OS=Windows_NT
PROCESSOR_IDENTIFIER=Intel64 Family 6 Model 58 Stepping 9, GenuineIntel



---------------  S Y S T E M  ---------------

OS: Windows 7 , 64 bit Build 7601 (6.1.7601.23543)

CPU:total 8 (4 cores per cpu, 2 threads per core) family 6 model 58 stepping 9, cmov, cx8, fxsr, mmx, sse, sse2, sse3, ssse3, sse4.1, sse4.2, popcnt, avx, aes, clmul, erms, ht, tsc, tscinvbit, tscinv

Memory: 4k page, physical 8288620k(2840636k free), swap 16575380k(8836664k free)

vm_info: Java HotSpot(TM) 64-Bit Server VM (25.92-b14) for windows-amd64 JRE (1.8.0_92-b14), built on Mar 31 2016 21:03:04 by "java_re" with MS VC++ 10.0 (VS2010)

time: Wed Nov 02 00:42:23 2016
elapsed time: 7 seconds (0d 0h 0m 7s)

