#
# A fatal error has been detected by the Java Runtime Environment:
#
#  EXCEPTION_ACCESS_VIOLATION (0xc0000005) at pc=0x00000000634e5b59, pid=16424, tid=0x0000000000000f10
#
# JRE version: Java(TM) SE Runtime Environment (8.0_92-b14) (build 1.8.0_92-b14)
# Java VM: Java HotSpot(TM) 64-Bit Server VM (25.92-b14 mixed mode windows-amd64 compressed oops)
# Problematic frame:
# V  [jvm.dll+0x145b59]
#
# Failed to write core dump. Minidumps are not enabled by default on client versions of Windows
#
# If you would like to submit a bug report, please visit:
#   http://bugreport.java.com/bugreport/crash.jsp
#

---------------  T H R E A D  ---------------

Current thread (0x000000005ad6d800):  JavaThread "AWT-EventQueue-0" [_thread_in_vm, id=3856, stack(0x000000005bc50000,0x000000005bd50000)]

siginfo: ExceptionCode=0xc0000005, reading address 0x0000000000000000

Registers:
RAX=0x0000000057714460, RBX=0x0000000058b763f0, RCX=0x0000000057714462, RDX=0x0000000000000000
RSP=0x000000005bd4dff0, RBP=0x000000005ad6d800, RSI=0x0000000000000000, RDI=0x0000000057714460
R8 =0x0000000000000001, R9 =0x000007fe91dc8ca8, R10=0x0000000057714460, R11=0x0000000000000049
R12=0x0000000000000000, R13=0x000007fee94dd110, R14=0x000007fee94dd108, R15=0x000000005ad6d800
RIP=0x00000000634e5b59, EFLAGS=0x0000000000010206

Top of Stack: (sp=0x000000005bd4dff0)
0x000000005bd4dff0:   0000000058b763f0 0000000000000000
0x000000005bd4e000:   0000000000000000 000000005ad6d800
0x000000005bd4e010:   0000000058adf2a8 0000000000000000
0x000000005bd4e020:   0000000000000049 000007fee871af01
0x000000005bd4e030:   000000005ad6d800 0000000000000000
0x000000005bd4e040:   000000005ad6d800 0000000058adf2a8
0x000000005bd4e050:   00000000000000c7 0000000063984260
0x000000005bd4e060:   000000005ad6d9f8 00000000573109f8
0x000000005bd4e070:   0000000000000000 00000000027c80c0
0x000000005bd4e080:   0000000020200021 000007fee94b335e
0x000000005bd4e090:   000000002ed02f1f 0000000000000000
0x000000005bd4e0a0:   000000005bd4e190 000000005bd4e190
0x000000005bd4e0b0:   0000000058b82900 000000005ad6d800
0x000000005bd4e0c0:   000000005bd4e190 00000000027c80c0
0x000000005bd4e0d0:   0000000020200021 00000000027d7f34
0x000000005bd4e0e0:   0000000000000500 00000000573109f8 

Instructions: (pc=0x00000000634e5b59)
0x00000000634e5b39:   8d 51 ff 49 8b ce e8 1c 08 f3 ff 48 8b f8 48 85
0x00000000634e5b49:   db 0f 84 d5 02 00 00 48 85 c0 0f 84 cc 02 00 00
0x00000000634e5b59:   48 8b 0e e8 2f 24 f2 ff 48 8b d5 48 8b f0 48 8b
0x00000000634e5b69:   00 48 8b ce ff 90 90 00 00 00 4c 39 65 08 0f 84 


Register to memory mapping:

RAX=0x0000000057714460 is an unknown value
RBX=0x0000000058b763f0 is an unknown value
RCX=0x0000000057714462 is an unknown value
RDX=0x0000000000000000 is an unknown value
RSP=0x000000005bd4dff0 is pointing into the stack for thread: 0x000000005ad6d800
RBP=0x000000005ad6d800 is a thread
RSI=0x0000000000000000 is an unknown value
RDI=0x0000000057714460 is an unknown value
R8 =0x0000000000000001 is an unknown value
R9 =0x000007fe91dc8ca8 is an unknown value
R10=0x0000000057714460 is an unknown value
R11=0x0000000000000049 is an unknown value
R12=0x0000000000000000 is an unknown value
R13=0x000007fee94dd110 is an unknown value
R14=0x000007fee94dd108 is an unknown value
R15=0x000000005ad6d800 is a thread


Stack: [0x000000005bc50000,0x000000005bd50000],  sp=0x000000005bd4dff0,  free space=1015k
Native frames: (J=compiled Java code, j=interpreted, Vv=VM code, C=native code)
V  [jvm.dll+0x145b59]
C  [JNI.dll+0x335e]  Java_photonApi_Ph_genTestHdrFrame+0x5e
C  0x00000000027d7f34

Java frames: (J=compiled Java code, j=interpreted, Vv=VM code)
j  photonApi.Ph.genTestHdrFrame(LphotonApi/FloatArrayRef;LphotonApi/IntRef;LphotonApi/IntRef;)V+0
j  ui.Window.<init>(II)V+125
j  core.Main$1.run()V+9
j  java.awt.event.InvocationEvent.dispatch()V+47
j  java.awt.EventQueue.dispatchEventImpl(Ljava/awt/AWTEvent;Ljava/lang/Object;)V+21
j  java.awt.EventQueue.access$500(Ljava/awt/EventQueue;Ljava/awt/AWTEvent;Ljava/lang/Object;)V+3
j  java.awt.EventQueue$3.run()Ljava/lang/Void;+32
j  java.awt.EventQueue$3.run()Ljava/lang/Object;+1
v  ~StubRoutines::call_stub
j  java.security.AccessController.doPrivileged(Ljava/security/PrivilegedAction;Ljava/security/AccessControlContext;)Ljava/lang/Object;+0
j  java.security.ProtectionDomain$JavaSecurityAccessImpl.doIntersectionPrivilege(Ljava/security/PrivilegedAction;Ljava/security/AccessControlContext;Ljava/security/AccessControlContext;)Ljava/lang/Object;+18
j  java.awt.EventQueue.dispatchEvent(Ljava/awt/AWTEvent;)V+46
j  java.awt.EventDispatchThread.pumpOneEventForFilters(I)V+245
j  java.awt.EventDispatchThread.pumpEventsForFilter(ILjava/awt/Conditional;Ljava/awt/EventFilter;)V+35
j  java.awt.EventDispatchThread.pumpEventsForHierarchy(ILjava/awt/Conditional;Ljava/awt/Component;)V+11
j  java.awt.EventDispatchThread.pumpEvents(ILjava/awt/Conditional;)V+4
j  java.awt.EventDispatchThread.pumpEvents(Ljava/awt/Conditional;)V+3
j  java.awt.EventDispatchThread.run()V+9
v  ~StubRoutines::call_stub

---------------  P R O C E S S  ---------------

Java Threads: ( => current thread )
  0x00000000023b8000 JavaThread "DestroyJavaVM" [_thread_blocked, id=7956, stack(0x00000000026c0000,0x00000000027c0000)]
=>0x000000005ad6d800 JavaThread "AWT-EventQueue-0" [_thread_in_vm, id=3856, stack(0x000000005bc50000,0x000000005bd50000)]
  0x000000005ad67000 JavaThread "AWT-Windows" daemon [_thread_in_native, id=5096, stack(0x000000005b870000,0x000000005b970000)]
  0x000000005ad66800 JavaThread "AWT-Shutdown" [_thread_blocked, id=9708, stack(0x000000005b620000,0x000000005b720000)]
  0x000000005ad65800 JavaThread "Java2D Disposer" daemon [_thread_blocked, id=15656, stack(0x000000005a530000,0x000000005a630000)]
  0x0000000058b7f800 JavaThread "Service Thread" daemon [_thread_blocked, id=8424, stack(0x000000005a640000,0x000000005a740000)]
  0x0000000058afc800 JavaThread "C1 CompilerThread3" daemon [_thread_blocked, id=13680, stack(0x000000005a430000,0x000000005a530000)]
  0x0000000058af3800 JavaThread "C2 CompilerThread2" daemon [_thread_blocked, id=3980, stack(0x000000005a180000,0x000000005a280000)]
  0x0000000058aea000 JavaThread "C2 CompilerThread1" daemon [_thread_blocked, id=12724, stack(0x0000000059b70000,0x0000000059c70000)]
  0x0000000058ae2800 JavaThread "C2 CompilerThread0" daemon [_thread_blocked, id=16128, stack(0x000000005a2c0000,0x000000005a3c0000)]
  0x0000000058ae0000 JavaThread "Attach Listener" daemon [_thread_blocked, id=5020, stack(0x000000005a030000,0x000000005a130000)]
  0x0000000058abf000 JavaThread "Signal Dispatcher" daemon [_thread_blocked, id=8380, stack(0x0000000059f20000,0x000000005a020000)]
  0x00000000578ff800 JavaThread "Finalizer" daemon [_thread_blocked, id=6864, stack(0x0000000059dd0000,0x0000000059ed0000)]
  0x00000000578f8800 JavaThread "Reference Handler" daemon [_thread_blocked, id=14412, stack(0x0000000059c90000,0x0000000059d90000)]

Other Threads:
  0x0000000058a72800 VMThread [stack: 0x0000000059a40000,0x0000000059b40000] [id=15652]
  0x0000000058bc1000 WatcherThread [stack: 0x000000005a820000,0x000000005a920000] [id=8440]

VM state:not at safepoint (normal execution)

VM Mutex/Monitor currently owned by a thread: None

Heap:
 PSYoungGen      total 38400K, used 9593K [0x00000000d5d80000, 0x00000000d8800000, 0x0000000100000000)
  eden space 33280K, 28% used [0x00000000d5d80000,0x00000000d66de678,0x00000000d7e00000)
  from space 5120K, 0% used [0x00000000d8300000,0x00000000d8300000,0x00000000d8800000)
  to   space 5120K, 0% used [0x00000000d7e00000,0x00000000d7e00000,0x00000000d8300000)
 ParOldGen       total 87552K, used 0K [0x0000000081800000, 0x0000000086d80000, 0x00000000d5d80000)
  object space 87552K, 0% used [0x0000000081800000,0x0000000081800000,0x0000000086d80000)
 Metaspace       used 7814K, capacity 8010K, committed 8320K, reserved 1056768K
  class space    used 941K, capacity 1030K, committed 1152K, reserved 1048576K

Card table byte_map: [0x0000000011b80000,0x0000000011f80000] byte_map_base: 0x0000000011774000

Marking Bits: (ParMarkBitMap*) 0x0000000063bb64f0
 Begin Bits: [0x0000000012bd0000, 0x0000000014b70000)
 End Bits:   [0x0000000014b70000, 0x0000000016b10000)

Polling page: 0x0000000000330000

CodeCache: size=245760Kb used=1776Kb max_used=1776Kb free=243984Kb
 bounds [0x00000000027c0000, 0x0000000002a30000, 0x00000000117c0000]
 total_blobs=743 nmethods=330 adapters=326
 compilation: enabled

Compilation events (10 events):
Event: 0.292 Thread 0x0000000058afc800  325   !   3       java.lang.ClassLoader::loadClass (122 bytes)
Event: 0.294 Thread 0x0000000058afc800 nmethod 325 0x00000000029787d0 code [0x0000000002978b40, 0x000000000297ae58]
Event: 0.302 Thread 0x0000000058afc800  326       3       java.awt.Component::getTreeLock (4 bytes)
Event: 0.302 Thread 0x0000000058afc800 nmethod 326 0x0000000002973d90 code [0x0000000002973ee0, 0x0000000002974030]
Event: 0.303 Thread 0x0000000058afc800  328       1       java.net.URL::getRef (5 bytes)
Event: 0.304 Thread 0x0000000058afc800 nmethod 328 0x0000000002973750 code [0x00000000029738a0, 0x00000000029739b0]
Event: 5.772 Thread 0x0000000058afc800  329       3       sun.awt.AWTAutoShutdown::getInstance (4 bytes)
Event: 5.772 Thread 0x0000000058afc800 nmethod 329 0x0000000002973450 code [0x00000000029735a0, 0x00000000029736d0]
Event: 7.068 Thread 0x0000000058afc800  330       3       java.lang.String::indexOf (7 bytes)
Event: 7.068 Thread 0x0000000058afc800 nmethod 330 0x0000000002972ed0 code [0x0000000002973040, 0x00000000029732c8]

GC Heap History (0 events):
No events

Deoptimization events (0 events):
No events

Internal exceptions (10 events):
Event: 0.109 Thread 0x00000000023b8000 Exception <a 'java/security/PrivilegedActionException'> (0x00000000d5e55c68) thrown at [D:\re\workspace\8-2-build-windows-amd64-cygwin\jdk8u92\6642\hotspot\src\share\vm\prims\jvm.cpp, line 1386]
Event: 0.110 Thread 0x00000000023b8000 Exception <a 'java/security/PrivilegedActionException'> (0x00000000d5e59810) thrown at [D:\re\workspace\8-2-build-windows-amd64-cygwin\jdk8u92\6642\hotspot\src\share\vm\prims\jvm.cpp, line 1386]
Event: 0.110 Thread 0x00000000023b8000 Exception <a 'java/security/PrivilegedActionException'> (0x00000000d5e59a20) thrown at [D:\re\workspace\8-2-build-windows-amd64-cygwin\jdk8u92\6642\hotspot\src\share\vm\prims\jvm.cpp, line 1386]
Event: 0.116 Thread 0x00000000023b8000 Exception <a 'java/io/FileNotFoundException'> (0x00000000d5e63838) thrown at [D:\re\workspace\8-2-build-windows-amd64-cygwin\jdk8u92\6642\hotspot\src\share\vm\prims\jni.cpp, line 709]
Event: 0.151 Thread 0x00000000023b8000 Exception <a 'java/lang/NoSuchFieldError': method resolution failed> (0x00000000d5fd7188) thrown at [D:\re\workspace\8-2-build-windows-amd64-cygwin\jdk8u92\6642\hotspot\src\share\vm\prims\methodHandles.cpp, line 1146]
Event: 0.153 Thread 0x00000000023b8000 Exception <a 'java/lang/NoSuchFieldError': method resolution failed> (0x00000000d5fe4558) thrown at [D:\re\workspace\8-2-build-windows-amd64-cygwin\jdk8u92\6642\hotspot\src\share\vm\prims\methodHandles.cpp, line 1146]
Event: 0.212 Thread 0x000000005ad6d800 Exception <a 'java/io/FileNotFoundException'> (0x00000000d6179c98) thrown at [D:\re\workspace\8-2-build-windows-amd64-cygwin\jdk8u92\6642\hotspot\src\share\vm\prims\jni.cpp, line 709]
Event: 0.268 Thread 0x000000005ad6d800 Exception <a 'java/io/FileNotFoundException'> (0x00000000d62d90e0) thrown at [D:\re\workspace\8-2-build-windows-amd64-cygwin\jdk8u92\6642\hotspot\src\share\vm\prims\jni.cpp, line 709]
Event: 0.268 Thread 0x000000005ad6d800 Exception <a 'java/lang/NullPointerException'> (0x00000000d62d9718) thrown at [D:\re\workspace\8-2-build-windows-amd64-cygwin\jdk8u92\6642\hotspot\src\share\vm\interpreter\linkResolver.cpp, line 1178]
Event: 7.068 Thread 0x000000005ad6d800 Exception <a 'java/lang/NoClassDefFoundError': LphotonApi/IntRef> (0x00000000d6306598) thrown at [D:\re\workspace\8-2-build-windows-amd64-cygwin\jdk8u92\6642\hotspot\src\share\vm\classfile\systemDictionary.cpp, line 199]

Events (10 events):
Event: 0.302 loading class java/applet/Applet
Event: 0.302 loading class java/awt/Panel
Event: 0.302 loading class java/awt/Panel done
Event: 0.302 loading class java/applet/Applet done
Event: 0.303 loading class photonApi/FloatArrayRef
Event: 0.303 loading class photonApi/FloatArrayRef done
Event: 4.221 Executing VM operation: EnableBiasedLocking
Event: 4.221 Executing VM operation: EnableBiasedLocking done
Event: 7.068 loading class LphotonApi/IntRef
Event: 7.068 loading class LphotonApi/IntRef done


Dynamic libraries:
0x000000013ff50000 - 0x000000013ff87000 	C:\Program Files\Java\jre1.8.0_92\bin\javaw.exe
0x0000000076e60000 - 0x000000007700a000 	C:\Windows\SYSTEM32\ntdll.dll
0x0000000076c40000 - 0x0000000076d5f000 	C:\Windows\system32\kernel32.dll
0x000007fefcd70000 - 0x000007fefcdda000 	C:\Windows\system32\KERNELBASE.dll
0x000007fefed40000 - 0x000007fefee1b000 	C:\Windows\system32\ADVAPI32.dll
0x000007fefe710000 - 0x000007fefe7af000 	C:\Windows\system32\msvcrt.dll
0x000007fefe5c0000 - 0x000007fefe5df000 	C:\Windows\SYSTEM32\sechost.dll
0x000007fefe5e0000 - 0x000007fefe70d000 	C:\Windows\system32\RPCRT4.dll
0x0000000076d60000 - 0x0000000076e5a000 	C:\Windows\system32\USER32.dll
0x000007fefe550000 - 0x000007fefe5b7000 	C:\Windows\system32\GDI32.dll
0x000007feff160000 - 0x000007feff16e000 	C:\Windows\system32\LPK.dll
0x000007fefea60000 - 0x000007fefeb2a000 	C:\Windows\system32\USP10.dll
0x000007fefb530000 - 0x000007fefb724000 	C:\Windows\WinSxS\amd64_microsoft.windows.common-controls_6595b64144ccf1df_6.0.7601.18837_none_fa3b1e3d17594757\COMCTL32.dll
0x000007fefeb30000 - 0x000007fefeba1000 	C:\Windows\system32\SHLWAPI.dll
0x000007fefd1d0000 - 0x000007fefd1fe000 	C:\Windows\system32\IMM32.DLL
0x000007fefe8d0000 - 0x000007fefe9d9000 	C:\Windows\system32\MSCTF.dll
0x000007fefcac0000 - 0x000007fefcaf2000 	C:\Windows\system32\nvinitx.dll
0x000007fefcab0000 - 0x000007fefcabc000 	C:\Windows\system32\VERSION.dll
0x00000000747b0000 - 0x00000000747b6000 	C:\Program Files\NVIDIA Corporation\CoProcManager\detoured.dll
0x000007fefa030000 - 0x000007fefa068000 	C:\Program Files\NVIDIA Corporation\CoProcManager\nvd3d9wrapx.dll
0x000007fefcf50000 - 0x000007fefd127000 	C:\Windows\system32\SETUPAPI.dll
0x000007fefcbb0000 - 0x000007fefcbe6000 	C:\Windows\system32\CFGMGR32.dll
0x000007fefe260000 - 0x000007fefe33a000 	C:\Windows\system32\OLEAUT32.dll
0x000007fefe340000 - 0x000007fefe543000 	C:\Windows\system32\ole32.dll
0x000007fefcc40000 - 0x000007fefcc5a000 	C:\Windows\system32\DEVOBJ.dll
0x000007fef9ff0000 - 0x000007fefa014000 	C:\Program Files\NVIDIA Corporation\CoProcManager\nvdxgiwrapx.dll
0x000000006d050000 - 0x000000006d122000 	C:\Program Files\Java\jre1.8.0_92\bin\msvcr100.dll
0x00000000633a0000 - 0x0000000063c36000 	C:\Program Files\Java\jre1.8.0_92\bin\server\jvm.dll
0x000007fef21d0000 - 0x000007fef21d9000 	C:\Windows\system32\WSOCK32.dll
0x000007fefea00000 - 0x000007fefea4d000 	C:\Windows\system32\WS2_32.dll
0x000007fefea50000 - 0x000007fefea58000 	C:\Windows\system32\NSI.dll
0x000007fef98e0000 - 0x000007fef991b000 	C:\Windows\system32\WINMM.dll
0x0000000077020000 - 0x0000000077027000 	C:\Windows\system32\PSAPI.DLL
0x0000000064e20000 - 0x0000000064e2f000 	C:\Program Files\Java\jre1.8.0_92\bin\verify.dll
0x0000000064ae0000 - 0x0000000064b09000 	C:\Program Files\Java\jre1.8.0_92\bin\java.dll
0x0000000064ac0000 - 0x0000000064ad6000 	C:\Program Files\Java\jre1.8.0_92\bin\zip.dll
0x000007fefd4d0000 - 0x000007fefe25a000 	C:\Windows\system32\SHELL32.dll
0x000007fefcb90000 - 0x000007fefcb9f000 	C:\Windows\system32\profapi.dll
0x000007fee86e0000 - 0x000007fee872c000 	C:\Users\FatCat\Desktop\Photon-v2\Photon-v2_library\Engine\Lib\Engine.dll
0x000007fefa0d0000 - 0x000007fefa0d3000 	C:\Windows\system32\api-ms-win-core-synch-l1-2-0.DLL
0x000007fee94b0000 - 0x000007fee94eb000 	C:\Users\FatCat\Desktop\Photon-v2\Photon-v2_library\JNI\JNI.dll
0x000000006b3b0000 - 0x000000006b548000 	C:\Program Files\Java\jre1.8.0_92\bin\awt.dll
0x000007fefb0e0000 - 0x000007fefb136000 	C:\Windows\system32\uxtheme.dll
0x0000000180000000 - 0x0000000180054000 	C:\Program Files (x86)\Lenovo\Onekey Theater\ActiveDetect64.dll
0x0000000002460000 - 0x000000000248b000 	C:\Program Files (x86)\Lenovo\Onekey Theater\WindowsApiHookDll64.dll
0x000007fefad10000 - 0x000007fefad28000 	C:\Windows\system32\dwmapi.dll
0x000007fefc980000 - 0x000007fefc98f000 	C:\Windows\system32\CRYPTBASE.dll
0x000000006d200000 - 0x000000006d247000 	C:\Program Files\Java\jre1.8.0_92\bin\fontmanager.dll
0x000007fefe7b0000 - 0x000007fefe849000 	C:\Windows\system32\CLBCatQ.DLL
0x000007fef44b0000 - 0x000007fef45d5000 	C:\Windows\system32\dbghelp.dll

VM Arguments:
jvm_args: -Djava.library.path=C:\Users\FatCat\Desktop\Photon-v2\Photon-v2_library -Dfile.encoding=MS950 
java_command: core.Main
java_class_path (initial): C:\Users\FatCat\Desktop\Photon-v2\EditorApplication\bin
Launcher Type: SUN_STANDARD

Environment Variables:
PATH=C:/Program Files/Java/jre1.8.0_92/bin/server;C:/Program Files/Java/jre1.8.0_92/bin;C:/Program Files/Java/jre1.8.0_92/lib/amd64;C:\ProgramData\Oracle\Java\javapath;D:\Program Files\Tecplot\Tecplot 360 EX 2014 R1\bin;C:\Program Files\Microsoft HPC Pack 2008 R2\Bin\;C:\Program Files (x86)\VNI\imsl\fnl600\Intel64\lib;C:\Program files\MPICH2\bin;C:\Program Files (x86)\VNI\imsl\fnl600\IA64\lib;C:\Program Files (x86)\VNI\imsl\fnl600\IA32\lib;C:\Program files\MPICH2\bin;C:\Program Files (x86)\Intel\Compiler\11.1\048\lib\Intel64;C:\Program Files (x86)\Intel\Compiler\11.1\048\lib\ia32;C:\Program Files (x86)\Intel\Compiler\11.1\048\mkl\em64t\bin;C:\cygwin64\bin;C:\cygwin64\usr\bin;C:\cygwin64\usr\local\bin;C:\cygwin64\lib;C:\cygwin64\usr\lib;C:\Program Files (x86)\Microsoft SQL Server\90\Tools\binn\;C:\Windows\System32;C:\Program Files\Common Files\Autodesk Shared\;C:\Program Files\Java\jdk1.8.0_40\bin;C:\Program Files\Git\cmd;C:\Program Files (x86)\Skype\Phone\;C:\Program Files (x86)\GtkSharp\2.12\bin;C:\Program Files\Microsoft SQL Server\110\Tools\Binn\;C:\Program Files (x86)\NVIDIA Corporation\PhysX\Common;C:\Program Files\Microsoft SQL Server\120\Tools\Binn\;C:\Program Files (x86)\Windows Kits\8.1\Windows Performance Toolkit\;C:\Program Files\Intel\WiFi\bin\;C:\Program Files\Common Files\Intel\WirelessCommon\;C:\Program Files (x86)\HDRSee;C:\Program Files\eclipse mars;
USERNAME=FatCat
OS=Windows_NT
PROCESSOR_IDENTIFIER=Intel64 Family 6 Model 58 Stepping 9, GenuineIntel



---------------  S Y S T E M  ---------------

OS: Windows 7 , 64 bit Build 7601 (6.1.7601.23543)

CPU:total 8 (4 cores per cpu, 2 threads per core) family 6 model 58 stepping 9, cmov, cx8, fxsr, mmx, sse, sse2, sse3, ssse3, sse4.1, sse4.2, popcnt, avx, aes, clmul, erms, ht, tsc, tscinvbit, tscinv

Memory: 4k page, physical 8288620k(2835504k free), swap 16575380k(8836968k free)

vm_info: Java HotSpot(TM) 64-Bit Server VM (25.92-b14) for windows-amd64 JRE (1.8.0_92-b14), built on Mar 31 2016 21:03:04 by "java_re" with MS VC++ 10.0 (VS2010)

time: Wed Nov 02 01:12:07 2016
elapsed time: 7 seconds (0d 0h 0m 7s)

