#
# A fatal error has been detected by the Java Runtime Environment:
#
#  EXCEPTION_ACCESS_VIOLATION (0xc0000005) at pc=0x000000006379d0e6, pid=3136, tid=0x00000000000034fc
#
# JRE version: Java(TM) SE Runtime Environment (8.0_92-b14) (build 1.8.0_92-b14)
# Java VM: Java HotSpot(TM) 64-Bit Server VM (25.92-b14 mixed mode windows-amd64 compressed oops)
# Problematic frame:
# V  [jvm.dll+0x3fd0e6]
#
# Failed to write core dump. Minidumps are not enabled by default on client versions of Windows
#
# If you would like to submit a bug report, please visit:
#   http://bugreport.java.com/bugreport/crash.jsp
#

---------------  T H R E A D  ---------------

Current thread (0x0000000002387800):  GCTaskThread [stack: 0x00000000128c0000,0x00000000129c0000] [id=13564]

siginfo: ExceptionCode=0xc0000005, reading address 0x0000000000000500

Registers:
RAX=0x0000000000000500, RBX=0x00000000d6305468, RCX=0x00000000d6305468, RDX=0x0000000016ed0408
RSP=0x00000000129beec0, RBP=0x0000000000000002, RSI=0x00000000589d0a00, RDI=0x0000000000000004
R8 =0x0000000000000002, R9 =0x0000000016ed0408, R10=0x0000000000000008, R11=0x0000000000000000
R12=0x000000000000000b, R13=0x0000000000000500, R14=0x00000000129bf000, R15=0x0000000002387800
RIP=0x000000006379d0e6, EFLAGS=0x0000000000010206

Top of Stack: (sp=0x00000000129beec0)
0x00000000129beec0:   00000000d6305458 0000000000000002
0x00000000129beed0:   00000000589d0a00 00000000000000c5
0x00000000129beee0:   0000000016ed0a38 00000000129bef60
0x00000000129beef0:   0000000057271c30 00000000634acf8a
0x00000000129bef00:   00000000129bf080 00000000129bf000
0x00000000129bef10:   000000000000000b 000000006379fde6
0x00000000129bef20:   000000005be1e3f0 0000000000000008
0x00000000129bef30:   00000000001aa541 0000000000000004
0x00000000129bef40:   0000000000000100 000000006346372b
0x00000000129bef50:   0000000000000100 000000000237c870
0x00000000129bef60:   0000000057271c30 0000000002387800
0x00000000129bef70:   00000000000000c5 00000000129bf800
0x00000000129bef80:   0000000000000000 00000000635ae0d1
0x00000000129bef90:   00000000129bf090 0000000063b91440
0x00000000129befa0:   00000000129bf1a0 0000000057271c30
0x00000000129befb0:   0000000000000000 0000000000000000 

Instructions: (pc=0x000000006379d0e6)
0x000000006379d0c6:   48 8b 52 08 48 8b cb e8 ee 1e cb ff 48 63 e8 41
0x000000006379d0d6:   0f b6 c5 f6 d0 a8 01 49 8b c5 74 06 48 83 e0 fd
0x000000006379d0e6:   8b 00 48 c1 e8 03 83 e0 0f 3b 05 03 95 41 00 0f
0x000000006379d0f6:   83 11 01 00 00 48 8b d5 48 8b ce e8 3a fa ff ff 


Register to memory mapping:

RAX=0x0000000000000500 is an unknown value
RBX=0x00000000d6305468 is an oop
photonApi.IntRef 
 - klass: 'photonApi/IntRef'
RCX=0x00000000d6305468 is an oop
photonApi.IntRef 
 - klass: 'photonApi/IntRef'
RDX=0x0000000016ed0408 is pointing into metadata
RSP=0x00000000129beec0 is an unknown value
RBP=0x0000000000000002 is an unknown value
RSI=0x00000000589d0a00 is an unknown value
RDI=0x0000000000000004 is an unknown value
R8 =0x0000000000000002 is an unknown value
R9 =0x0000000016ed0408 is pointing into metadata
R10=0x0000000000000008 is an unknown value
R11=0x0000000000000000 is an unknown value
R12=0x000000000000000b is an unknown value
R13=0x0000000000000500 is an unknown value
R14=0x00000000129bf000 is an unknown value
R15=0x0000000002387800 is an unknown value


Stack: [0x00000000128c0000,0x00000000129c0000],  sp=0x00000000129beec0,  free space=1019k
Native frames: (J=compiled Java code, j=interpreted, Vv=VM code, C=native code)
V  [jvm.dll+0x3fd0e6]
V  [jvm.dll+0x3ffde6]
V  [jvm.dll+0xc372b]
V  [jvm.dll+0x20e0d1]
V  [jvm.dll+0x20e1b5]
V  [jvm.dll+0x23faef]
V  [jvm.dll+0x4002ac]
V  [jvm.dll+0x3eefbe]
V  [jvm.dll+0x29b34a]
C  [msvcr100.dll+0x21d9f]
C  [msvcr100.dll+0x21e3b]
C  [kernel32.dll+0x159cd]
C  [ntdll.dll+0x2a2e1]

JavaThread 0x000000005afac800 (nid = 8556) was being processed
Java frames: (J=compiled Java code, j=interpreted, Vv=VM code)
j  core.HdrFrame.<init>(II)V+10
j  ui.Window.<init>(II)V+197
j  core.Main$1.run()V+9
j  java.awt.event.InvocationEvent.dispatch()V+47
j  java.awt.EventQueue.dispatchEventImpl(Ljava/awt/AWTEvent;Ljava/lang/Object;)V+21
j  java.awt.EventQueue.access$500(Ljava/awt/EventQueue;Ljava/awt/AWTEvent;Ljava/lang/Object;)V+3
j  java.awt.EventQueue$3.run()Ljava/lang/Void;+32
j  java.awt.EventQueue$3.run()Ljava/lang/Object;+1
v  ~StubRoutines::call_stub
j  java.security.AccessController.doPrivileged(Ljava/security/PrivilegedAction;Ljava/security/AccessControlContext;)Ljava/lang/Object;+0
j  java.security.ProtectionDomain$JavaSecurityAccessImpl.doIntersectionPrivilege(Ljava/security/PrivilegedAction;Ljava/security/AccessControlContext;Ljava/security/AccessControlContext;)Ljava/lang/Object;+18
j  java.awt.EventQueue.dispatchEvent(Ljava/awt/AWTEvent;)V+46
j  java.awt.EventDispatchThread.pumpOneEventForFilters(I)V+245
j  java.awt.EventDispatchThread.pumpEventsForFilter(ILjava/awt/Conditional;Ljava/awt/EventFilter;)V+35
j  java.awt.EventDispatchThread.pumpEventsForHierarchy(ILjava/awt/Conditional;Ljava/awt/Component;)V+11
j  java.awt.EventDispatchThread.pumpEvents(ILjava/awt/Conditional;)V+4
j  java.awt.EventDispatchThread.pumpEvents(Ljava/awt/Conditional;)V+3
j  java.awt.EventDispatchThread.run()V+9
v  ~StubRoutines::call_stub

---------------  P R O C E S S  ---------------

Java Threads: ( => current thread )
  0x0000000002368000 JavaThread "DestroyJavaVM" [_thread_blocked, id=16400, stack(0x0000000002630000,0x0000000002730000)]
  0x000000005afac800 JavaThread "AWT-EventQueue-0" [_thread_blocked, id=8556, stack(0x000000005bd20000,0x000000005be20000)]
  0x000000005af66800 JavaThread "AWT-Windows" daemon [_thread_blocked, id=9420, stack(0x000000005b7d0000,0x000000005b8d0000)]
  0x000000005af66000 JavaThread "AWT-Shutdown" [_thread_blocked, id=6600, stack(0x0000000059e80000,0x0000000059f80000)]
  0x000000005af65000 JavaThread "Java2D Disposer" daemon [_thread_blocked, id=10356, stack(0x000000005a920000,0x000000005aa20000)]
  0x0000000058add000 JavaThread "Service Thread" daemon [_thread_blocked, id=5648, stack(0x000000005a810000,0x000000005a910000)]
  0x0000000058a52000 JavaThread "C1 CompilerThread3" daemon [_thread_blocked, id=16376, stack(0x0000000059bf0000,0x0000000059cf0000)]
  0x0000000058a51000 JavaThread "C2 CompilerThread2" daemon [_thread_blocked, id=8448, stack(0x000000005a680000,0x000000005a780000)]
  0x0000000058a4b800 JavaThread "C2 CompilerThread1" daemon [_thread_blocked, id=13448, stack(0x000000005a4f0000,0x000000005a5f0000)]
  0x0000000058a44800 JavaThread "C2 CompilerThread0" daemon [_thread_blocked, id=13820, stack(0x000000005a320000,0x000000005a420000)]
  0x0000000058a42000 JavaThread "Attach Listener" daemon [_thread_blocked, id=17048, stack(0x000000005a190000,0x000000005a290000)]
  0x0000000058a23000 JavaThread "Signal Dispatcher" daemon [_thread_blocked, id=12892, stack(0x0000000059f80000,0x000000005a080000)]
  0x0000000057862000 JavaThread "Finalizer" daemon [_thread_blocked, id=8196, stack(0x0000000059940000,0x0000000059a40000)]
  0x000000005785b000 JavaThread "Reference Handler" daemon [_thread_blocked, id=12224, stack(0x0000000059d00000,0x0000000059e00000)]

Other Threads:
  0x00000000589d2800 VMThread [stack: 0x0000000059ac0000,0x0000000059bc0000] [id=15292]
  0x0000000058b0c800 WatcherThread [stack: 0x000000005aa40000,0x000000005ab40000] [id=10164]

=>0x0000000002387800 (exited) GCTaskThread [stack: 0x00000000128c0000,0x00000000129c0000] [id=13564]

VM state:at safepoint (normal execution)

VM Mutex/Monitor currently owned by a thread:  ([mutex/lock_event])
[0x000000000247e150] Threads_lock - owner thread: 0x00000000589d2800
[0x000000000247e650] Heap_lock - owner thread: 0x000000005afac800

Heap:
 PSYoungGen      total 38400K, used 33280K [0x00000000d5d80000, 0x00000000d8800000, 0x0000000100000000)
  eden space 33280K, 100% used [0x00000000d5d80000,0x00000000d7e00000,0x00000000d7e00000)
  from space 5120K, 0% used [0x00000000d8300000,0x00000000d8300000,0x00000000d8800000)
  to   space 5120K, 99% used [0x00000000d7e00000,0x00000000d82fb620,0x00000000d8300000)
 ParOldGen       total 87552K, used 31897K [0x0000000081800000, 0x0000000086d80000, 0x00000000d5d80000)
  object space 87552K, 36% used [0x0000000081800000,0x00000000837267b8,0x0000000086d80000)
 Metaspace       used 7812K, capacity 8066K, committed 8320K, reserved 1056768K
  class space    used 942K, capacity 1030K, committed 1152K, reserved 1048576K

Card table byte_map: [0x0000000011af0000,0x0000000011ef0000] byte_map_base: 0x00000000116e4000

Marking Bits: (ParMarkBitMap*) 0x0000000063bb64f0
 Begin Bits: [0x0000000012b30000, 0x0000000014ad0000)
 End Bits:   [0x0000000014ad0000, 0x0000000016a70000)

Polling page: 0x0000000000230000

CodeCache: size=245760Kb used=1764Kb max_used=1764Kb free=243995Kb
 bounds [0x0000000002730000, 0x00000000029a0000, 0x0000000011730000]
 total_blobs=755 nmethods=339 adapters=329
 compilation: enabled

Compilation events (10 events):
Event: 2.553 Thread 0x0000000058a52000  334       3       sun.awt.SunToolkit::getAppContext (42 bytes)
Event: 2.553 Thread 0x0000000058a52000 nmethod 334 0x00000000028e74d0 code [0x00000000028e76c0, 0x00000000028e8088]
Event: 6.000 Thread 0x0000000058a52000  335       1       java.util.concurrent.locks.AbstractQueuedSynchronizer::getState (5 bytes)
Event: 6.000 Thread 0x0000000058a52000 nmethod 335 0x00000000028e8290 code [0x00000000028e83e0, 0x00000000028e84f0]
Event: 6.128 Thread 0x0000000058a52000  336       3       java.util.concurrent.locks.AbstractOwnableSynchronizer::setExclusiveOwnerThread (6 bytes)
Event: 6.128 Thread 0x0000000058a52000 nmethod 336 0x00000000028e8550 code [0x00000000028e86a0, 0x00000000028e8810]
Event: 7.160 Thread 0x0000000058a52000  337       3       java.security.AccessController::getContext (23 bytes)
Event: 7.161 Thread 0x0000000058a52000 nmethod 337 0x00000000028e8c10 code [0x00000000028e8da0, 0x00000000028e9118]
Event: 7.327 Thread 0x0000000058a52000  339       1       java.nio.Buffer::limit (5 bytes)
Event: 7.327 Thread 0x0000000058a52000 nmethod 339 0x00000000028e9490 code [0x00000000028e95e0, 0x00000000028e96f0]

GC Heap History (1 events):
Event: 7.356 GC heap before
{Heap before GC invocations=1 (full 0):
 PSYoungGen      total 38400K, used 33280K [0x00000000d5d80000, 0x00000000d8800000, 0x0000000100000000)
  eden space 33280K, 100% used [0x00000000d5d80000,0x00000000d7e00000,0x00000000d7e00000)
  from space 5120K, 0% used [0x00000000d8300000,0x00000000d8300000,0x00000000d8800000)
  to   space 5120K, 0% used [0x00000000d7e00000,0x00000000d7e00000,0x00000000d8300000)
 ParOldGen       total 87552K, used 0K [0x0000000081800000, 0x0000000086d80000, 0x00000000d5d80000)
  object space 87552K, 0% used [0x0000000081800000,0x0000000081800000,0x0000000086d80000)
 Metaspace       used 7812K, capacity 8066K, committed 8320K, reserved 1056768K
  class space    used 942K, capacity 1030K, committed 1152K, reserved 1048576K

Deoptimization events (0 events):
No events

Internal exceptions (10 events):
Event: 0.115 Thread 0x0000000002368000 Exception <a 'java/security/PrivilegedActionException'> (0x00000000d5e55a58) thrown at [D:\re\workspace\8-2-build-windows-amd64-cygwin\jdk8u92\6642\hotspot\src\share\vm\prims\jvm.cpp, line 1386]
Event: 0.115 Thread 0x0000000002368000 Exception <a 'java/security/PrivilegedActionException'> (0x00000000d5e55c68) thrown at [D:\re\workspace\8-2-build-windows-amd64-cygwin\jdk8u92\6642\hotspot\src\share\vm\prims\jvm.cpp, line 1386]
Event: 0.115 Thread 0x0000000002368000 Exception <a 'java/security/PrivilegedActionException'> (0x00000000d5e59810) thrown at [D:\re\workspace\8-2-build-windows-amd64-cygwin\jdk8u92\6642\hotspot\src\share\vm\prims\jvm.cpp, line 1386]
Event: 0.115 Thread 0x0000000002368000 Exception <a 'java/security/PrivilegedActionException'> (0x00000000d5e59a20) thrown at [D:\re\workspace\8-2-build-windows-amd64-cygwin\jdk8u92\6642\hotspot\src\share\vm\prims\jvm.cpp, line 1386]
Event: 0.122 Thread 0x0000000002368000 Exception <a 'java/io/FileNotFoundException'> (0x00000000d5e63838) thrown at [D:\re\workspace\8-2-build-windows-amd64-cygwin\jdk8u92\6642\hotspot\src\share\vm\prims\jni.cpp, line 709]
Event: 0.160 Thread 0x0000000002368000 Exception <a 'java/lang/NoSuchFieldError': method resolution failed> (0x00000000d5fd7188) thrown at [D:\re\workspace\8-2-build-windows-amd64-cygwin\jdk8u92\6642\hotspot\src\share\vm\prims\methodHandles.cpp, line 1146]
Event: 0.162 Thread 0x0000000002368000 Exception <a 'java/lang/NoSuchFieldError': method resolution failed> (0x00000000d5fe4558) thrown at [D:\re\workspace\8-2-build-windows-amd64-cygwin\jdk8u92\6642\hotspot\src\share\vm\prims\methodHandles.cpp, line 1146]
Event: 0.216 Thread 0x000000005afac800 Exception <a 'java/io/FileNotFoundException'> (0x00000000d6179d88) thrown at [D:\re\workspace\8-2-build-windows-amd64-cygwin\jdk8u92\6642\hotspot\src\share\vm\prims\jni.cpp, line 709]
Event: 0.274 Thread 0x000000005afac800 Exception <a 'java/io/FileNotFoundException'> (0x00000000d62d90e0) thrown at [D:\re\workspace\8-2-build-windows-amd64-cygwin\jdk8u92\6642\hotspot\src\share\vm\prims\jni.cpp, line 709]
Event: 0.274 Thread 0x000000005afac800 Exception <a 'java/lang/NullPointerException'> (0x00000000d62d9718) thrown at [D:\re\workspace\8-2-build-windows-amd64-cygwin\jdk8u92\6642\hotspot\src\share\vm\interpreter\linkResolver.cpp, line 1178]

Events (10 events):
Event: 0.306 loading class sun/awt/image/NativeLibLoader$1 done
Event: 0.310 loading class java/applet/Applet
Event: 0.310 loading class java/awt/Panel
Event: 0.310 loading class java/awt/Panel done
Event: 0.310 loading class java/applet/Applet done
Event: 0.311 loading class photonApi/FloatArrayRef
Event: 0.311 loading class photonApi/FloatArrayRef done
Event: 4.221 Executing VM operation: EnableBiasedLocking
Event: 4.221 Executing VM operation: EnableBiasedLocking done
Event: 7.356 Executing VM operation: ParallelGCFailedAllocation


Dynamic libraries:
0x000000013f590000 - 0x000000013f5c7000 	C:\Program Files\Java\jre1.8.0_92\bin\javaw.exe
0x0000000076e60000 - 0x000000007700a000 	C:\Windows\SYSTEM32\ntdll.dll
0x0000000076c40000 - 0x0000000076d5f000 	C:\Windows\system32\kernel32.dll
0x000007fefcd70000 - 0x000007fefcdda000 	C:\Windows\system32\KERNELBASE.dll
0x000007fefed40000 - 0x000007fefee1b000 	C:\Windows\system32\ADVAPI32.dll
0x000007fefe710000 - 0x000007fefe7af000 	C:\Windows\system32\msvcrt.dll
0x000007fefe5c0000 - 0x000007fefe5df000 	C:\Windows\SYSTEM32\sechost.dll
0x000007fefe5e0000 - 0x000007fefe70d000 	C:\Windows\system32\RPCRT4.dll
0x0000000076d60000 - 0x0000000076e5a000 	C:\Windows\system32\USER32.dll
0x000007fefe550000 - 0x000007fefe5b7000 	C:\Windows\system32\GDI32.dll
0x000007feff160000 - 0x000007feff16e000 	C:\Windows\system32\LPK.dll
0x000007fefea60000 - 0x000007fefeb2a000 	C:\Windows\system32\USP10.dll
0x000007fefb530000 - 0x000007fefb724000 	C:\Windows\WinSxS\amd64_microsoft.windows.common-controls_6595b64144ccf1df_6.0.7601.18837_none_fa3b1e3d17594757\COMCTL32.dll
0x000007fefeb30000 - 0x000007fefeba1000 	C:\Windows\system32\SHLWAPI.dll
0x000007fefd1d0000 - 0x000007fefd1fe000 	C:\Windows\system32\IMM32.DLL
0x000007fefe8d0000 - 0x000007fefe9d9000 	C:\Windows\system32\MSCTF.dll
0x000007fefcac0000 - 0x000007fefcaf2000 	C:\Windows\system32\nvinitx.dll
0x000007fefcab0000 - 0x000007fefcabc000 	C:\Windows\system32\VERSION.dll
0x00000000747b0000 - 0x00000000747b6000 	C:\Program Files\NVIDIA Corporation\CoProcManager\detoured.dll
0x000007fefa030000 - 0x000007fefa068000 	C:\Program Files\NVIDIA Corporation\CoProcManager\nvd3d9wrapx.dll
0x000007fefcf50000 - 0x000007fefd127000 	C:\Windows\system32\SETUPAPI.dll
0x000007fefcbb0000 - 0x000007fefcbe6000 	C:\Windows\system32\CFGMGR32.dll
0x000007fefe260000 - 0x000007fefe33a000 	C:\Windows\system32\OLEAUT32.dll
0x000007fefe340000 - 0x000007fefe543000 	C:\Windows\system32\ole32.dll
0x000007fefcc40000 - 0x000007fefcc5a000 	C:\Windows\system32\DEVOBJ.dll
0x000007fef9ff0000 - 0x000007fefa014000 	C:\Program Files\NVIDIA Corporation\CoProcManager\nvdxgiwrapx.dll
0x000000006d050000 - 0x000000006d122000 	C:\Program Files\Java\jre1.8.0_92\bin\msvcr100.dll
0x00000000633a0000 - 0x0000000063c36000 	C:\Program Files\Java\jre1.8.0_92\bin\server\jvm.dll
0x000007fef21d0000 - 0x000007fef21d9000 	C:\Windows\system32\WSOCK32.dll
0x000007fefea00000 - 0x000007fefea4d000 	C:\Windows\system32\WS2_32.dll
0x000007fefea50000 - 0x000007fefea58000 	C:\Windows\system32\NSI.dll
0x000007fef98e0000 - 0x000007fef991b000 	C:\Windows\system32\WINMM.dll
0x0000000077020000 - 0x0000000077027000 	C:\Windows\system32\PSAPI.DLL
0x0000000064e20000 - 0x0000000064e2f000 	C:\Program Files\Java\jre1.8.0_92\bin\verify.dll
0x0000000064ae0000 - 0x0000000064b09000 	C:\Program Files\Java\jre1.8.0_92\bin\java.dll
0x0000000064ac0000 - 0x0000000064ad6000 	C:\Program Files\Java\jre1.8.0_92\bin\zip.dll
0x000007fefd4d0000 - 0x000007fefe25a000 	C:\Windows\system32\SHELL32.dll
0x000007fefcb90000 - 0x000007fefcb9f000 	C:\Windows\system32\profapi.dll
0x000007fee86e0000 - 0x000007fee872c000 	C:\Users\FatCat\Desktop\Photon-v2\Photon-v2_library\Engine\Lib\Engine.dll
0x000007fefa0d0000 - 0x000007fefa0d3000 	C:\Windows\system32\api-ms-win-core-synch-l1-2-0.DLL
0x000007fee94b0000 - 0x000007fee94eb000 	C:\Users\FatCat\Desktop\Photon-v2\Photon-v2_library\JNI\JNI.dll
0x000000006aa90000 - 0x000000006ac28000 	C:\Program Files\Java\jre1.8.0_92\bin\awt.dll
0x000007fefb0e0000 - 0x000007fefb136000 	C:\Windows\system32\uxtheme.dll
0x0000000180000000 - 0x0000000180054000 	C:\Program Files (x86)\Lenovo\Onekey Theater\ActiveDetect64.dll
0x00000000025e0000 - 0x000000000260b000 	C:\Program Files (x86)\Lenovo\Onekey Theater\WindowsApiHookDll64.dll
0x000007fefad10000 - 0x000007fefad28000 	C:\Windows\system32\dwmapi.dll
0x000007fefc980000 - 0x000007fefc98f000 	C:\Windows\system32\CRYPTBASE.dll
0x000000006d200000 - 0x000000006d247000 	C:\Program Files\Java\jre1.8.0_92\bin\fontmanager.dll
0x000007fefe7b0000 - 0x000007fefe849000 	C:\Windows\system32\CLBCatQ.DLL
0x000007fef44b0000 - 0x000007fef45d5000 	C:\Windows\system32\dbghelp.dll

VM Arguments:
jvm_args: -Djava.library.path=C:\Users\FatCat\Desktop\Photon-v2\Photon-v2_library -Dfile.encoding=MS950 
java_command: core.Main
java_class_path (initial): C:\Users\FatCat\Desktop\Photon-v2\EditorApplication\bin
Launcher Type: SUN_STANDARD

Environment Variables:
PATH=C:/Program Files/Java/jre1.8.0_92/bin/server;C:/Program Files/Java/jre1.8.0_92/bin;C:/Program Files/Java/jre1.8.0_92/lib/amd64;C:\ProgramData\Oracle\Java\javapath;D:\Program Files\Tecplot\Tecplot 360 EX 2014 R1\bin;C:\Program Files\Microsoft HPC Pack 2008 R2\Bin\;C:\Program Files (x86)\VNI\imsl\fnl600\Intel64\lib;C:\Program files\MPICH2\bin;C:\Program Files (x86)\VNI\imsl\fnl600\IA64\lib;C:\Program Files (x86)\VNI\imsl\fnl600\IA32\lib;C:\Program files\MPICH2\bin;C:\Program Files (x86)\Intel\Compiler\11.1\048\lib\Intel64;C:\Program Files (x86)\Intel\Compiler\11.1\048\lib\ia32;C:\Program Files (x86)\Intel\Compiler\11.1\048\mkl\em64t\bin;C:\cygwin64\bin;C:\cygwin64\usr\bin;C:\cygwin64\usr\local\bin;C:\cygwin64\lib;C:\cygwin64\usr\lib;C:\Program Files (x86)\Microsoft SQL Server\90\Tools\binn\;C:\Windows\System32;C:\Program Files\Common Files\Autodesk Shared\;C:\Program Files\Java\jdk1.8.0_40\bin;C:\Program Files\Git\cmd;C:\Program Files (x86)\Skype\Phone\;C:\Program Files (x86)\GtkSharp\2.12\bin;C:\Program Files\Microsoft SQL Server\110\Tools\Binn\;C:\Program Files (x86)\NVIDIA Corporation\PhysX\Common;C:\Program Files\Microsoft SQL Server\120\Tools\Binn\;C:\Program Files (x86)\Windows Kits\8.1\Windows Performance Toolkit\;C:\Program Files\Intel\WiFi\bin\;C:\Program Files\Common Files\Intel\WirelessCommon\;C:\Program Files (x86)\HDRSee;C:\Program Files\eclipse mars;
USERNAME=FatCat
OS=Windows_NT
PROCESSOR_IDENTIFIER=Intel64 Family 6 Model 58 Stepping 9, GenuineIntel



---------------  S Y S T E M  ---------------

OS: Windows 7 , 64 bit Build 7601 (6.1.7601.23543)

CPU:total 8 (4 cores per cpu, 2 threads per core) family 6 model 58 stepping 9, cmov, cx8, fxsr, mmx, sse, sse2, sse3, ssse3, sse4.1, sse4.2, popcnt, avx, aes, clmul, erms, ht, tsc, tscinvbit, tscinv

Memory: 4k page, physical 8288620k(2636348k free), swap 16575380k(8768312k free)

vm_info: Java HotSpot(TM) 64-Bit Server VM (25.92-b14) for windows-amd64 JRE (1.8.0_92-b14), built on Mar 31 2016 21:03:04 by "java_re" with MS VC++ 10.0 (VS2010)

time: Wed Nov 02 01:22:08 2016
elapsed time: 7 seconds (0d 0h 0m 7s)

