#
# A fatal error has been detected by the Java Runtime Environment:
#
#  EXCEPTION_ACCESS_VIOLATION (0xc0000005) at pc=0x000007fee9426030, pid=7728, tid=0x00000000000001bc
#
# JRE version: Java(TM) SE Runtime Environment (8.0_92-b14) (build 1.8.0_92-b14)
# Java VM: Java HotSpot(TM) 64-Bit Server VM (25.92-b14 mixed mode windows-amd64 compressed oops)
# Problematic frame:
# C  [Engine.dll+0x26030]  ph::Renderer::render+0x1e0
#
# Failed to write core dump. Minidumps are not enabled by default on client versions of Windows
#
# If you would like to submit a bug report, please visit:
#   http://bugreport.java.com/bugreport/crash.jsp
# The crash happened outside the Java Virtual Machine in native code.
# See problematic frame for where to report the bug.
#

---------------  T H R E A D  ---------------

Current thread (0x000000005ac27800):  JavaThread "JavaFX Application Thread" [_thread_in_native, id=444, stack(0x000000005b9e0000,0x000000005bae0000)]

siginfo: ExceptionCode=0xc0000005, reading address 0x000000000000000c

Registers:
RAX=0x000000005badc3c8, RBX=0x0000000000000000, RCX=0x000000005df3aec0, RDX=0x0000000000000000
RSP=0x000000005badc250, RBP=0x000000005badc350, RSI=0x000000005de8d0f0, RDI=0x0000000000000000
R8 =0x000000005df3ae80, R9 =0x000000005df3ae70, R10=0x0000000000000000, R11=0x000000005badc400
R12=0x0000000000000000, R13=0x0000000000000000, R14=0x000000005de8d0e8, R15=0x0000000000000000
RIP=0x000007fee9426030, EFLAGS=0x0000000000010202

Top of Stack: (sp=0x000000005badc250)
0x000000005badc250:   0000000000000000 000000005de8d0f0
0x000000005badc260:   00000000ffffffff 000000005de8d0f0
0x000000005badc270:   0000000000000000 000000000000000f
0x000000005badc280:   0000000000000000 0000000000000000
0x000000005badc290:   000000005de8d028 000000000000000f
0x000000005badc2a0:   000000005badc200 0000000000000000
0x000000005badc2b0:   0000000000000000 000000000000000f
0x000000005badc2c0:   fffffffffffffffe 0000000000000000
0x000000005badc2d0:   0000000000000000 0000000000000000
0x000000005badc2e0:   0000000000000000 0000000000000000
0x000000005badc2f0:   0000000000000000 0000000000000000
0x000000005badc300:   0000000000000000 0000000000000001
0x000000005badc310:   0000000000000400 000000005badc328
0x000000005badc320:   0000000000000000 fffffffffffffffe
0x000000005badc330:   0000000000000000 0000000000000000
0x000000005badc340:   0000000000000000 0000000000000000 

Instructions: (pc=0x000007fee9426030)
0x000007fee9426010:   48 89 85 88 00 00 00 41 8b 16 48 8d 4d 78 e8 3d
0x000007fee9426020:   0a 00 00 90 0f 57 c0 f3 0f 7f 45 58 48 89 5d 68
0x000007fee9426030:   41 8b 45 0c 41 8b 4d 08 48 8d 3d d9 16 3b 00 48
0x000007fee9426040:   89 7c 24 60 89 4c 24 68 89 44 24 6c 0f 11 45 30 


Register to memory mapping:

RAX=0x000000005badc3c8 is pointing into the stack for thread: 0x000000005ac27800
RBX=0x0000000000000000 is an unknown value
RCX=0x000000005df3aec0 is an unknown value
RDX=0x0000000000000000 is an unknown value
RSP=0x000000005badc250 is pointing into the stack for thread: 0x000000005ac27800
RBP=0x000000005badc350 is pointing into the stack for thread: 0x000000005ac27800
RSI=0x000000005de8d0f0 is an unknown value
RDI=0x0000000000000000 is an unknown value
R8 =0x000000005df3ae80 is an unknown value
R9 =0x000000005df3ae70 is an unknown value
R10=0x0000000000000000 is an unknown value
R11=0x000000005badc400 is pointing into the stack for thread: 0x000000005ac27800
R12=0x0000000000000000 is an unknown value
R13=0x0000000000000000 is an unknown value
R14=0x000000005de8d0e8 is an unknown value
R15=0x0000000000000000 is an unknown value


Stack: [0x000000005b9e0000,0x000000005bae0000],  sp=0x000000005badc250,  free space=1008k
Native frames: (J=compiled Java code, j=interpreted, Vv=VM code, C=native code)
C  [Engine.dll+0x26030]  ph::Renderer::render+0x1e0
C  [Engine.dll+0x1bee7]  phRender+0x37
C  0x0000000002707f34

Java frames: (J=compiled Java code, j=interpreted, Vv=VM code)
j  photonApi.Ph.phRender(J)V+0
j  photonCore.PhEngine.render()V+4
j  app.EngineTaskController.loadAndRenderScene()V+33
j  app.EngineTaskController.startRenderingBtnClicked(Ljavafx/scene/input/MouseEvent;)V+1
v  ~StubRoutines::call_stub
j  sun.reflect.NativeMethodAccessorImpl.invoke0(Ljava/lang/reflect/Method;Ljava/lang/Object;[Ljava/lang/Object;)Ljava/lang/Object;+0
j  sun.reflect.NativeMethodAccessorImpl.invoke(Ljava/lang/Object;[Ljava/lang/Object;)Ljava/lang/Object;+100
J 1035 C1 sun.reflect.DelegatingMethodAccessorImpl.invoke(Ljava/lang/Object;[Ljava/lang/Object;)Ljava/lang/Object; (10 bytes) @ 0x0000000002a89104 [0x0000000002a89000+0x104]
J 1034 C1 java.lang.reflect.Method.invoke(Ljava/lang/Object;[Ljava/lang/Object;)Ljava/lang/Object; (62 bytes) @ 0x0000000002a8b7e4 [0x0000000002a8b400+0x3e4]
j  sun.reflect.misc.Trampoline.invoke(Ljava/lang/reflect/Method;Ljava/lang/Object;[Ljava/lang/Object;)Ljava/lang/Object;+7
j  sun.reflect.GeneratedMethodAccessor1.invoke(Ljava/lang/Object;[Ljava/lang/Object;)Ljava/lang/Object;+40
J 1035 C1 sun.reflect.DelegatingMethodAccessorImpl.invoke(Ljava/lang/Object;[Ljava/lang/Object;)Ljava/lang/Object; (10 bytes) @ 0x0000000002a89104 [0x0000000002a89000+0x104]
J 1034 C1 java.lang.reflect.Method.invoke(Ljava/lang/Object;[Ljava/lang/Object;)Ljava/lang/Object; (62 bytes) @ 0x0000000002a8b7e4 [0x0000000002a8b400+0x3e4]
j  sun.reflect.misc.MethodUtil.invoke(Ljava/lang/reflect/Method;Ljava/lang/Object;[Ljava/lang/Object;)Ljava/lang/Object;+20
j  javafx.fxml.FXMLLoader$MethodHandler.invoke([Ljava/lang/Object;)V+19
j  javafx.fxml.FXMLLoader$ControllerMethodEventHandler.handle(Ljavafx/event/Event;)V+12
J 1708 C1 com.sun.javafx.event.CompositeEventHandler.dispatchBubblingEvent(Ljavafx/event/Event;)V (57 bytes) @ 0x0000000002c2e084 [0x0000000002c2dcc0+0x3c4]
J 1537 C1 com.sun.javafx.event.EventHandlerManager.dispatchBubblingEvent(Ljavafx/event/Event;)Ljavafx/event/Event; (23 bytes) @ 0x0000000002bdd8b4 [0x0000000002bdd260+0x654]
J 2409 C2 com.sun.javafx.event.BasicEventDispatcher.dispatchEvent(Ljavafx/event/Event;Ljavafx/event/EventDispatchChain;)Ljavafx/event/Event; (44 bytes) @ 0x0000000002e4201c [0x0000000002e41ec0+0x15c]
J 2409 C2 com.sun.javafx.event.BasicEventDispatcher.dispatchEvent(Ljavafx/event/Event;Ljavafx/event/EventDispatchChain;)Ljavafx/event/Event; (44 bytes) @ 0x0000000002e41f90 [0x0000000002e41ec0+0xd0]
J 2409 C2 com.sun.javafx.event.BasicEventDispatcher.dispatchEvent(Ljavafx/event/Event;Ljavafx/event/EventDispatchChain;)Ljavafx/event/Event; (44 bytes) @ 0x0000000002e41f90 [0x0000000002e41ec0+0xd0]
J 2409 C2 com.sun.javafx.event.BasicEventDispatcher.dispatchEvent(Ljavafx/event/Event;Ljavafx/event/EventDispatchChain;)Ljavafx/event/Event; (44 bytes) @ 0x0000000002e41f90 [0x0000000002e41ec0+0xd0]
J 2409 C2 com.sun.javafx.event.BasicEventDispatcher.dispatchEvent(Ljavafx/event/Event;Ljavafx/event/EventDispatchChain;)Ljavafx/event/Event; (44 bytes) @ 0x0000000002e41f90 [0x0000000002e41ec0+0xd0]
J 2409 C2 com.sun.javafx.event.BasicEventDispatcher.dispatchEvent(Ljavafx/event/Event;Ljavafx/event/EventDispatchChain;)Ljavafx/event/Event; (44 bytes) @ 0x0000000002e41f90 [0x0000000002e41ec0+0xd0]
J 2409 C2 com.sun.javafx.event.BasicEventDispatcher.dispatchEvent(Ljavafx/event/Event;Ljavafx/event/EventDispatchChain;)Ljavafx/event/Event; (44 bytes) @ 0x0000000002e41f90 [0x0000000002e41ec0+0xd0]
J 2379 C2 com.sun.javafx.event.EventDispatchChainImpl.dispatchEvent(Ljavafx/event/Event;)Ljavafx/event/Event; (101 bytes) @ 0x0000000002e119f4 [0x0000000002e11960+0x94]
J 2298 C1 com.sun.javafx.event.EventUtil.fireEvent(Ljavafx/event/EventTarget;Ljavafx/event/Event;)Ljavafx/event/Event; (81 bytes) @ 0x0000000002dca67c [0x0000000002dc9f60+0x71c]
J 2332 C1 javafx.scene.Scene$ClickGenerator.postProcess(Ljavafx/scene/input/MouseEvent;Ljavafx/scene/Scene$TargetWrapper;Ljavafx/scene/Scene$TargetWrapper;)V (258 bytes) @ 0x0000000002df513c [0x0000000002df3900+0x183c]
J 2181 C1 javafx.scene.Scene$MouseHandler.process(Ljavafx/scene/input/MouseEvent;Z)V (735 bytes) @ 0x0000000002d65134 [0x0000000002d624a0+0x2c94]
J 2363 C1 javafx.scene.Scene$ScenePeerListener.mouseEvent(Ljavafx/event/EventType;DDDDLjavafx/scene/input/MouseButton;ZZZZZZZZZ)V (50 bytes) @ 0x0000000002e055dc [0x0000000002e05320+0x2bc]
J 2358 C1 com.sun.javafx.tk.quantum.GlassViewEventHandler$MouseEventNotification.run()Ljava/lang/Void; (567 bytes) @ 0x0000000002e07a6c [0x0000000002e06ce0+0xd8c]
J 2357 C1 com.sun.javafx.tk.quantum.GlassViewEventHandler$MouseEventNotification.run()Ljava/lang/Object; (5 bytes) @ 0x0000000002e08b4c [0x0000000002e08ac0+0x8c]
v  ~StubRoutines::call_stub
J 1623  java.security.AccessController.doPrivileged(Ljava/security/PrivilegedAction;Ljava/security/AccessControlContext;)Ljava/lang/Object; (0 bytes) @ 0x0000000002c001e6 [0x0000000002c00180+0x66]
J 2338 C1 com.sun.javafx.tk.quantum.GlassViewEventHandler$$Lambda$169.get()Ljava/lang/Object; (8 bytes) @ 0x0000000002df8834 [0x0000000002df8660+0x1d4]
J 1876 C1 com.sun.javafx.tk.quantum.QuantumToolkit.runWithoutRenderLock(Ljava/util/function/Supplier;)Ljava/lang/Object; (49 bytes) @ 0x0000000002c895cc [0x0000000002c890a0+0x52c]
J 2335 C1 com.sun.javafx.tk.quantum.GlassViewEventHandler.handleMouseEvent(Lcom/sun/glass/ui/View;JIIIIIIIZZ)V (108 bytes) @ 0x0000000002df76d4 [0x0000000002df72c0+0x414]
J 2295 C1 com.sun.glass.ui.View.notifyMouse(IIIIIIIZZ)V (221 bytes) @ 0x0000000002dc887c [0x0000000002dc77e0+0x109c]
v  ~StubRoutines::call_stub
j  com.sun.glass.ui.win.WinApplication._runLoop(Ljava/lang/Runnable;)V+0
j  com.sun.glass.ui.win.WinApplication.lambda$null$148(ILjava/lang/Runnable;)V+8
j  com.sun.glass.ui.win.WinApplication$$Lambda$38.run()V+12
j  java.lang.Thread.run()V+11
v  ~StubRoutines::call_stub

---------------  P R O C E S S  ---------------

Java Threads: ( => current thread )
  0x000000005af50000 JavaThread "Prism Font Disposer" daemon [_thread_blocked, id=4052, stack(0x0000000060350000,0x0000000060450000)]
  0x000000005ac3e000 JavaThread "Thread-3" daemon [_thread_in_native, id=7120, stack(0x000000005d980000,0x000000005da80000)]
  0x000000005ac4c000 JavaThread "JavaFX-Launcher" [_thread_blocked, id=6412, stack(0x000000005e240000,0x000000005e340000)]
=>0x000000005ac27800 JavaThread "JavaFX Application Thread" [_thread_in_native, id=444, stack(0x000000005b9e0000,0x000000005bae0000)]
  0x000000005ac26000 JavaThread "Thread-1" daemon [_thread_blocked, id=4436, stack(0x000000005b7b0000,0x000000005b8b0000)]
  0x000000005abdb000 JavaThread "QuantumRenderer-0" daemon [_thread_blocked, id=3948, stack(0x000000005a670000,0x000000005a770000)]
  0x0000000058b30800 JavaThread "Service Thread" daemon [_thread_blocked, id=7524, stack(0x000000005a240000,0x000000005a340000)]
  0x0000000058a9c800 JavaThread "C1 CompilerThread3" daemon [_thread_blocked, id=6612, stack(0x000000005a780000,0x000000005a880000)]
  0x0000000058a93800 JavaThread "C2 CompilerThread2" daemon [_thread_blocked, id=4252, stack(0x000000005a560000,0x000000005a660000)]
  0x0000000058a8a800 JavaThread "C2 CompilerThread1" daemon [_thread_blocked, id=4368, stack(0x000000005a380000,0x000000005a480000)]
  0x0000000058a75800 JavaThread "C2 CompilerThread0" daemon [_thread_blocked, id=6436, stack(0x000000005a110000,0x000000005a210000)]
  0x0000000058a81800 JavaThread "Attach Listener" daemon [_thread_blocked, id=8964, stack(0x0000000059990000,0x0000000059a90000)]
  0x0000000058a5f000 JavaThread "Signal Dispatcher" daemon [_thread_blocked, id=2072, stack(0x0000000059fa0000,0x000000005a0a0000)]
  0x00000000579b1800 JavaThread "Finalizer" daemon [_thread_blocked, id=5696, stack(0x0000000059db0000,0x0000000059eb0000)]
  0x00000000579a9800 JavaThread "Reference Handler" daemon [_thread_blocked, id=8464, stack(0x0000000059c40000,0x0000000059d40000)]
  0x000000000029f800 JavaThread "main" [_thread_blocked, id=8832, stack(0x0000000002510000,0x0000000002610000)]

Other Threads:
  0x00000000579a0800 VMThread [stack: 0x0000000059b20000,0x0000000059c20000] [id=4816]
  0x0000000058b6d800 WatcherThread [stack: 0x000000005aa00000,0x000000005ab00000] [id=4508]

VM state:not at safepoint (normal execution)

VM Mutex/Monitor currently owned by a thread: None

Heap:
 PSYoungGen      total 38400K, used 16945K [0x00000000d5d80000, 0x00000000d8800000, 0x0000000100000000)
  eden space 33280K, 35% used [0x00000000d5d80000,0x00000000d6910eb8,0x00000000d7e00000)
  from space 5120K, 99% used [0x00000000d7e00000,0x00000000d82fb640,0x00000000d8300000)
  to   space 5120K, 0% used [0x00000000d8300000,0x00000000d8300000,0x00000000d8800000)
 ParOldGen       total 87552K, used 272K [0x0000000081800000, 0x0000000086d80000, 0x00000000d5d80000)
  object space 87552K, 0% used [0x0000000081800000,0x0000000081844010,0x0000000086d80000)
 Metaspace       used 17885K, capacity 18690K, committed 18944K, reserved 1064960K
  class space    used 2540K, capacity 2703K, committed 2816K, reserved 1048576K

Card table byte_map: [0x0000000011ab0000,0x0000000011eb0000] byte_map_base: 0x00000000116a4000

Marking Bits: (ParMarkBitMap*) 0x00000000708c64f0
 Begin Bits: [0x0000000012c80000, 0x0000000014c20000)
 End Bits:   [0x0000000014c20000, 0x0000000016bc0000)

Polling page: 0x0000000000130000

CodeCache: size=245760Kb used=7647Kb max_used=7647Kb free=238112Kb
 bounds [0x00000000026f0000, 0x0000000002e80000, 0x00000000116f0000]
 total_blobs=3102 nmethods=2448 adapters=566
 compilation: enabled

Compilation events (10 events):
Event: 18.579 Thread 0x0000000058a9c800 2444   !   3       java.nio.CharBuffer::wrap (20 bytes)
Event: 18.580 Thread 0x0000000058a9c800 nmethod 2444 0x0000000002e556d0 code [0x0000000002e55860, 0x0000000002e55c18]
Event: 18.580 Thread 0x0000000058a9c800 2447       3       java.nio.charset.CoderResult::isOverflow (14 bytes)
Event: 18.580 Thread 0x0000000058a9c800 nmethod 2447 0x0000000002e55350 code [0x0000000002e554a0, 0x0000000002e55650]
Event: 18.580 Thread 0x0000000058a9c800 2445       3       java.nio.HeapCharBuffer::<init> (14 bytes)
Event: 18.580 Thread 0x0000000058a9c800 nmethod 2445 0x0000000002e54e50 code [0x0000000002e54fc0, 0x0000000002e55208]
Event: 18.580 Thread 0x0000000058a9c800 2446       3       java.nio.Buffer::flip (20 bytes)
Event: 18.580 Thread 0x0000000058a8a800 nmethod 2443 0x0000000002e5a990 code [0x0000000002e5aae0, 0x0000000002e5ac38]
Event: 18.581 Thread 0x0000000058a9c800 nmethod 2446 0x0000000002e5d810 code [0x0000000002e5d960, 0x0000000002e5dad0]
Event: 18.581 Thread 0x0000000058a9c800 2448   !   3       sun.nio.cs.ext.DoubleByte$Encoder::encodeArrayLoop (409 bytes)

GC Heap History (2 events):
Event: 0.902 GC heap before
{Heap before GC invocations=1 (full 0):
 PSYoungGen      total 38400K, used 33280K [0x00000000d5d80000, 0x00000000d8800000, 0x0000000100000000)
  eden space 33280K, 100% used [0x00000000d5d80000,0x00000000d7e00000,0x00000000d7e00000)
  from space 5120K, 0% used [0x00000000d8300000,0x00000000d8300000,0x00000000d8800000)
  to   space 5120K, 0% used [0x00000000d7e00000,0x00000000d7e00000,0x00000000d8300000)
 ParOldGen       total 87552K, used 0K [0x0000000081800000, 0x0000000086d80000, 0x00000000d5d80000)
  object space 87552K, 0% used [0x0000000081800000,0x0000000081800000,0x0000000086d80000)
 Metaspace       used 15503K, capacity 16176K, committed 16256K, reserved 1062912K
  class space    used 2236K, capacity 2360K, committed 2432K, reserved 1048576K
Event: 0.907 GC heap after
Heap after GC invocations=1 (full 0):
 PSYoungGen      total 38400K, used 5101K [0x00000000d5d80000, 0x00000000d8800000, 0x0000000100000000)
  eden space 33280K, 0% used [0x00000000d5d80000,0x00000000d5d80000,0x00000000d7e00000)
  from space 5120K, 99% used [0x00000000d7e00000,0x00000000d82fb640,0x00000000d8300000)
  to   space 5120K, 0% used [0x00000000d8300000,0x00000000d8300000,0x00000000d8800000)
 ParOldGen       total 87552K, used 272K [0x0000000081800000, 0x0000000086d80000, 0x00000000d5d80000)
  object space 87552K, 0% used [0x0000000081800000,0x0000000081844010,0x0000000086d80000)
 Metaspace       used 15503K, capacity 16176K, committed 16256K, reserved 1062912K
  class space    used 2236K, capacity 2360K, committed 2432K, reserved 1048576K
}

Deoptimization events (10 events):
Event: 0.725 Thread 0x000000005ac27800 Uncommon trap: reason=class_check action=maybe_recompile pc=0x0000000002a170c4 method=java.util.HashMap.putVal(ILjava/lang/Object;Ljava/lang/Object;ZZ)Ljava/lang/Object; @ 203
Event: 0.776 Thread 0x000000005ac27800 Uncommon trap: reason=class_check action=maybe_recompile pc=0x0000000002a4a770 method=java.util.HashMap.putVal(ILjava/lang/Object;Ljava/lang/Object;ZZ)Ljava/lang/Object; @ 253
Event: 0.792 Thread 0x000000005ac27800 Uncommon trap: reason=unstable_if action=reinterpret pc=0x0000000002a01990 method=java.lang.String.regionMatches(ZILjava/lang/String;II)Z @ 123
Event: 2.049 Thread 0x000000005ac27800 Uncommon trap: reason=unstable_if action=reinterpret pc=0x00000000029fa628 method=jdk.internal.org.objectweb.asm.Type.getArgumentsAndReturnSizes(Ljava/lang/String;)I @ 47
Event: 2.546 Thread 0x000000005ac27800 Uncommon trap: reason=unstable_if action=reinterpret pc=0x0000000002bcc684 method=javafx.scene.Node.updateLocalToParentTransform()V @ 4
Event: 18.573 Thread 0x000000005ac27800 Uncommon trap: reason=unstable_if action=reinterpret pc=0x0000000002e145d4 method=com.sun.javafx.event.EventDispatchChainImpl.ensureCapacity(I)V @ 19
Event: 18.573 Thread 0x000000005ac27800 Uncommon trap: reason=bimorphic action=maybe_recompile pc=0x0000000002e0abbc method=com.sun.javafx.event.EventHandlerManager.dispatchCapturingEvent(Ljavafx/event/Event;)Ljavafx/event/Event; @ 1
Event: 18.573 Thread 0x000000005ac27800 Uncommon trap: reason=bimorphic action=maybe_recompile pc=0x0000000002e0abbc method=com.sun.javafx.event.EventHandlerManager.dispatchCapturingEvent(Ljavafx/event/Event;)Ljavafx/event/Event; @ 1
Event: 18.573 Thread 0x000000005ac27800 Uncommon trap: reason=bimorphic action=maybe_recompile pc=0x0000000002e0abbc method=com.sun.javafx.event.EventHandlerManager.dispatchCapturingEvent(Ljavafx/event/Event;)Ljavafx/event/Event; @ 1
Event: 18.573 Thread 0x000000005ac27800 Uncommon trap: reason=bimorphic action=maybe_recompile pc=0x0000000002e0abbc method=com.sun.javafx.event.EventHandlerManager.dispatchCapturingEvent(Ljavafx/event/Event;)Ljavafx/event/Event; @ 1

Internal exceptions (10 events):
Event: 0.485 Thread 0x000000005ac27800 Exception <a 'java/lang/ArrayIndexOutOfBoundsException'> (0x00000000d6efe5a8) thrown at [D:\re\workspace\8-2-build-windows-amd64-cygwin\jdk8u92\6642\hotspot\src\share\vm\runtime\sharedRuntime.cpp, line 605]
Event: 0.485 Thread 0x000000005ac27800 Exception <a 'java/lang/ArrayIndexOutOfBoundsException'> (0x00000000d6eff0c0) thrown at [D:\re\workspace\8-2-build-windows-amd64-cygwin\jdk8u92\6642\hotspot\src\share\vm\runtime\sharedRuntime.cpp, line 605]
Event: 0.485 Thread 0x000000005ac27800 Exception <a 'java/lang/ArrayIndexOutOfBoundsException'> (0x00000000d6f00468) thrown at [D:\re\workspace\8-2-build-windows-amd64-cygwin\jdk8u92\6642\hotspot\src\share\vm\runtime\sharedRuntime.cpp, line 605]
Event: 0.503 Thread 0x000000005ac27800 Exception <a 'java/lang/ArrayIndexOutOfBoundsException'> (0x00000000d6fabb60) thrown at [D:\re\workspace\8-2-build-windows-amd64-cygwin\jdk8u92\6642\hotspot\src\share\vm\runtime\sharedRuntime.cpp, line 605]
Event: 0.503 Thread 0x000000005ac27800 Exception <a 'java/lang/ArrayIndexOutOfBoundsException'> (0x00000000d6fadca0) thrown at [D:\re\workspace\8-2-build-windows-amd64-cygwin\jdk8u92\6642\hotspot\src\share\vm\runtime\sharedRuntime.cpp, line 605]
Event: 0.538 Thread 0x000000005ac27800 Implicit null exception at 0x0000000002987e25 to 0x0000000002988035
Event: 0.787 Thread 0x000000005ac27800 Exception <a 'java/lang/ArrayIndexOutOfBoundsException'> (0x00000000d792c830) thrown at [D:\re\workspace\8-2-build-windows-amd64-cygwin\jdk8u92\6642\hotspot\src\share\vm\runtime\sharedRuntime.cpp, line 605]
Event: 0.789 Thread 0x000000005ac27800 Exception <a 'java/lang/ArrayIndexOutOfBoundsException'> (0x00000000d793d5d0) thrown at [D:\re\workspace\8-2-build-windows-amd64-cygwin\jdk8u92\6642\hotspot\src\share\vm\runtime\sharedRuntime.cpp, line 605]
Event: 18.573 Thread 0x000000005ac27800 Implicit null exception at 0x0000000002e142fd to 0x0000000002e145b5
Event: 18.574 Thread 0x000000005ac27800 Exception <a 'java/io/FileNotFoundException'> (0x00000000d68b60b8) thrown at [D:\re\workspace\8-2-build-windows-amd64-cygwin\jdk8u92\6642\hotspot\src\share\vm\prims\jni.cpp, line 709]

Events (10 events):
Event: 18.573 Thread 0x000000005ac27800 DEOPT UNPACKING pc=0x000000000273582a sp=0x000000005badcda0 mode 2
Event: 18.573 Thread 0x000000005ac27800 Uncommon trap: trap_request=0xffffffc6 fr.pc=0x0000000002e0abbc
Event: 18.573 Thread 0x000000005ac27800 DEOPT PACKING pc=0x0000000002e0abbc sp=0x000000005badcd10
Event: 18.573 Thread 0x000000005ac27800 DEOPT UNPACKING pc=0x000000000273582a sp=0x000000005badcd40 mode 2
Event: 18.574 loading class java/lang/Throwable$WrappedPrintStream
Event: 18.576 loading class java/lang/Throwable$PrintStreamOrWriter
Event: 18.576 loading class java/lang/Throwable$PrintStreamOrWriter done
Event: 18.576 loading class java/lang/Throwable$WrappedPrintStream done
Event: 18.577 loading class java/util/IdentityHashMap$KeySet
Event: 18.577 loading class java/util/IdentityHashMap$KeySet done


Dynamic libraries:
0x000000013f2e0000 - 0x000000013f317000 	C:\Program Files\Java\jdk1.8.0_92\bin\javaw.exe
0x0000000077a20000 - 0x0000000077bca000 	C:\Windows\SYSTEM32\ntdll.dll
0x0000000077900000 - 0x0000000077a1f000 	C:\Windows\system32\kernel32.dll
0x000007fefd7f0000 - 0x000007fefd85a000 	C:\Windows\system32\KERNELBASE.dll
0x000007feff890000 - 0x000007feff96b000 	C:\Windows\system32\ADVAPI32.dll
0x000007feff710000 - 0x000007feff7af000 	C:\Windows\system32\msvcrt.dll
0x000007fefde00000 - 0x000007fefde1f000 	C:\Windows\SYSTEM32\sechost.dll
0x000007fefe2f0000 - 0x000007fefe41d000 	C:\Windows\system32\RPCRT4.dll
0x0000000077800000 - 0x00000000778fa000 	C:\Windows\system32\USER32.dll
0x000007fefe720000 - 0x000007fefe787000 	C:\Windows\system32\GDI32.dll
0x000007fefe5e0000 - 0x000007fefe5ee000 	C:\Windows\system32\LPK.dll
0x000007fefe5f0000 - 0x000007fefe6ba000 	C:\Windows\system32\USP10.dll
0x000007fefc100000 - 0x000007fefc2f4000 	C:\Windows\WinSxS\amd64_microsoft.windows.common-controls_6595b64144ccf1df_6.0.7601.18837_none_fa3b1e3d17594757\COMCTL32.dll
0x000007fefde20000 - 0x000007fefde91000 	C:\Windows\system32\SHLWAPI.dll
0x000007fefe5b0000 - 0x000007fefe5de000 	C:\Windows\system32\IMM32.DLL
0x000007fefe420000 - 0x000007fefe529000 	C:\Windows\system32\MSCTF.dll
0x000007fefd640000 - 0x000007fefd672000 	C:\Windows\system32\nvinitx.dll
0x000007fefd630000 - 0x000007fefd63c000 	C:\Windows\system32\VERSION.dll
0x0000000071c80000 - 0x0000000071c86000 	C:\Program Files\NVIDIA Corporation\CoProcManager\detoured.dll
0x000007fef5c50000 - 0x000007fef5c88000 	C:\Program Files\NVIDIA Corporation\CoProcManager\nvd3d9wrapx.dll
0x000007feff530000 - 0x000007feff707000 	C:\Windows\system32\SETUPAPI.dll
0x000007fefd9f0000 - 0x000007fefda26000 	C:\Windows\system32\CFGMGR32.dll
0x000007feff7b0000 - 0x000007feff88a000 	C:\Windows\system32\OLEAUT32.dll
0x000007fefe0f0000 - 0x000007fefe2ec000 	C:\Windows\system32\ole32.dll
0x000007fefd860000 - 0x000007fefd87a000 	C:\Windows\system32\DEVOBJ.dll
0x000007fef5c20000 - 0x000007fef5c44000 	C:\Program Files\NVIDIA Corporation\CoProcManager\nvdxgiwrapx.dll
0x0000000069d50000 - 0x0000000069e22000 	C:\Program Files\Java\jdk1.8.0_92\jre\bin\msvcr100.dll
0x00000000700b0000 - 0x0000000070946000 	C:\Program Files\Java\jdk1.8.0_92\jre\bin\server\jvm.dll
0x000007fef82f0000 - 0x000007fef82f9000 	C:\Windows\system32\WSOCK32.dll
0x000007feff970000 - 0x000007feff9bd000 	C:\Windows\system32\WS2_32.dll
0x000007feff520000 - 0x000007feff528000 	C:\Windows\system32\NSI.dll
0x000007fef9210000 - 0x000007fef924b000 	C:\Windows\system32\WINMM.dll
0x0000000077bf0000 - 0x0000000077bf7000 	C:\Windows\system32\PSAPI.DLL
0x0000000072570000 - 0x000000007257f000 	C:\Program Files\Java\jdk1.8.0_92\jre\bin\verify.dll
0x000000006a0b0000 - 0x000000006a0d9000 	C:\Program Files\Java\jdk1.8.0_92\jre\bin\java.dll
0x000000006a090000 - 0x000000006a0a6000 	C:\Program Files\Java\jdk1.8.0_92\jre\bin\zip.dll
0x000007fefe790000 - 0x000007feff51a000 	C:\Windows\system32\SHELL32.dll
0x000007fefd710000 - 0x000007fefd71f000 	C:\Windows\system32\profapi.dll
0x000007fef19f0000 - 0x000007fef1adf000 	C:\Program Files\Java\jdk1.8.0_92\jre\bin\msvcr120.dll
0x000007fef6270000 - 0x000007fef6316000 	C:\Program Files\Java\jdk1.8.0_92\jre\bin\msvcp120.dll
0x000000006a060000 - 0x000000006a082000 	C:\Program Files\Java\jdk1.8.0_92\jre\bin\prism_d3d.dll
0x000007fef1280000 - 0x000007fef147f000 	C:\Windows\system32\d3d9.dll
0x000007fefb560000 - 0x000007fefb567000 	C:\Windows\system32\d3d8thk.dll
0x000007fefbc40000 - 0x000007fefbc58000 	C:\Windows\system32\dwmapi.dll
0x000007fefd770000 - 0x000007fefd7ab000 	C:\Windows\system32\WINTRUST.dll
0x000007fefd880000 - 0x000007fefd9ed000 	C:\Windows\system32\CRYPT32.dll
0x000007fefd720000 - 0x000007fefd72f000 	C:\Windows\system32\MSASN1.dll
0x000007fefbbe0000 - 0x000007fefbc36000 	C:\Windows\system32\uxtheme.dll
0x000007fef5b00000 - 0x000007fef5b7f000 	C:\Windows\system32\nvumdshimx.dll
0x0000000180000000 - 0x00000001807ca000 	C:\Windows\system32\igdumd64.dll
0x000007feeab00000 - 0x000007feebb69000 	C:\Windows\system32\nvd3dumx.dll
0x000000006cb20000 - 0x000000006cb63000 	C:\Program Files\Java\jdk1.8.0_92\jre\bin\glass.dll
0x000007fefe030000 - 0x000007fefe0c7000 	C:\Windows\system32\COMDLG32.dll
0x0000000002480000 - 0x00000000024d4000 	C:\Program Files (x86)\Lenovo\Onekey Theater\ActiveDetect64.dll
0x0000000002240000 - 0x000000000226b000 	C:\Program Files (x86)\Lenovo\Onekey Theater\WindowsApiHookDll64.dll
0x000007fefd560000 - 0x000007fefd56f000 	C:\Windows\system32\CRYPTBASE.dll
0x000007fefc020000 - 0x000007fefc04c000 	C:\Windows\system32\powrprof.dll
0x000007feea940000 - 0x000007feeaaf7000 	C:\Windows\system32\nvspcap64.dll
0x000007fef8b20000 - 0x000007fef8b91000 	C:\Windows\system32\WINHTTP.dll
0x000007fef8ab0000 - 0x000007fef8b15000 	C:\Windows\system32\webio.dll
0x000007fef52e0000 - 0x000007fef56b0000 	C:\Windows\system32\nvapi64.dll
0x000007fefd4d0000 - 0x000007fefd4f5000 	C:\Windows\system32\SspiCli.dll
0x000007fee9400000 - 0x000007fee9906000 	C:\Users\FatCat\Desktop\Photon-v2\Photon-v2_library\Engine\Lib\Engine.dll
0x000007fef6ae0000 - 0x000007fef6ae3000 	C:\Windows\system32\api-ms-win-core-synch-l1-2-0.DLL
0x000007fef63a0000 - 0x000007fef63de000 	C:\Users\FatCat\Desktop\Photon-v2\Photon-v2_library\JNI\JNI.dll
0x000000006a040000 - 0x000000006a054000 	C:\Program Files\Java\jdk1.8.0_92\jre\bin\javafx_font.dll
0x000007feea370000 - 0x000007feea507000 	C:\Windows\system32\dwrite.dll
0x000007feffc90000 - 0x000007feffd29000 	C:\Windows\system32\CLBCatQ.DLL
0x000007fefb670000 - 0x000007fefb7d1000 	C:\Windows\system32\WindowsCodecs.dll
0x000007fefd500000 - 0x000007fefd557000 	C:\Windows\system32\apphelp.dll
0x000007fef3d70000 - 0x000007fef3da5000 	C:\Windows\system32\EhStorShell.dll
0x000007fefbe70000 - 0x000007fefbf9c000 	C:\Windows\system32\PROPSYS.dll
0x000007fef3700000 - 0x000007fef3d6f000 	C:\PROGRA~1\MICROS~1\Office14\GROOVEEX.DLL
0x0000000074130000 - 0x00000000741d3000 	C:\Windows\WinSxS\amd64_microsoft.vc90.crt_1fc8b3b9a1e18e3b_9.0.30729.6161_none_08e61857a83bc251\MSVCR90.dll
0x0000000074050000 - 0x0000000074123000 	C:\Windows\WinSxS\amd64_microsoft.vc90.crt_1fc8b3b9a1e18e3b_9.0.30729.6161_none_08e61857a83bc251\MSVCP90.dll
0x000000006ebf0000 - 0x000000006ec1f000 	C:\Windows\WinSxS\amd64_microsoft.vc90.atl_1fc8b3b9a1e18e3b_9.0.30729.6161_none_0a1fd3a3a768b895\ATL90.DLL
0x000007fef32e0000 - 0x000007fef36fa000 	C:\PROGRA~1\COMMON~1\MICROS~1\OFFICE14\Cultures\office.odf
0x000007fef2ac0000 - 0x000007fef32d2000 	C:\PROGRA~1\MICROS~1\Office14\1028\GrooveIntlResource.dll
0x000007fef2a40000 - 0x000007fef2abe000 	C:\Windows\System32\cscui.dll
0x000007fef5a20000 - 0x000007fef5a2c000 	C:\Windows\System32\CSCDLL.dll
0x000007fef77e0000 - 0x000007fef77ef000 	C:\Windows\system32\CSCAPI.dll
0x000007fef29c0000 - 0x000007fef2a40000 	C:\Windows\system32\ntshrui.dll
0x000007fefd170000 - 0x000007fefd193000 	C:\Windows\system32\srvcli.dll
0x000007fefaaf0000 - 0x000007fefaafb000 	C:\Windows\system32\slc.dll
0x000007fef6240000 - 0x000007fef626d000 	C:\Program Files\Common Files\Microsoft Shared\Ink\rtscom.dll
0x0000000068bc0000 - 0x0000000068bd1000 	C:\Program Files\Java\jdk1.8.0_92\jre\bin\prism_common.dll
0x000007fefa9c0000 - 0x000007fefaae5000 	C:\Windows\system32\dbghelp.dll

VM Arguments:
jvm_args: -Djava.library.path=C:\Users\FatCat\Desktop\Photon-v2\Photon-v2_library -Dfile.encoding=MS950 
java_command: app.AppMain
java_class_path (initial): C:\Users\FatCat\Desktop\Photon-v2\EditorApplication\bin
Launcher Type: SUN_STANDARD

Environment Variables:
PATH=C:/Program Files/Java/jre1.8.0_92/bin/server;C:/Program Files/Java/jre1.8.0_92/bin;C:/Program Files/Java/jre1.8.0_92/lib/amd64;C:\ProgramData\Oracle\Java\javapath;D:\Program Files\Tecplot\Tecplot 360 EX 2014 R1\bin;C:\Program Files\Microsoft HPC Pack 2008 R2\Bin\;C:\Program Files (x86)\VNI\imsl\fnl600\Intel64\lib;C:\Program files\MPICH2\bin;C:\Program Files (x86)\VNI\imsl\fnl600\IA64\lib;C:\Program Files (x86)\VNI\imsl\fnl600\IA32\lib;C:\Program files\MPICH2\bin;C:\Program Files (x86)\Intel\Compiler\11.1\048\lib\Intel64;C:\Program Files (x86)\Intel\Compiler\11.1\048\lib\ia32;C:\Program Files (x86)\Intel\Compiler\11.1\048\mkl\em64t\bin;C:\cygwin64\bin;C:\cygwin64\usr\bin;C:\cygwin64\usr\local\bin;C:\cygwin64\lib;C:\cygwin64\usr\lib;C:\Program Files (x86)\Microsoft SQL Server\90\Tools\binn\;C:\Windows\System32;C:\Program Files\Common Files\Autodesk Shared\;C:\Program Files\Java\jdk1.8.0_40\bin;C:\Program Files\Git\cmd;C:\Program Files (x86)\Skype\Phone\;C:\Program Files (x86)\GtkSharp\2.12\bin;C:\Program Files\Microsoft SQL Server\110\Tools\Binn\;C:\Program Files (x86)\NVIDIA Corporation\PhysX\Common;C:\Program Files\Microsoft SQL Server\120\Tools\Binn\;C:\Program Files (x86)\Windows Kits\8.1\Windows Performance Toolkit\;C:\Program Files\Intel\WiFi\bin\;C:\Program Files\Common Files\Intel\WirelessCommon\;C:\Program Files (x86)\HDRSee;C:\Modeltech_pe_edu_10.4a\win32pe_edu;C:\Program Files\eclipse mars;
USERNAME=FatCat
OS=Windows_NT
PROCESSOR_IDENTIFIER=Intel64 Family 6 Model 58 Stepping 9, GenuineIntel



---------------  S Y S T E M  ---------------

OS: Windows 7 , 64 bit Build 7601 (6.1.7601.23796)

CPU:total 8 (4 cores per cpu, 2 threads per core) family 6 model 58 stepping 9, cmov, cx8, fxsr, mmx, sse, sse2, sse3, ssse3, sse4.1, sse4.2, popcnt, avx, aes, clmul, erms, ht, tsc, tscinvbit, tscinv

Memory: 4k page, physical 8288620k(3700708k free), swap 16575380k(10825168k free)

vm_info: Java HotSpot(TM) 64-Bit Server VM (25.92-b14) for windows-amd64 JRE (1.8.0_92-b14), built on Mar 31 2016 21:03:04 by "java_re" with MS VC++ 10.0 (VS2010)

time: Sun May 14 10:54:19 2017
elapsed time: 18 seconds (0d 0h 0m 18s)

